Log file open, 06/05/17 16:32:47
LogInit:Display: Running engine for game: VRfpsPrototype
LogPlatformFile: Not using cached read wrapper
LogInit:Display: RandInit(201849634) SRandInit(201849635).
LogTaskGraph: Started task graph with 5 named threads and 10 total threads with 1 sets of task threads.
LogStats: Stats thread started at 0.506772
LogInit: Using libcurl 7.47.1
LogInit:  - built for x86_64-pc-win32
LogInit:  - supports SSL with OpenSSL/1.0.2g
LogInit:  - supports HTTP deflate (compression) using libz 1.2.8
LogInit:  - other features:
LogInit:      CURL_VERSION_SSL
LogInit:      CURL_VERSION_LIBZ
LogInit:      CURL_VERSION_IPV6
LogInit:      CURL_VERSION_ASYNCHDNS
LogInit:      CURL_VERSION_LARGEFILE
LogInit:      CURL_VERSION_IDN
LogInit:  CurlRequestOptions (configurable via config and command line):
LogInit:  - bVerifyPeer = false  - Libcurl will NOT verify peer certificate
LogInit:  - bUseHttpProxy = false  - Libcurl will NOT use HTTP proxy
LogInit:  - bDontReuseConnections = false  - Libcurl will reuse connections
LogInit:  - CertBundlePath = nullptr  - Libcurl will use whatever was configured at build time.
OCULUS: Info: [CAPI] LibOVR module is located at C:\Program Files\Oculus\Support\oculus-runtime\LibOVRRT64_1.dll
OCULUS: Debug: Connected to the server running version (prod = 1).1.15.0(build = 391815) feature version = 0. Client runs version (prod = 1).1.15.0(build = 391815) feature version = 0
OCULUS: Debug: [HMDState] Using default profile default
OCULUS: Info: IAD changed to 59.9mm
OCULUS: Debug: Creating factory
LogHMD: GearVR: Emulating GearVR using Oculus Rift!
LogInit: Build: ++UE4+Release-4.16-CL-3466753
LogInit: Engine Version: 4.16.1-3466753+++UE4+Release-4.16
LogInit: Compatible Engine Version: 4.16.0-3452394+++UE4+Release-4.16
LogInit: Net CL: 3452394
LogDevObjectVersion: Number of dev versions registered: 16
LogDevObjectVersion:   Dev-Blueprints (B0D832E4-1F89-4F0D-ACCF-7EB736FD4AA2): 9
LogDevObjectVersion:   Dev-Build (E1C64328-A22C-4D53-A36C-8E866417BD8C): 0
LogDevObjectVersion:   Dev-Core (375EC13C-06E4-48FB-B500-84F0262A717E): 2
LogDevObjectVersion:   Dev-Editor (E4B068ED-F494-42E9-A231-DA0B2E46BB41): 17
LogDevObjectVersion:   Dev-Framework (CFFC743F-43B0-4480-9391-14DF171D2073): 23
LogDevObjectVersion:   Dev-Mobile (B02B49B5-BB20-44E9-A304-32B752E40360): 0
LogDevObjectVersion:   Dev-Networking (A4E4105C-59A1-49B5-A7C5-40C4547EDFEE): 0
LogDevObjectVersion:   Dev-Online (39C831C9-5AE6-47DC-9A44-9C173E1C8E7C): 0
LogDevObjectVersion:   Dev-Physics (78F01B33-EBEA-4F98-B9B4-84EACCB95AA2): 0
LogDevObjectVersion:   Dev-Platform (6631380F-2D4D-43E0-8009-CF276956A95A): 0
LogDevObjectVersion:   Dev-Rendering (12F88B9F-8875-4AFC-A67C-D90C383ABD29): 15
LogDevObjectVersion:   Dev-Sequencer (7B5AE74C-D270-4C10-A958-57980B212A5A): 4
LogDevObjectVersion:   Dev-VR (D7296918-1DD6-4BDD-9DE2-64A83CC13884): 0
LogDevObjectVersion:   Dev-LoadTimes (C2A15278-BFE7-4AFE-6C17-90FF531DF755): 1
LogDevObjectVersion:   Private-Geometry (6EACA3D4-40EC-4CC1-B786-8BED09428FC5): 1
LogDevObjectVersion:   Dev-AnimPhys (29E575DD-E0A3-4627-9D10-D276232CDCEA): 3
LogInit: Compiled (64-bit): May 31 2017 02:03:30
LogInit: Compiled with Visual C++: 19.00.24215.01
LogInit: Build Configuration: DebugGame
LogInit: Branch Name: ++UE4+Release-4.16
LogInit: Command line:  -skipcompile -debug
LogInit: Base directory: C:/Program Files/Epic Games/UE_4.16/Engine/Binaries/Win64/
LogInit: Installed Engine Build: 1
LogInit: Presizing for max 8388607 objects, including 0 objects not considered by GC, pre-allocating 0 bytes for permanent pool.
LogInit: Object subsystem initialized
[2017.06.05-23.32.48:583][  0]LogInit: Selected Device Profile: [Windows]
[2017.06.05-23.32.48:583][  0]LogInit: Applying CVar settings loaded from the selected device profile: [Windows]
[2017.06.05-23.32.48:603][  0]LogInit: Computer: PLUNABOX
[2017.06.05-23.32.48:603][  0]LogInit: User: pluna
[2017.06.05-23.32.48:603][  0]LogInit: CPU Page size=4096, Cores=6
[2017.06.05-23.32.48:603][  0]LogInit: High frequency timer resolution =3.410073 MHz
[2017.06.05-23.32.48:604][  0]LogMemory: Memory total: Physical=31.9GB (32GB approx)
[2017.06.05-23.32.48:604][  0]LogMemory: Platform Memory Stats for Windows
[2017.06.05-23.32.48:604][  0]LogMemory: Process Physical Memory: 280.56 MB used, 280.56 MB peak
[2017.06.05-23.32.48:604][  0]LogMemory: Process Virtual Memory: 270.43 MB used, 270.43 MB peak
[2017.06.05-23.32.48:604][  0]LogMemory: Physical Memory: 11269.75 MB used,  21396.50 MB free, 32666.25 MB total
[2017.06.05-23.32.48:604][  0]LogMemory: Virtual Memory: 686.36 MB used,  21396.50 MB free, 134217728.00 MB total
[2017.06.05-23.32.48:989][  0]LogInit: Using OS detected language (en-US).
[2017.06.05-23.32.48:989][  0]LogInit: Using OS detected locale (en-US).
[2017.06.05-23.32.49:001][  0]LogTextLocalizationManager: No specific localization for 'en-US' exists, so the 'en' localization will be used.
[2017.06.05-23.32.50:697][  0]LogD3D11RHI: D3D11 adapters:
[2017.06.05-23.32.50:739][  0]LogD3D11RHI:    0. 'NVIDIA GeForce GTX 970' (Feature Level 11_0)
[2017.06.05-23.32.50:739][  0]LogD3D11RHI:       4059/0/16333 MB DedicatedVideo/DedicatedSystem/SharedSystem, Outputs:2, VendorId:0x10de
[2017.06.05-23.32.50:747][  0]LogD3D11RHI:    1. 'Microsoft Basic Render Driver' (Feature Level 11_0)
[2017.06.05-23.32.50:747][  0]LogD3D11RHI:       0/0/16333 MB DedicatedVideo/DedicatedSystem/SharedSystem, Outputs:0, VendorId:0x1414
[2017.06.05-23.32.50:747][  0]LogD3D11RHI: Chosen D3D11 Adapter: 0
[2017.06.05-23.32.50:758][  0]LogD3D11RHI: Creating new Direct3DDevice
[2017.06.05-23.32.50:758][  0]LogD3D11RHI:     GPU DeviceId: 0x13c2 (for the marketing name, search the web for "GPU Device Id")
[2017.06.05-23.32.50:758][  0]LogWindows: EnumDisplayDevices:
[2017.06.05-23.32.50:758][  0]LogWindows:    0. 'NVIDIA GeForce GTX 970' (P:0 D:1)
[2017.06.05-23.32.50:759][  0]LogWindows:    1. 'NVIDIA GeForce GTX 970' (P:1 D:1)
[2017.06.05-23.32.50:759][  0]LogWindows:    2. 'NVIDIA GeForce GTX 970' (P:0 D:0)
[2017.06.05-23.32.50:759][  0]LogWindows:    3. 'NVIDIA GeForce GTX 970' (P:0 D:0)
[2017.06.05-23.32.50:760][  0]LogWindows: DebugString: FoundDriverCount:4 
[2017.06.05-23.32.50:760][  0]LogD3D11RHI:     Adapter Name: NVIDIA GeForce GTX 970
[2017.06.05-23.32.50:760][  0]LogD3D11RHI:   Driver Version: 369.09 (internal:21.21.13.6909, unified:369.09)
[2017.06.05-23.32.50:760][  0]LogD3D11RHI:      Driver Date: 8-1-2016
[2017.06.05-23.32.50:760][  0]LogRHI: Texture pool is 1361 MB (70% of 1945 MB)
[2017.06.05-23.32.50:786][  0]LogD3D11RHI: Async texture creation enabled
[2017.06.05-23.32.50:797][  0]LogD3D11RHI: GPU Timing Frequency: 1000.000000 (Debug: 2 1)
[2017.06.05-23.32.50:888][  0]LogShaderCompilers: Guid format shader working directory is -30 characters bigger than the processId version (../../../../../../Users/PLuna/Documents/GitHub/VRfpsPrototype/VRfpsPrototype/Intermediate/Shaders/WorkingDirectory/6904/).
[2017.06.05-23.32.50:888][  0]LogShaderCompilers: Cleaned the shader compiler working directory 'C:/Users/PLuna/AppData/Local/Temp/UnrealShaderWorkingDir/79F3899649FD1EB2705C2BAF7ECA6C69/'.
[2017.06.05-23.32.50:888][  0]LogShaderCompilers:Display: Using Local Shader Compiler.
[2017.06.05-23.32.53:147][  0]LogTemp:Display: Loaded TP AllDesktopTargetPlatform
[2017.06.05-23.32.53:364][  0]LogTemp:Display: Loaded TP MacClientTargetPlatform
[2017.06.05-23.32.53:581][  0]LogTemp:Display: Loaded TP MacNoEditorTargetPlatform
[2017.06.05-23.32.53:773][  0]LogTemp:Display: Loaded TP MacServerTargetPlatform
[2017.06.05-23.32.53:967][  0]LogTemp:Display: Loaded TP MacTargetPlatform
[2017.06.05-23.32.54:158][  0]LogTemp:Display: Loaded TP WindowsClientTargetPlatform
[2017.06.05-23.32.54:345][  0]LogTemp:Display: Loaded TP WindowsNoEditorTargetPlatform
[2017.06.05-23.32.54:532][  0]LogTemp:Display: Loaded TP WindowsServerTargetPlatform
[2017.06.05-23.32.54:711][  0]LogTemp:Display: Loaded TP WindowsTargetPlatform
[2017.06.05-23.32.54:893][  0]LogTemp:Display: Loaded TP AndroidTargetPlatform
[2017.06.05-23.32.55:075][  0]LogTemp:Display: Loaded TP Android_ASTCTargetPlatform
[2017.06.05-23.32.55:259][  0]LogTemp:Display: Loaded TP Android_ATCTargetPlatform
[2017.06.05-23.32.55:449][  0]LogTemp:Display: Loaded TP Android_DXTTargetPlatform
[2017.06.05-23.32.55:632][  0]LogTemp:Display: Loaded TP Android_ETC1TargetPlatform
[2017.06.05-23.32.55:803][  0]LogTemp:Display: Loaded TP Android_ETC2TargetPlatform
[2017.06.05-23.32.56:138][  0]LogTemp:Display: Loaded TP Android_MultiTargetPlatform
[2017.06.05-23.32.56:138][  0]LogTemp:Display: Loaded TP Android_PVRTCTargetPlatform
[2017.06.05-23.32.56:289][  0]LogTemp:Display: Loaded TP HTML5TargetPlatform
[2017.06.05-23.32.56:572][  0]LogTemp:Display: Loaded TP IOSTargetPlatform
[2017.06.05-23.32.56:675][  0]LogTemp:Display: Loaded TP TVOSTargetPlatform
[2017.06.05-23.32.56:846][  0]LogTemp:Display: Loaded TP LinuxClientTargetPlatform
[2017.06.05-23.32.57:011][  0]LogTemp:Display: Loaded TP LinuxNoEditorTargetPlatform
[2017.06.05-23.32.57:175][  0]LogTemp:Display: Loaded TP LinuxServerTargetPlatform
[2017.06.05-23.32.57:349][  0]LogTemp:Display: Loaded TP LinuxTargetPlatform
[2017.06.05-23.32.57:349][  0]LogTargetPlatformManager:Display: Building Assets For Windows
[2017.06.05-23.32.59:184][  0]LogDerivedDataCache:Display: Max Cache Size: 512 MB
[2017.06.05-23.32.59:308][  0]LogDerivedDataCache: Loaded boot cache 0.12s 103MB C:/Users/PLuna/AppData/Local/UnrealEngine/4.16/DerivedDataCache/Boot.ddc.
[2017.06.05-23.32.59:309][  0]LogDerivedDataCache:Display: Loaded Boot cache: C:/Users/PLuna/AppData/Local/UnrealEngine/4.16/DerivedDataCache/Boot.ddc
[2017.06.05-23.32.59:309][  0]LogDerivedDataCache: FDerivedDataBackendGraph:  Pak pak cache file ../../../../../../Users/PLuna/Documents/GitHub/VRfpsPrototype/VRfpsPrototype/DerivedDataCache/DDC.ddp not found, will not use a pak cache.
[2017.06.05-23.32.59:309][  0]LogDerivedDataCache: Unable to find inner node Pak for hierarchical cache Hierarchy.
[2017.06.05-23.32.59:309][  0]LogDerivedDataCache: FDerivedDataBackendGraph:  CompressedPak pak cache file ../../../../../../Users/PLuna/Documents/GitHub/VRfpsPrototype/VRfpsPrototype/DerivedDataCache/Compressed.ddp not found, will not use a pak cache.
[2017.06.05-23.32.59:309][  0]LogDerivedDataCache: Unable to find inner node CompressedPak for hierarchical cache Hierarchy.
[2017.06.05-23.32.59:331][  0]LogDerivedDataCache:Display: Pak cache opened for reading ../../../Engine/DerivedDataCache/Compressed.ddp.
[2017.06.05-23.32.59:345][  0]LogDerivedDataCache: Using Local data cache path C:/Users/PLuna/AppData/Local/UnrealEngine/Common/DerivedDataCache: Writable
[2017.06.05-23.32.59:360][  0]LogMaterial: Verifying Global Shaders for PCD3D_SM5
[2017.06.05-23.32.59:361][  0]LogSlate: Using Freetype 2.6.0
[2017.06.05-23.32.59:363][  0]LogSlate: SlateFontCache - WITH_FREETYPE: 1, WITH_HARFBUZZ: 1
[2017.06.05-23.32.59:363][  0]LogSlate: SlateFontCache - WITH_FREETYPE: 1, WITH_HARFBUZZ: 1
[2017.06.05-23.32.59:974][  0]LogInit: Selected Device Profile: [Windows]
[2017.06.05-23.33.00:069][  0]LogContentStreaming: Texture pool size is 0.00 MB
[2017.06.05-23.33.00:473][  0]LogMeshUtilities: Using QuadricMeshReduction for automatic static mesh reduction
[2017.06.05-23.33.00:659][  0]LogSimplygon: Simplygon DLL not present - disabling.
[2017.06.05-23.33.00:826][  0]LogMeshUtilities: Using SimplygonSwarm for distributed automatic mesh merging
[2017.06.05-23.33.00:826][  0]LogMeshUtilities: No automatic skeletal mesh reduction module available
[2017.06.05-23.33.00:826][  0]LogMeshUtilities: No automatic mesh merging module available
[2017.06.05-23.33.02:064][  0]LogNetVersion: VRfpsPrototype , NetCL: 3452394, EngineNetVer: 2, GameNetVer: 0 (Checksum: 1376506324)
[2017.06.05-23.33.02:217][  0]LogAssetRegistry: FAssetRegistry took 0.0318 seconds to start up
[2017.06.05-23.33.02:386][  0]LogPackageLocalizationCache: Processed 4 localized package path(s) for 2 prioritized culture(s) in 0.062158 seconds
[2017.06.05-23.33.02:395][  0]LogUObjectArray: 34194 objects as part of root set at end of initial load.
[2017.06.05-23.33.02:395][  0]LogUObjectAllocator: 7260424 out of 0 bytes used by permanent object pool.
[2017.06.05-23.33.02:396][  0]LogUObjectArray: CloseDisregardForGC: 0/0 objects in disregard for GC pool
[2017.06.05-23.33.02:674][  0]LogInit: WinSock: version 1.1 (2.2), MaxSocks=32767, MaxUdp=65467
[2017.06.05-23.33.09:677][  0]LogTcpMessaging: Initializing TcpMessaging bridge
[2017.06.05-23.33.09:795][  0]LogUdpMessaging: Initializing bridge on interface 0.0.0.0:0 to multicast group 230.0.0.1:6666.
[2017.06.05-23.33.11:002][  0]LogUObjectGlobals:Warning: Class which was marked abstract was trying to be loaded.  It will be nulled out on save. VRMovementComponent PawnMovementComponent
[2017.06.05-23.33.11:002][  0]LogOutputDevice:Error: Ensure condition failed: false [File:D:\Build\++UE4+Release-4.16+Compile\Sync\Engine\Source\Runtime\CoreUObject\Private\UObject\UObjectGlobals.cpp] [Line: 2145]
[2017.06.05-23.33.11:002][  0]LogStats:             FDebug::EnsureFailed -  0.000 s
[2017.06.05-23.44.00:320][  0]LogMaterial: Uniform references updated for custom material expression Custom.
[2017.06.05-23.44.01:245][  0]SourceControl: Info Source control is disabled
[2017.06.05-23.44.01:290][  0]SourceControl: Info Source control is disabled
[2017.06.05-23.44.01:417][  0]SourceControl: Info Source control is disabled
[2017.06.05-23.44.01:545][  0]SourceControl: Info Source control is disabled
[2017.06.05-23.44.03:504][  0]LogAndroidPermission: UAndroidPermissionCallbackProxy::GetInstance
[2017.06.05-23.44.05:116][  0]LogEngine: Initializing Engine...
[2017.06.05-23.44.05:116][  0]LogHMD: Oculus plugin initialized. Version: 4.16.1-3466753+++UE4+Release-4.16, LibOVR: 1.15.0, SDK: 1.12.0, built May 31 2017, 02:11:10
[2017.06.05-23.44.05:320][  0]OCULUS: Debug: [HMDState] Using default profile default
[2017.06.05-23.44.05:320][  0]OCULUS: Info: IAD changed to 59.9mm
[2017.06.05-23.44.05:371][  0]LogStats: UGameplayTagsManager::ConstructGameplayTagTree: Construct from data asset -  0.000 s
[2017.06.05-23.44.05:371][  0]LogStats: UGameplayTagsManager::ConstructGameplayTagTree: GameplayTagTreeChangedEvent.Broadcast -  0.000 s
[2017.06.05-23.44.05:703][  0]LogAIModule: Creating AISystem for world Untitled
[2017.06.05-23.44.05:717][  0]LogInit: XAudio2 using 'Speakers (Realtek High Definition Audio)' : 2 channels at 48 kHz using 32 bits per sample (channel mask 0x3)
[2017.06.05-23.44.05:747][  0]LogInit: FAudioDevice initialized.
[2017.06.05-23.44.05:795][  0]LogDerivedDataCache: Saved boot cache 0.05s 90MB C:/Users/PLuna/AppData/Local/UnrealEngine/4.16/DerivedDataCache/Boot.ddc.
[2017.06.05-23.44.05:803][  0]LogInit: Texture streaming: Enabled
[2017.06.05-23.44.06:070][  0]LogEngineSessionManager: EngineSessionManager initialized
[2017.06.05-23.44.06:630][  0]LogInit: Transaction tracking system initialized
[2017.06.05-23.44.07:446][  0]BlueprintLog: New page: Editor Load
[2017.06.05-23.44.09:910][  0]LocalizationService: Info Localization service is disabled
[2017.06.05-23.44.11:668][  0]LogConsoleResponse:Display: 
[2017.06.05-23.44.11:888][  0]LogCook:Display: Max memory allowance for cook 16384mb min free memory 0mb
[2017.06.05-23.44.11:888][  0]LogCook:Display: Mobile HDR setting 1
[2017.06.05-23.44.12:575][  0]LogFileCache: Scanning file cache for directory 'C:/Users/PLuna/Documents/GitHub/VRfpsPrototype/VRfpsPrototype/Content/' took 0.02s
[2017.06.05-23.44.14:702][  0]SourceControl: Info Source control is disabled
[2017.06.05-23.44.14:703][  0]Cmd: MAP LOAD FILE="../../../../../../Users/PLuna/Documents/GitHub/VRfpsPrototype/VRfpsPrototype/Content/VirtualRealityBP/Maps/StartupMap.umap" TEMPLATE=0 SHOWPROGRESS=1 FEATURELEVEL=3
[2017.06.05-23.44.14:703][  0]LightingResults: New page: Lighting Build
[2017.06.05-23.44.14:812][  0]MapCheck: New page: Map Check
[2017.06.05-23.44.14:812][  0]LightingResults: New page: Lighting Build
[2017.06.05-23.44.14:901][  0]LogAIModule: Creating AISystem for world StartupMap
[2017.06.05-23.44.14:912][  0]LogEditorServer: Finished looking for orphan Actors (0.000 secs)
[2017.06.05-23.44.14:920][  0]Cmd: MAP CHECKDEP NOCLEARLOG
[2017.06.05-23.44.15:071][  0]MapCheck: Info Map check complete: 0 Error(s), 0 Warning(s), took 151.757ms to complete.
[2017.06.05-23.44.15:072][  0]LogFileHelpers: Loading map 'StartupMap' took 0.369
[2017.06.05-23.44.15:141][  0]LogWindowsTextInputMethodSystem:Display: IME system now deactivated.
[2017.06.05-23.44.15:271][  0]LogCollectionManager: Loaded 0 collections in 0.002215 seconds
[2017.06.05-23.44.15:424][  0]LogFileCache: Scanning file cache for directory 'C:/Users/PLuna/Documents/GitHub/VRfpsPrototype/VRfpsPrototype/Saved/Collections/' took 0.01s
[2017.06.05-23.44.15:424][  0]LogFileCache: Scanning file cache for directory 'C:/Users/PLuna/Documents/GitHub/VRfpsPrototype/VRfpsPrototype/Content/Developers/pluna/Collections/' took 0.01s
[2017.06.05-23.44.15:424][  0]LogFileCache: Scanning file cache for directory 'C:/Users/PLuna/Documents/GitHub/VRfpsPrototype/VRfpsPrototype/Content/Collections/' took 0.01s
[2017.06.05-23.44.15:424][  0]LogCollectionManager: Rebuilt the GUID cache for 0 collections in 0.000001 seconds
[2017.06.05-23.44.15:434][  0]LogContentBrowser: Native class hierarchy populated in 0.0102 seconds. Added 2334 classes and 493 folders.
[2017.06.05-23.44.15:606][  0]LogContentBrowser: Native class hierarchy updated for 'WidgetCarousel' in 0.0022 seconds. Added 0 classes and 0 folders.
[2017.06.05-23.44.15:686][  0]LogContentBrowser: Native class hierarchy updated for 'AddContentDialog' in 0.0024 seconds. Added 0 classes and 0 folders.
[2017.06.05-23.44.15:797][  0]LogContentBrowser: Native class hierarchy updated for 'SceneOutliner' in 0.0021 seconds. Added 1 classes and 2 folders.
[2017.06.05-23.44.15:873][  0]LogCrashTracker: Crashtracker disabled due to settings.
[2017.06.05-23.44.15:880][  0]LogSlate: Took 0.000211 seconds to synchronously load lazily loaded font '../../../Engine/Content/Slate/Fonts/Roboto-Regular.ttf' (155K)
[2017.06.05-23.44.15:882][  0]LogSlate: Took 0.000602 seconds to synchronously load lazily loaded font '../../../Engine/Content/Slate/Fonts/Roboto-Bold.ttf' (160K)
[2017.06.05-23.44.15:887][  0]LogSlate: Took 0.000200 seconds to synchronously load lazily loaded font '../../../Engine/Content/Editor/Slate/Fonts/FontAwesome.ttf' (139K)
[2017.06.05-23.44.15:985][  0]LogRenderer: Reallocating scene render targets to support 1056x556 NumSamples 1 (Frame:1).
[2017.06.05-23.44.16:079][  0]LogUObjectGlobals:Warning: Failed to find object 'Class None.'
[2017.06.05-23.44.16:222][  0]LogContentBrowser: Native class hierarchy updated for 'HierarchicalLODOutliner' in 0.0023 seconds. Added 1 classes and 2 folders.
[2017.06.05-23.44.16:223][  0]LogLoad: (Engine Initialization) Total time: 692.23 seconds
[2017.06.05-23.44.16:223][  0]LogLoad: (Engine Initialization) Total Blueprint compile time: 0.19 seconds
[2017.06.05-23.44.16:223][  0]LogExternalProfiler: Found external profiler: VSPerf
[2017.06.05-23.44.16:223][  0]LogExternalProfiler: Using external profiler: VSPerf
[2017.06.05-23.44.16:233][  0]LogOcInput: OculusInput pre-init called
[2017.06.05-23.44.16:247][  0]LogOcInput: OculusInput is initialized. Init status 0. Runtime version: 1.15.0
[2017.06.05-23.44.16:247][  0]LogHMD: Starting GearVRController plugin
[2017.06.05-23.44.16:262][  0]LogAssetRegistry: Asset discovery search completed in 674.0724 seconds
[2017.06.05-23.44.16:264][  0]LogCollectionManager: Rebuilt the object cache for 0 collections in 0.000001 seconds (found 0 objects)
[2017.06.05-23.44.16:264][  0]LogCollectionManager: Fixed up redirectors for 0 collections in 0.000098 seconds (updated 0 objects)
[2017.06.05-23.44.16:267][  0]LogContentStreaming: Texture pool size now 1000 MB
[2017.06.05-23.44.16:315][  0]LogSlate: Took 0.000182 seconds to synchronously load lazily loaded font '../../../Engine/Content/Slate/Fonts/Roboto-Light.ttf' (159K)
[2017.06.05-23.44.35:691][318]LogSlate: Took 0.000224 seconds to synchronously load lazily loaded font '../../../Engine/Content/Slate/Fonts/Roboto-Light.ttf' (159K)
[2017.06.05-23.44.35:919][318]LogAIModule: Creating AISystem for world MotionControllerMap
[2017.06.05-23.44.35:938][318]Cmd: MAP LOAD FILE="../../../../../../Users/PLuna/Documents/GitHub/VRfpsPrototype/VRfpsPrototype/Content/VirtualRealityBP/Maps/MotionControllerMap.umap" TEMPLATE=0 SHOWPROGRESS=1 FEATURELEVEL=3
[2017.06.05-23.44.35:938][318]LightingResults: New page: Lighting Build
[2017.06.05-23.44.35:939][318]LoadErrors: New page: Loading map: MotionControllerMap.umap
[2017.06.05-23.44.35:940][318]MapCheck: New page: Map Check
[2017.06.05-23.44.35:940][318]LightingResults: New page: Lighting Build
[2017.06.05-23.44.35:951][318]LogEditorServer: Finished looking for orphan Actors (0.000 secs)
[2017.06.05-23.44.35:993][318]Cmd: MAP CHECKDEP NOCLEARLOG
[2017.06.05-23.44.36:138][318]MapCheck: Info Map check complete: 0 Error(s), 0 Warning(s), took 145.895ms to complete.
[2017.06.05-23.44.36:139][318]LogFileHelpers: Loading map 'MotionControllerMap' took 0.202
[2017.06.05-23.44.50:342][ 18]LogTemp: Repeting last play command: VR Preview
[2017.06.05-23.44.50:366][ 18]LogBlueprintUserMessages: Early PlayInEditor Detection: Level '/Game/VirtualRealityBP/Maps/MotionControllerMap.MotionControllerMap:PersistentLevel' has LevelScriptBlueprint '/Game/VirtualRealityBP/Maps/MotionControllerMap.MotionControllerMap:PersistentLevel.MotionControllerMap' with GeneratedClass '/Game/VirtualRealityBP/Maps/MotionControllerMap.MotionControllerMap_C' with ClassGeneratedBy '/Game/VirtualRealityBP/Maps/MotionControllerMap.MotionControllerMap:PersistentLevel.MotionControllerMap'
[2017.06.05-23.44.50:366][ 18]LogPlayLevel: PlayLevel: No blueprints needed recompiling
[2017.06.05-23.44.50:368][ 18]OCULUS: Debug: [HMDState] Using default profile default
[2017.06.05-23.44.50:368][ 18]OCULUS: Info: IAD changed to 59.9mm
[2017.06.05-23.44.50:368][ 18]LogHMD: New ovr session is created
[2017.06.05-23.44.50:368][ 18]LogHMD: HMD Oculus Rift CV1, res = 2160 x 1200
[2017.06.05-23.44.50:369][ 18]PIE: New page: PIE session: MotionControllerMap (Jun 5, 2017, 9:44:50 AM)
[2017.06.05-23.44.50:369][ 18]LogPlayLevel: Creating play world package: /Game/VirtualRealityBP/Maps/UEDPIE_0_MotionControllerMap
[2017.06.05-23.44.50:378][ 18]LogPlayLevel: PIE: StaticDuplicateObject took: (0.008563s)
[2017.06.05-23.44.50:378][ 18]LogAIModule: Creating AISystem for world MotionControllerMap
[2017.06.05-23.44.50:379][ 18]LogPlayLevel: PIE: World Init took: (0.000778s)
[2017.06.05-23.44.50:379][ 18]LogPlayLevel: PIE: Created PIE world by copying editor world from /Game/VirtualRealityBP/Maps/MotionControllerMap.MotionControllerMap to /Game/VirtualRealityBP/Maps/UEDPIE_0_MotionControllerMap.MotionControllerMap (0.009853s)
[2017.06.05-23.44.50:387][ 18]LogHMD: Vision Tracking Acquired
[2017.06.05-23.44.50:391][ 18]LogInit: XAudio2 using 'Headphones (Rift Audio)' : 2 channels at 48 kHz using 16 bits per sample (channel mask 0x3)
[2017.06.05-23.44.50:399][ 18]LogInit: FAudioDevice initialized.
[2017.06.05-23.44.50:510][ 18]LogLoad: Game class is 'GameMode'
[2017.06.05-23.44.50:513][ 18]LogWorld: Bringing World /Game/VirtualRealityBP/Maps/UEDPIE_0_MotionControllerMap.MotionControllerMap up for play (max tick rate 0) at 2017.06.05-16.44.50
[2017.06.05-23.44.50:514][ 18]LogWorld: Bringing up level for play took: 0.002219
[2017.06.05-23.44.50:627][ 18]LogContentBrowser: Native class hierarchy updated for 'MovieSceneCapture' in 0.0022 seconds. Added 11 classes and 0 folders.
[2017.06.05-23.44.50:627][ 18]LogGameMode:Display: Match State Changed from EnteringMap to WaitingToStart
[2017.06.05-23.44.50:627][ 18]LogGameState: Match State Changed from EnteringMap to WaitingToStart
[2017.06.05-23.44.50:627][ 18]LogGameMode:Display: Match State Changed from WaitingToStart to InProgress
[2017.06.05-23.44.50:628][ 18]LogGameState: Match State Changed from WaitingToStart to InProgress
[2017.06.05-23.44.50:632][ 18]PIE: Info Play in editor start time for /Game/VirtualRealityBP/Maps/UEDPIE_0_MotionControllerMap 0.986
[2017.06.05-23.44.50:632][ 18]LogBlueprintUserMessages: Late PlayInEditor Detection: Level '/Game/VirtualRealityBP/Maps/MotionControllerMap.MotionControllerMap:PersistentLevel' has LevelScriptBlueprint '/Game/VirtualRealityBP/Maps/MotionControllerMap.MotionControllerMap:PersistentLevel.MotionControllerMap' with GeneratedClass '/Game/VirtualRealityBP/Maps/MotionControllerMap.MotionControllerMap_C' with ClassGeneratedBy '/Game/VirtualRealityBP/Maps/MotionControllerMap.MotionControllerMap:PersistentLevel.MotionControllerMap'
[2017.06.05-23.44.50:649][ 18]LogHMD: Reallocation of eye buffer was requested
[2017.06.05-23.44.50:652][ 18]LogHMD: Allocated a new swap texture set (size 2712 x 1600, mipcount = 1, format = RGBA8), 0x000001D7F486DB50
[2017.06.05-23.44.50:682][ 18]LogRenderer: Reallocating scene render targets to support 2712x1600 NumSamples 1 (Frame:1).
[2017.06.05-23.44.53:776][391]OCULUS: Error: Prediction interval too high: 1328.614004 s, clamping at 0.100000 s
[2017.06.05-23.45.00:403][986]LogBlueprintUserMessages: Early EndPlayMap Detection: Level '/Game/VirtualRealityBP/Maps/MotionControllerMap.MotionControllerMap:PersistentLevel' has LevelScriptBlueprint '/Game/VirtualRealityBP/Maps/MotionControllerMap.MotionControllerMap:PersistentLevel.MotionControllerMap' with GeneratedClass '/Game/VirtualRealityBP/Maps/MotionControllerMap.MotionControllerMap_C' with ClassGeneratedBy '/Game/VirtualRealityBP/Maps/MotionControllerMap.MotionControllerMap:PersistentLevel.MotionControllerMap'
[2017.06.05-23.45.00:410][986]LogHMD: Destroying ovr session
[2017.06.05-23.45.00:410][986]LogHMD: Freeing textureSet 0x000001D7F486DB50
[2017.06.05-23.45.00:506][986]LogBlueprintUserMessages: Late EndPlayMap Detection: Level '/Game/VirtualRealityBP/Maps/MotionControllerMap.MotionControllerMap:PersistentLevel' has LevelScriptBlueprint '/Game/VirtualRealityBP/Maps/MotionControllerMap.MotionControllerMap:PersistentLevel.MotionControllerMap' with GeneratedClass '/Game/VirtualRealityBP/Maps/MotionControllerMap.MotionControllerMap_C' with ClassGeneratedBy '/Game/VirtualRealityBP/Maps/MotionControllerMap.MotionControllerMap:PersistentLevel.MotionControllerMap'
[2017.06.05-23.49.00:380][575]LogSavePackage: Save=166.78ms
[2017.06.05-23.49.00:381][575]LogSavePackage: Moving '../../../../../../Users/PLuna/Documents/GitHub/VRfpsPrototype/VRfpsPrototype/Saved/MotionControllerMap92B8282D43AC243729072C8983D628B4.tmp' to '../../../../../../Users/PLuna/Documents/GitHub/VRfpsPrototype/VRfpsPrototype/Content/VirtualRealityBP/Maps/MotionControllerMap.umap'
[2017.06.05-23.49.00:385][575]LogSavePackage:Display: Finished SavePackage ../../../../../../Users/PLuna/Documents/GitHub/VRfpsPrototype/VRfpsPrototype/Content/VirtualRealityBP/Maps/MotionControllerMap.umap
[2017.06.05-23.49.00:584][575]LogSavePackage: Save=154.04ms
[2017.06.05-23.49.00:584][575]LogSavePackage: Moving '../../../../../../Users/PLuna/Documents/GitHub/VRfpsPrototype/VRfpsPrototype/Saved/MotionControllerMap_BuiltDataEC23584A4BAA08B063D1AF82B7B6433D.tmp' to '../../../../../../Users/PLuna/Documents/GitHub/VRfpsPrototype/VRfpsPrototype/Content/Maps/Maps/MotionControllerMap_BuiltData.uasset'
[2017.06.05-23.49.00:587][575]LogSavePackage:Display: Finished SavePackage ../../../../../../Users/PLuna/Documents/GitHub/VRfpsPrototype/VRfpsPrototype/Content/Maps/Maps/MotionControllerMap_BuiltData.uasset
[2017.06.05-23.49.02:685][818]LogTemp: Repeting last play command: VR Preview
[2017.06.05-23.49.02:697][818]LogBlueprintUserMessages: Early PlayInEditor Detection: Level '/Game/VirtualRealityBP/Maps/MotionControllerMap.MotionControllerMap:PersistentLevel' has LevelScriptBlueprint '/Game/VirtualRealityBP/Maps/MotionControllerMap.MotionControllerMap:PersistentLevel.MotionControllerMap' with GeneratedClass '/Game/VirtualRealityBP/Maps/MotionControllerMap.MotionControllerMap_C' with ClassGeneratedBy '/Game/VirtualRealityBP/Maps/MotionControllerMap.MotionControllerMap:PersistentLevel.MotionControllerMap'
[2017.06.05-23.49.02:697][818]LogPlayLevel: PlayLevel: No blueprints needed recompiling
[2017.06.05-23.49.02:699][818]OCULUS: Debug: [HMDState] Using default profile default
[2017.06.05-23.49.02:699][818]OCULUS: Info: IAD changed to 59.9mm
[2017.06.05-23.49.02:699][818]LogHMD: New ovr session is created
[2017.06.05-23.49.02:700][818]LogHMD: HMD Oculus Rift CV1, res = 2160 x 1200
[2017.06.05-23.49.02:700][818]PIE: New page: PIE session: MotionControllerMap (Jun 5, 2017, 9:49:02 AM)
[2017.06.05-23.49.02:700][818]LogPlayLevel: Creating play world package: /Game/VirtualRealityBP/Maps/UEDPIE_0_MotionControllerMap
[2017.06.05-23.49.02:710][818]LogPlayLevel: PIE: StaticDuplicateObject took: (0.009440s)
[2017.06.05-23.49.02:710][818]LogAIModule: Creating AISystem for world MotionControllerMap
[2017.06.05-23.49.02:711][818]LogPlayLevel: PIE: World Init took: (0.001011s)
[2017.06.05-23.49.02:711][818]LogPlayLevel: PIE: Created PIE world by copying editor world from /Game/VirtualRealityBP/Maps/MotionControllerMap.MotionControllerMap to /Game/VirtualRealityBP/Maps/UEDPIE_0_MotionControllerMap.MotionControllerMap (0.011079s)
[2017.06.05-23.49.02:725][818]LogInit: XAudio2 using 'Headphones (Rift Audio)' : 2 channels at 48 kHz using 16 bits per sample (channel mask 0x3)
[2017.06.05-23.49.02:735][818]LogInit: FAudioDevice initialized.
[2017.06.05-23.49.02:828][818]LogLoad: Game class is 'GameMode'
[2017.06.05-23.49.02:831][818]LogWorld: Bringing World /Game/VirtualRealityBP/Maps/UEDPIE_0_MotionControllerMap.MotionControllerMap up for play (max tick rate 0) at 2017.06.05-16.49.02
[2017.06.05-23.49.02:832][818]LogWorld: Bringing up level for play took: 0.002763
[2017.06.05-23.49.02:833][818]LogGameMode:Display: Match State Changed from EnteringMap to WaitingToStart
[2017.06.05-23.49.02:833][818]LogGameState: Match State Changed from EnteringMap to WaitingToStart
[2017.06.05-23.49.02:833][818]LogGameMode:Display: Match State Changed from WaitingToStart to InProgress
[2017.06.05-23.49.02:834][818]LogGameState: Match State Changed from WaitingToStart to InProgress
[2017.06.05-23.49.02:838][818]PIE: Info Play in editor start time for /Game/VirtualRealityBP/Maps/UEDPIE_0_MotionControllerMap -0.806
[2017.06.05-23.49.02:839][818]LogBlueprintUserMessages: Late PlayInEditor Detection: Level '/Game/VirtualRealityBP/Maps/MotionControllerMap.MotionControllerMap:PersistentLevel' has LevelScriptBlueprint '/Game/VirtualRealityBP/Maps/MotionControllerMap.MotionControllerMap:PersistentLevel.MotionControllerMap' with GeneratedClass '/Game/VirtualRealityBP/Maps/MotionControllerMap.MotionControllerMap_C' with ClassGeneratedBy '/Game/VirtualRealityBP/Maps/MotionControllerMap.MotionControllerMap:PersistentLevel.MotionControllerMap'
[2017.06.05-23.49.02:864][818]LogHMD: Need to reallocate eye buffer, reason: no textureset was allocated
[2017.06.05-23.49.02:867][818]LogHMD: Allocated a new swap texture set (size 2712 x 1600, mipcount = 1, format = RGBA8), 0x000001D7F4136170
