Log file open, 06/05/17 15:44:02
LogInit:Display: Running engine for game: VRfpsPrototype
LogPlatformFile: Not using cached read wrapper
LogInit:Display: RandInit(-1180310953) SRandInit(-1180310952).
LogTaskGraph: Started task graph with 5 named threads and 10 total threads with 1 sets of task threads.
LogStats: Stats thread started at 0.138990
LogInit:Warning: Incompatible or missing module: UE4Editor-VRfpsPrototype.dll
Running C:/Program Files/Epic Games/UE_4.16/Engine/Binaries/DotNET/UnrealBuildTool.exe VRfpsPrototype Development Win64 -project="C:/Users/PLuna/Documents/GitHub/VRfpsPrototype/VRfpsPrototype/VRfpsPrototype.uproject" -editorrecompile -progress -NoHotReloadFromIDE
@progress push 5%
@progress pop
Performing 1 actions (9 in parallel)
[1/1] Link UE4Editor-VRfpsPrototype.dll
   Creating library C:\Users\PLuna\Documents\GitHub\VRfpsPrototype\VRfpsPrototype\Intermediate\Build\Win64\UE4Editor\Development\UE4Editor-VRfpsPrototype.suppressed.lib and object C:\Users\PLuna\Documents\GitHub\VRfpsPrototype\VRfpsPrototype\Intermediate\Build\Win64\UE4Editor\Development\UE4Editor-VRfpsPrototype.suppressed.exp
BTService_CheckForPlayer.cpp.obj : error LNK2001: unresolved external symbol "public: virtual void __cdecl IGameplayTaskOwnerInterface::OnGameplayTaskActivated(class UGameplayTask &)" (?OnGameplayTaskActivated@IGameplayTaskOwnerInterface@@UEAAXAEAVUGameplayTask@@@Z)
VRfpsPrototype.generated.cpp.obj : error LNK2001: unresolved external symbol "public: virtual void __cdecl IGameplayTaskOwnerInterface::OnGameplayTaskActivated(class UGameplayTask &)" (?OnGameplayTaskActivated@IGameplayTaskOwnerInterface@@UEAAXAEAVUGameplayTask@@@Z)
BTService_CheckForPlayer.cpp.obj : error LNK2001: unresolved external symbol "public: virtual void __cdecl IGameplayTaskOwnerInterface::OnGameplayTaskDeactivated(class UGameplayTask &)" (?OnGameplayTaskDeactivated@IGameplayTaskOwnerInterface@@UEAAXAEAVUGameplayTask@@@Z)
VRfpsPrototype.generated.cpp.obj : error LNK2001: unresolved external symbol "public: virtual void __cdecl IGameplayTaskOwnerInterface::OnGameplayTaskDeactivated(class UGameplayTask &)" (?OnGameplayTaskDeactivated@IGameplayTaskOwnerInterface@@UEAAXAEAVUGameplayTask@@@Z)
C:\Users\PLuna\Documents\GitHub\VRfpsPrototype\VRfpsPrototype\Binaries\Win64\UE4Editor-VRfpsPrototype.dll : fatal error LNK1120: 2 unresolved externals
ERROR: UBT ERROR: Failed to produce item: C:\Users\PLuna\Documents\GitHub\VRfpsPrototype\VRfpsPrototype\Binaries\Win64\UE4Editor-VRfpsPrototype.dll
Total build time: 3.76 seconds (Local executor: 0.00 seconds)
LogInit:Warning: Still incompatible or missing module: UE4Editor-VRfpsPrototype.dll
LogExit: Preparing to exit.
LogModuleManager: Shutting down and abandoning module DesktopPlatform (36)
LogModuleManager: Shutting down and abandoning module AnimationModifiers (34)
LogModuleManager: Shutting down and abandoning module PropertyEditor (33)
LogModuleManager: Shutting down and abandoning module AudioEditor (30)
LogModuleManager: Shutting down and abandoning module TextureCompressor (28)
LogModuleManager: Shutting down and abandoning module ShaderCore (26)
LogModuleManager: Shutting down and abandoning module Landscape (24)
LogModuleManager: Shutting down and abandoning module SlateRHIRenderer (22)
LogModuleManager: Shutting down and abandoning module OpenGLDrv (20)
LogModuleManager: Shutting down and abandoning module D3D11RHI (18)
LogModuleManager: Shutting down and abandoning module AnimGraphRuntime (16)
LogModuleManager: Shutting down and abandoning module Renderer (14)
LogModuleManager: Shutting down and abandoning module Engine (12)
LogModuleManager: Shutting down and abandoning module CoreUObject (10)
LogModuleManager: Shutting down and abandoning module NetworkFile (8)
LogModuleManager: Shutting down and abandoning module StreamingFile (6)
LogModuleManager: Shutting down and abandoning module SandboxFile (4)
LogModuleManager: Shutting down and abandoning module PakFile (2)
LogExit: Exiting.
Log file closed, 06/05/17 15:44:19
