Log file open, 06/05/17 13:21:08
LogInit:Display: Running engine for game: VRfpsPrototype
LogPlatformFile: Not using cached read wrapper
LogInit:Display: RandInit(-351944167) SRandInit(-351944167).
LogTaskGraph: Started task graph with 5 named threads and 10 total threads with 1 sets of task threads.
LogStats: Stats thread started at 0.119480
LogInit: Using libcurl 7.47.1
LogInit:  - built for x86_64-pc-win32
LogInit:  - supports SSL with OpenSSL/1.0.2g
LogInit:  - supports HTTP deflate (compression) using libz 1.2.8
LogInit:  - other features:
LogInit:      CURL_VERSION_SSL
LogInit:      CURL_VERSION_LIBZ
LogInit:      CURL_VERSION_IPV6
LogInit:      CURL_VERSION_ASYNCHDNS
LogInit:      CURL_VERSION_LARGEFILE
LogInit:      CURL_VERSION_IDN
LogInit:  CurlRequestOptions (configurable via config and command line):
LogInit:  - bVerifyPeer = false  - Libcurl will NOT verify peer certificate
LogInit:  - bUseHttpProxy = false  - Libcurl will NOT use HTTP proxy
LogInit:  - bDontReuseConnections = false  - Libcurl will reuse connections
LogInit:  - CertBundlePath = nullptr  - Libcurl will use whatever was configured at build time.
OCULUS: Info: [CAPI] LibOVR module is located at C:\Program Files\Oculus\Support\oculus-runtime\LibOVRRT64_1.dll
OCULUS: Debug: Connected to the server running version (prod = 1).1.15.0(build = 391815) feature version = 0. Client runs version (prod = 1).1.15.0(build = 391815) feature version = 0
OCULUS: Debug: [HMDState] Using default profile default
OCULUS: Info: IAD changed to 59.9mm
OCULUS: Debug: Creating factory
LogHMD: GearVR: Emulating GearVR using Oculus Rift!
LogInit: Build: ++UE4+Release-4.16-CL-3466753
LogInit: Engine Version: 4.16.1-3466753+++UE4+Release-4.16
LogInit: Compatible Engine Version: 4.16.0-3452394+++UE4+Release-4.16
LogInit: Net CL: 3452394
LogDevObjectVersion: Number of dev versions registered: 16
LogDevObjectVersion:   Dev-Blueprints (B0D832E4-1F89-4F0D-ACCF-7EB736FD4AA2): 9
LogDevObjectVersion:   Dev-Build (E1C64328-A22C-4D53-A36C-8E866417BD8C): 0
LogDevObjectVersion:   Dev-Core (375EC13C-06E4-48FB-B500-84F0262A717E): 2
LogDevObjectVersion:   Dev-Editor (E4B068ED-F494-42E9-A231-DA0B2E46BB41): 17
LogDevObjectVersion:   Dev-Framework (CFFC743F-43B0-4480-9391-14DF171D2073): 23
LogDevObjectVersion:   Dev-Mobile (B02B49B5-BB20-44E9-A304-32B752E40360): 0
LogDevObjectVersion:   Dev-Networking (A4E4105C-59A1-49B5-A7C5-40C4547EDFEE): 0
LogDevObjectVersion:   Dev-Online (39C831C9-5AE6-47DC-9A44-9C173E1C8E7C): 0
LogDevObjectVersion:   Dev-Physics (78F01B33-EBEA-4F98-B9B4-84EACCB95AA2): 0
LogDevObjectVersion:   Dev-Platform (6631380F-2D4D-43E0-8009-CF276956A95A): 0
LogDevObjectVersion:   Dev-Rendering (12F88B9F-8875-4AFC-A67C-D90C383ABD29): 15
LogDevObjectVersion:   Dev-Sequencer (7B5AE74C-D270-4C10-A958-57980B212A5A): 4
LogDevObjectVersion:   Dev-VR (D7296918-1DD6-4BDD-9DE2-64A83CC13884): 0
LogDevObjectVersion:   Dev-LoadTimes (C2A15278-BFE7-4AFE-6C17-90FF531DF755): 1
LogDevObjectVersion:   Private-Geometry (6EACA3D4-40EC-4CC1-B786-8BED09428FC5): 1
LogDevObjectVersion:   Dev-AnimPhys (29E575DD-E0A3-4627-9D10-D276232CDCEA): 3
LogInit: Compiled (64-bit): May 31 2017 02:03:30
LogInit: Compiled with Visual C++: 19.00.24215.01
LogInit: Build Configuration: Development
LogInit: Branch Name: ++UE4+Release-4.16
LogInit: Command line: -EpicPortal 
LogInit: Base directory: C:/Program Files/Epic Games/UE_4.16/Engine/Binaries/Win64/
LogInit: Installed Engine Build: 1
LogInit: Presizing for max 8388607 objects, including 0 objects not considered by GC, pre-allocating 0 bytes for permanent pool.
LogInit: Object subsystem initialized
[2017.06.05-20.21.09:437][  0]LogInit: Selected Device Profile: [Windows]
[2017.06.05-20.21.09:438][  0]LogInit: Applying CVar settings loaded from the selected device profile: [Windows]
[2017.06.05-20.21.09:454][  0]LogInit: Computer: PLUNABOX
[2017.06.05-20.21.09:454][  0]LogInit: User: pluna
[2017.06.05-20.21.09:454][  0]LogInit: CPU Page size=4096, Cores=6
[2017.06.05-20.21.09:454][  0]LogInit: High frequency timer resolution =3.410073 MHz
[2017.06.05-20.21.09:454][  0]LogMemory: Memory total: Physical=31.9GB (32GB approx)
[2017.06.05-20.21.09:454][  0]LogMemory: Platform Memory Stats for Windows
[2017.06.05-20.21.09:454][  0]LogMemory: Process Physical Memory: 279.72 MB used, 279.72 MB peak
[2017.06.05-20.21.09:454][  0]LogMemory: Process Virtual Memory: 270.43 MB used, 270.43 MB peak
[2017.06.05-20.21.09:454][  0]LogMemory: Physical Memory: 10896.83 MB used,  21769.42 MB free, 32666.25 MB total
[2017.06.05-20.21.09:454][  0]LogMemory: Virtual Memory: 685.36 MB used,  21769.42 MB free, 134217728.00 MB total
[2017.06.05-20.21.09:620][  0]LogInit: Using OS detected language (en-US).
[2017.06.05-20.21.09:620][  0]LogInit: Using OS detected locale (en-US).
[2017.06.05-20.21.09:627][  0]LogTextLocalizationManager: No specific localization for 'en-US' exists, so the 'en' localization will be used.
[2017.06.05-20.21.10:720][  0]LogD3D11RHI: D3D11 adapters:
[2017.06.05-20.21.10:743][  0]LogD3D11RHI:    0. 'NVIDIA GeForce GTX 970' (Feature Level 11_0)
[2017.06.05-20.21.10:743][  0]LogD3D11RHI:       4059/0/16333 MB DedicatedVideo/DedicatedSystem/SharedSystem, Outputs:2, VendorId:0x10de
[2017.06.05-20.21.10:744][  0]LogD3D11RHI:    1. 'Microsoft Basic Render Driver' (Feature Level 11_0)
[2017.06.05-20.21.10:744][  0]LogD3D11RHI:       0/0/16333 MB DedicatedVideo/DedicatedSystem/SharedSystem, Outputs:0, VendorId:0x1414
[2017.06.05-20.21.10:744][  0]LogD3D11RHI: Chosen D3D11 Adapter: 0
[2017.06.05-20.21.10:750][  0]LogD3D11RHI: Creating new Direct3DDevice
[2017.06.05-20.21.10:750][  0]LogD3D11RHI:     GPU DeviceId: 0x13c2 (for the marketing name, search the web for "GPU Device Id")
[2017.06.05-20.21.10:750][  0]LogWindows: EnumDisplayDevices:
[2017.06.05-20.21.10:750][  0]LogWindows:    0. 'NVIDIA GeForce GTX 970' (P:0 D:1)
[2017.06.05-20.21.10:750][  0]LogWindows:    1. 'NVIDIA GeForce GTX 970' (P:1 D:1)
[2017.06.05-20.21.10:750][  0]LogWindows:    2. 'NVIDIA GeForce GTX 970' (P:0 D:0)
[2017.06.05-20.21.10:750][  0]LogWindows:    3. 'NVIDIA GeForce GTX 970' (P:0 D:0)
[2017.06.05-20.21.10:750][  0]LogWindows: DebugString: FoundDriverCount:4 
[2017.06.05-20.21.10:750][  0]LogD3D11RHI:     Adapter Name: NVIDIA GeForce GTX 970
[2017.06.05-20.21.10:750][  0]LogD3D11RHI:   Driver Version: 369.09 (internal:21.21.13.6909, unified:369.09)
[2017.06.05-20.21.10:750][  0]LogD3D11RHI:      Driver Date: 8-1-2016
[2017.06.05-20.21.10:750][  0]LogRHI: Texture pool is 1361 MB (70% of 1945 MB)
[2017.06.05-20.21.10:767][  0]LogD3D11RHI: Async texture creation enabled
[2017.06.05-20.21.10:776][  0]LogD3D11RHI: GPU Timing Frequency: 1000.000000 (Debug: 2 1)
[2017.06.05-20.21.10:866][  0]LogShaderCompilers: Guid format shader working directory is -31 characters bigger than the processId version (../../../../../../Users/PLuna/Documents/GitHub/VRfpsPrototype/VRfpsPrototype/Intermediate/Shaders/WorkingDirectory/16088/).
[2017.06.05-20.21.10:866][  0]LogShaderCompilers: Cleaned the shader compiler working directory 'C:/Users/PLuna/AppData/Local/Temp/UnrealShaderWorkingDir/E61D74674760E8661ABDE4B165BCED76/'.
[2017.06.05-20.21.10:866][  0]LogShaderCompilers:Display: Using Local Shader Compiler.
[2017.06.05-20.21.12:295][  0]LogTemp:Display: Loaded TP AllDesktopTargetPlatform
[2017.06.05-20.21.12:405][  0]LogTemp:Display: Loaded TP MacClientTargetPlatform
[2017.06.05-20.21.12:523][  0]LogTemp:Display: Loaded TP MacNoEditorTargetPlatform
[2017.06.05-20.21.12:676][  0]LogTemp:Display: Loaded TP MacServerTargetPlatform
[2017.06.05-20.21.12:807][  0]LogTemp:Display: Loaded TP MacTargetPlatform
[2017.06.05-20.21.12:927][  0]LogTemp:Display: Loaded TP WindowsClientTargetPlatform
[2017.06.05-20.21.13:037][  0]LogTemp:Display: Loaded TP WindowsNoEditorTargetPlatform
[2017.06.05-20.21.13:143][  0]LogTemp:Display: Loaded TP WindowsServerTargetPlatform
[2017.06.05-20.21.13:244][  0]LogTemp:Display: Loaded TP WindowsTargetPlatform
[2017.06.05-20.21.13:349][  0]LogTemp:Display: Loaded TP AndroidTargetPlatform
[2017.06.05-20.21.13:455][  0]LogTemp:Display: Loaded TP Android_ASTCTargetPlatform
[2017.06.05-20.21.13:560][  0]LogTemp:Display: Loaded TP Android_ATCTargetPlatform
[2017.06.05-20.21.13:671][  0]LogTemp:Display: Loaded TP Android_DXTTargetPlatform
[2017.06.05-20.21.13:777][  0]LogTemp:Display: Loaded TP Android_ETC1TargetPlatform
[2017.06.05-20.21.13:884][  0]LogTemp:Display: Loaded TP Android_ETC2TargetPlatform
[2017.06.05-20.21.14:111][  0]LogTemp:Display: Loaded TP Android_MultiTargetPlatform
[2017.06.05-20.21.14:112][  0]LogTemp:Display: Loaded TP Android_PVRTCTargetPlatform
[2017.06.05-20.21.14:206][  0]LogTemp:Display: Loaded TP HTML5TargetPlatform
[2017.06.05-20.21.14:386][  0]LogTemp:Display: Loaded TP IOSTargetPlatform
[2017.06.05-20.21.14:447][  0]LogTemp:Display: Loaded TP TVOSTargetPlatform
[2017.06.05-20.21.14:552][  0]LogTemp:Display: Loaded TP LinuxClientTargetPlatform
[2017.06.05-20.21.14:656][  0]LogTemp:Display: Loaded TP LinuxNoEditorTargetPlatform
[2017.06.05-20.21.14:762][  0]LogTemp:Display: Loaded TP LinuxServerTargetPlatform
[2017.06.05-20.21.14:868][  0]LogTemp:Display: Loaded TP LinuxTargetPlatform
[2017.06.05-20.21.14:868][  0]LogTargetPlatformManager:Display: Building Assets For Windows
[2017.06.05-20.21.16:021][  0]LogDerivedDataCache:Display: Max Cache Size: 512 MB
[2017.06.05-20.21.16:128][  0]LogDerivedDataCache: Loaded boot cache 0.11s 103MB C:/Users/PLuna/AppData/Local/UnrealEngine/4.16/DerivedDataCache/Boot.ddc.
[2017.06.05-20.21.16:128][  0]LogDerivedDataCache:Display: Loaded Boot cache: C:/Users/PLuna/AppData/Local/UnrealEngine/4.16/DerivedDataCache/Boot.ddc
[2017.06.05-20.21.16:129][  0]LogDerivedDataCache: FDerivedDataBackendGraph:  Pak pak cache file ../../../../../../Users/PLuna/Documents/GitHub/VRfpsPrototype/VRfpsPrototype/DerivedDataCache/DDC.ddp not found, will not use a pak cache.
[2017.06.05-20.21.16:129][  0]LogDerivedDataCache: Unable to find inner node Pak for hierarchical cache Hierarchy.
[2017.06.05-20.21.16:129][  0]LogDerivedDataCache: FDerivedDataBackendGraph:  CompressedPak pak cache file ../../../../../../Users/PLuna/Documents/GitHub/VRfpsPrototype/VRfpsPrototype/DerivedDataCache/Compressed.ddp not found, will not use a pak cache.
[2017.06.05-20.21.16:129][  0]LogDerivedDataCache: Unable to find inner node CompressedPak for hierarchical cache Hierarchy.
[2017.06.05-20.21.16:144][  0]LogDerivedDataCache:Display: Pak cache opened for reading ../../../Engine/DerivedDataCache/Compressed.ddp.
[2017.06.05-20.21.16:157][  0]LogDerivedDataCache: Using Local data cache path C:/Users/PLuna/AppData/Local/UnrealEngine/Common/DerivedDataCache: Writable
[2017.06.05-20.21.16:166][  0]LogMaterial: Verifying Global Shaders for PCD3D_SM5
[2017.06.05-20.21.16:167][  0]LogSlate: Using Freetype 2.6.0
[2017.06.05-20.21.16:168][  0]LogSlate: SlateFontCache - WITH_FREETYPE: 1, WITH_HARFBUZZ: 1
[2017.06.05-20.21.16:168][  0]LogSlate: SlateFontCache - WITH_FREETYPE: 1, WITH_HARFBUZZ: 1
[2017.06.05-20.21.16:601][  0]LogInit: Selected Device Profile: [Windows]
[2017.06.05-20.21.16:676][  0]LogContentStreaming: Texture pool size is 0.00 MB
[2017.06.05-20.21.16:927][  0]LogMeshUtilities: Using QuadricMeshReduction for automatic static mesh reduction
[2017.06.05-20.21.17:033][  0]LogSimplygon: Simplygon DLL not present - disabling.
[2017.06.05-20.21.17:141][  0]LogMeshUtilities: Using SimplygonSwarm for distributed automatic mesh merging
[2017.06.05-20.21.17:141][  0]LogMeshUtilities: No automatic skeletal mesh reduction module available
[2017.06.05-20.21.17:141][  0]LogMeshUtilities: No automatic mesh merging module available
[2017.06.05-20.21.17:989][  0]LogNetVersion: VRfpsPrototype , NetCL: 3452394, EngineNetVer: 2, GameNetVer: 0 (Checksum: 1376506324)
[2017.06.05-20.21.18:082][  0]LogAssetRegistry: FAssetRegistry took 0.0260 seconds to start up
[2017.06.05-20.21.18:181][  0]LogPackageLocalizationCache: Processed 4 localized package path(s) for 2 prioritized culture(s) in 0.041402 seconds
[2017.06.05-20.21.18:186][  0]LogUObjectArray: 34194 objects as part of root set at end of initial load.
[2017.06.05-20.21.18:186][  0]LogUObjectAllocator: 7260424 out of 0 bytes used by permanent object pool.
[2017.06.05-20.21.18:186][  0]LogUObjectArray: CloseDisregardForGC: 0/0 objects in disregard for GC pool
[2017.06.05-20.21.18:343][  0]LogInit: WinSock: version 1.1 (2.2), MaxSocks=32767, MaxUdp=65467
[2017.06.05-20.21.23:077][  0]LogTcpMessaging: Initializing TcpMessaging bridge
[2017.06.05-20.21.23:156][  0]LogUdpMessaging: Initializing bridge on interface 0.0.0.0:0 to multicast group 230.0.0.1:6666.
[2017.06.05-20.21.23:890][  0]LogUObjectGlobals:Warning: Class which was marked abstract was trying to be loaded.  It will be nulled out on save. VRMovementComponent PawnMovementComponent
[2017.06.05-20.21.23:962][  0]LogStats: FPlatformStackWalk::StackWalkAndDump -  0.072 s
[2017.06.05-20.21.23:962][  0]LogOutputDevice:Error: === Handled ensure: ===
[2017.06.05-20.21.23:962][  0]LogOutputDevice:Error: 
[2017.06.05-20.21.23:962][  0]LogOutputDevice:Error: Ensure condition failed: false [File:D:\Build\++UE4+Release-4.16+Compile\Sync\Engine\Source\Runtime\CoreUObject\Private\UObject\UObjectGlobals.cpp] [Line: 2145]
[2017.06.05-20.21.23:962][  0]LogOutputDevice:Error: Class which was marked abstract was trying to be loaded.  It will be nulled out on save. VRMovementComponent PawnMovementComponent
[2017.06.05-20.21.23:962][  0]LogOutputDevice:Error: Stack: 
[2017.06.05-20.21.23:962][  0]LogOutputDevice:Error: UE4Editor-Core.dll!0x000000002A4BE1C6
[2017.06.05-20.21.23:962][  0]LogOutputDevice:Error: UE4Editor-Core.dll!0x000000002A26B7D2
[2017.06.05-20.21.23:962][  0]LogOutputDevice:Error: UE4Editor-Core.dll!0x000000002A281D96
[2017.06.05-20.21.23:962][  0]LogOutputDevice:Error: UE4Editor-CoreUObject.dll!0x0000000029E2178B
[2017.06.05-20.21.23:962][  0]LogOutputDevice:Error: UE4Editor-CoreUObject.dll!0x0000000029E1F6DB
[2017.06.05-20.21.23:962][  0]LogOutputDevice:Error: UE4Editor-CoreUObject.dll!0x0000000029E22317
[2017.06.05-20.21.23:962][  0]LogOutputDevice:Error: UE4Editor-CoreUObject.dll!0x0000000029DEDE98
[2017.06.05-20.21.23:962][  0]LogOutputDevice:Error: UE4Editor-CoreUObject.dll!0x0000000029D41E14
[2017.06.05-20.21.23:962][  0]LogOutputDevice:Error: UE4Editor-VRfpsPrototype-7423.dll!AVRFPSPawn::AVRFPSPawn() [c:\users\pluna\documents\github\vrfpsprototype\vrfpsprototype\source\vrfpsprototype\vrfpspawn.cpp:13]
[2017.06.05-20.21.23:962][  0]LogOutputDevice:Error: UE4Editor-CoreUObject.dll!0x0000000029BC3E72
[2017.06.05-20.21.23:962][  0]LogOutputDevice:Error: UE4Editor-CoreUObject.dll!0x0000000029E2AF5B
[2017.06.05-20.21.23:962][  0]LogOutputDevice:Error: UE4Editor-CoreUObject.dll!0x0000000029E0E9A3
[2017.06.05-20.21.23:962][  0]LogOutputDevice:Error: UE4Editor-CoreUObject.dll!0x0000000029BC5C97
[2017.06.05-20.21.23:962][  0]LogOutputDevice:Error: UE4Editor-Core.dll!0x000000002A10F670
[2017.06.05-20.21.23:962][  0]LogOutputDevice:Error: UE4Editor-Core.dll!0x000000002A363750
[2017.06.05-20.21.23:963][  0]LogOutputDevice:Error: UE4Editor-Projects.dll!0x000000005367BF80
[2017.06.05-20.21.23:963][  0]LogOutputDevice:Error: UE4Editor-Projects.dll!0x000000005367C2BE
[2017.06.05-20.21.23:963][  0]LogOutputDevice:Error: UE4Editor.exe!0x0000000071992F71
[2017.06.05-20.21.23:963][  0]LogOutputDevice:Error: UE4Editor.exe!0x0000000071996E2B
[2017.06.05-20.21.23:963][  0]LogOutputDevice:Error: UE4Editor.exe!0x000000007198EEDA
[2017.06.05-20.21.23:963][  0]LogOutputDevice:Error: UE4Editor.exe!0x000000007198F12A
[2017.06.05-20.21.23:963][  0]LogOutputDevice:Error: UE4Editor.exe!0x00000000719A0CF9
[2017.06.05-20.21.23:963][  0]LogOutputDevice:Error: UE4Editor.exe!0x00000000719A25F7
[2017.06.05-20.21.23:963][  0]LogOutputDevice:Error: KERNEL32.DLL!0x0000000075492774
[2017.06.05-20.21.23:963][  0]LogOutputDevice:Error: ntdll.dll!0x0000000077640D61
[2017.06.05-20.21.23:963][  0]LogOutputDevice:Error: 
[2017.06.05-20.21.23:969][  0]LogStats:                SubmitErrorReport -  0.000 s
[2017.06.05-20.21.24:328][  0]LogStats:                    SendNewReport -  0.359 s
[2017.06.05-20.21.24:328][  0]LogStats:             FDebug::EnsureFailed -  0.438 s
[2017.06.05-20.21.24:828][  0]LogMaterial: Uniform references updated for custom material expression Custom.
[2017.06.05-20.21.25:724][  0]SourceControl: Info Source control is disabled
[2017.06.05-20.21.25:783][  0]SourceControl: Info Source control is disabled
[2017.06.05-20.21.25:893][  0]SourceControl: Info Source control is disabled
[2017.06.05-20.21.26:001][  0]SourceControl: Info Source control is disabled
[2017.06.05-20.21.27:629][  0]LogAndroidPermission: UAndroidPermissionCallbackProxy::GetInstance
[2017.06.05-20.21.29:023][  0]LogEngine: Initializing Engine...
[2017.06.05-20.21.29:023][  0]LogHMD: Oculus plugin initialized. Version: 4.16.1-3466753+++UE4+Release-4.16, LibOVR: 1.15.0, SDK: 1.12.0, built May 31 2017, 02:11:10
[2017.06.05-20.21.29:241][  0]OCULUS: Debug: [HMDState] Using default profile default
[2017.06.05-20.21.29:241][  0]OCULUS: Info: IAD changed to 59.9mm
[2017.06.05-20.21.29:241][  0]LogStats: UGameplayTagsManager::ConstructGameplayTagTree: Construct from data asset -  0.000 s
[2017.06.05-20.21.29:241][  0]LogStats: UGameplayTagsManager::ConstructGameplayTagTree: GameplayTagTreeChangedEvent.Broadcast -  0.000 s
[2017.06.05-20.21.29:547][  0]LogAIModule: Creating AISystem for world Untitled
[2017.06.05-20.21.29:556][  0]LogInit: XAudio2 using 'Speakers (Realtek High Definition Audio)' : 2 channels at 48 kHz using 32 bits per sample (channel mask 0x3)
[2017.06.05-20.21.29:569][  0]LogInit: FAudioDevice initialized.
[2017.06.05-20.21.29:618][  0]LogDerivedDataCache: Saved boot cache 0.05s 103MB C:/Users/PLuna/AppData/Local/UnrealEngine/4.16/DerivedDataCache/Boot.ddc.
[2017.06.05-20.21.29:632][  0]LogInit: Texture streaming: Enabled
[2017.06.05-20.21.29:861][  0]LogEngineSessionManager: EngineSessionManager initialized
[2017.06.05-20.21.29:861][  0]LogEngineSessionManager: EngineSessionManager sent abnormal shutdown report. Type=AbnormalShutdown, SessionId={9C604119-4E1D-25DE-F3D1-CA8F9BE7A6C4}
[2017.06.05-20.21.29:861][  0]LogEngineSessionManager: EngineSessionManager sent abnormal shutdown report. Type=AbnormalShutdown, SessionId={A7710473-4C72-DEFA-77CD-51987A73881B}
[2017.06.05-20.21.30:374][  0]LogInit: Transaction tracking system initialized
[2017.06.05-20.21.31:124][  0]BlueprintLog: New page: Editor Load
[2017.06.05-20.21.33:368][  0]LocalizationService: Info Localization service is disabled
[2017.06.05-20.21.34:969][  0]LogConsoleResponse:Display: 
[2017.06.05-20.21.35:188][  0]LogCook:Display: Max memory allowance for cook 16384mb min free memory 0mb
[2017.06.05-20.21.35:188][  0]LogCook:Display: Mobile HDR setting 1
[2017.06.05-20.21.35:807][  0]LogFileCache: Scanning file cache for directory 'C:/Users/PLuna/Documents/GitHub/VRfpsPrototype/VRfpsPrototype/Content/' took 0.01s
[2017.06.05-20.21.37:656][  0]SourceControl: Info Source control is disabled
[2017.06.05-20.21.37:656][  0]Cmd: MAP LOAD FILE="../../../../../../Users/PLuna/Documents/GitHub/VRfpsPrototype/VRfpsPrototype/Content/VirtualRealityBP/Maps/StartupMap.umap" TEMPLATE=0 SHOWPROGRESS=1 FEATURELEVEL=3
[2017.06.05-20.21.37:658][  0]LightingResults: New page: Lighting Build
[2017.06.05-20.21.37:777][  0]MapCheck: New page: Map Check
[2017.06.05-20.21.37:777][  0]LightingResults: New page: Lighting Build
[2017.06.05-20.21.37:888][  0]LogAIModule: Creating AISystem for world StartupMap
[2017.06.05-20.21.37:899][  0]LogEditorServer: Finished looking for orphan Actors (0.000 secs)
[2017.06.05-20.21.37:907][  0]Cmd: MAP CHECKDEP NOCLEARLOG
[2017.06.05-20.21.38:040][  0]MapCheck: Info Map check complete: 0 Error(s), 0 Warning(s), took 132.69ms to complete.
[2017.06.05-20.21.38:040][  0]LogFileHelpers: Loading map 'StartupMap' took 0.384
[2017.06.05-20.21.38:102][  0]LogWindowsTextInputMethodSystem:Display: IME system now deactivated.
[2017.06.05-20.21.38:236][  0]LogCollectionManager: Loaded 0 collections in 0.001664 seconds
[2017.06.05-20.21.38:384][  0]LogFileCache: Scanning file cache for directory 'C:/Users/PLuna/Documents/GitHub/VRfpsPrototype/VRfpsPrototype/Saved/Collections/' took 0.01s
[2017.06.05-20.21.38:384][  0]LogFileCache: Scanning file cache for directory 'C:/Users/PLuna/Documents/GitHub/VRfpsPrototype/VRfpsPrototype/Content/Developers/pluna/Collections/' took 0.01s
[2017.06.05-20.21.38:384][  0]LogFileCache: Scanning file cache for directory 'C:/Users/PLuna/Documents/GitHub/VRfpsPrototype/VRfpsPrototype/Content/Collections/' took 0.01s
[2017.06.05-20.21.38:384][  0]LogCollectionManager: Rebuilt the GUID cache for 0 collections in 0.000001 seconds
[2017.06.05-20.21.38:395][  0]LogContentBrowser: Native class hierarchy populated in 0.0102 seconds. Added 2331 classes and 493 folders.
[2017.06.05-20.21.38:687][  0]LogContentBrowser: Native class hierarchy updated for 'WidgetCarousel' in 0.0019 seconds. Added 0 classes and 0 folders.
[2017.06.05-20.21.39:060][  0]LogContentBrowser: Native class hierarchy updated for 'AddContentDialog' in 0.0021 seconds. Added 0 classes and 0 folders.
[2017.06.05-20.21.39:172][  0]LogContentBrowser: Native class hierarchy updated for 'SceneOutliner' in 0.0022 seconds. Added 1 classes and 2 folders.
[2017.06.05-20.21.39:265][  0]LogCrashTracker: Crashtracker disabled due to settings.
[2017.06.05-20.21.39:274][  0]LogSlate: Took 0.000286 seconds to synchronously load lazily loaded font '../../../Engine/Content/Slate/Fonts/Roboto-Regular.ttf' (155K)
[2017.06.05-20.21.39:276][  0]LogSlate: Took 0.000598 seconds to synchronously load lazily loaded font '../../../Engine/Content/Slate/Fonts/Roboto-Bold.ttf' (160K)
[2017.06.05-20.21.39:284][  0]LogSlate: Took 0.001566 seconds to synchronously load lazily loaded font '../../../Engine/Content/Editor/Slate/Fonts/FontAwesome.ttf' (139K)
[2017.06.05-20.21.39:386][  0]LogRenderer: Reallocating scene render targets to support 1208x576 NumSamples 1 (Frame:1).
[2017.06.05-20.21.39:490][  0]LogUObjectGlobals:Warning: Failed to find object 'Class None.'
[2017.06.05-20.21.39:613][  0]LogContentBrowser: Native class hierarchy updated for 'HierarchicalLODOutliner' in 0.0022 seconds. Added 1 classes and 2 folders.
[2017.06.05-20.21.39:614][  0]LogLoad: (Engine Initialization) Total time: 33.04 seconds
[2017.06.05-20.21.39:614][  0]LogLoad: (Engine Initialization) Total Blueprint compile time: 0.10 seconds
[2017.06.05-20.21.39:614][  0]LogExternalProfiler: Found external profiler: VSPerf
[2017.06.05-20.21.39:614][  0]LogExternalProfiler: Using external profiler: VSPerf
[2017.06.05-20.21.39:624][  0]LogOcInput: OculusInput pre-init called
[2017.06.05-20.21.39:635][  0]LogOcInput: OculusInput is initialized. Init status 0. Runtime version: 1.15.0
[2017.06.05-20.21.39:635][  0]LogHMD: Starting GearVRController plugin
[2017.06.05-20.21.39:649][  0]LogAssetRegistry: Asset discovery search completed in 21.5888 seconds
[2017.06.05-20.21.39:650][  0]LogCollectionManager: Rebuilt the object cache for 0 collections in 0.000001 seconds (found 0 objects)
[2017.06.05-20.21.39:650][  0]LogCollectionManager: Fixed up redirectors for 0 collections in 0.000039 seconds (updated 0 objects)
[2017.06.05-20.21.39:654][  0]LogContentStreaming: Texture pool size now 1000 MB
[2017.06.05-20.21.39:700][  0]LogSlate: Took 0.001548 seconds to synchronously load lazily loaded font '../../../Engine/Content/Slate/Fonts/Roboto-Light.ttf' (159K)
[2017.06.05-20.22.19:745][403]LogSlate: Took 0.000178 seconds to synchronously load lazily loaded font '../../../Engine/Content/Slate/Fonts/Roboto-Light.ttf' (159K)
[2017.06.05-20.22.19:987][403]LogAIModule: Creating AISystem for world MotionControllerMap
[2017.06.05-20.22.20:008][403]Cmd: MAP LOAD FILE="../../../../../../Users/PLuna/Documents/GitHub/VRfpsPrototype/VRfpsPrototype/Content/VirtualRealityBP/Maps/MotionControllerMap.umap" TEMPLATE=0 SHOWPROGRESS=1 FEATURELEVEL=3
[2017.06.05-20.22.20:008][403]LightingResults: New page: Lighting Build
[2017.06.05-20.22.20:009][403]LoadErrors: New page: Loading map: MotionControllerMap.umap
[2017.06.05-20.22.20:010][403]MapCheck: New page: Map Check
[2017.06.05-20.22.20:010][403]LightingResults: New page: Lighting Build
[2017.06.05-20.22.20:022][403]LogEditorServer: Finished looking for orphan Actors (0.000 secs)
[2017.06.05-20.22.20:062][403]Cmd: MAP CHECKDEP NOCLEARLOG
[2017.06.05-20.22.20:192][403]MapCheck: Info Map check complete: 0 Error(s), 0 Warning(s), took 129.085ms to complete.
[2017.06.05-20.22.20:192][403]LogFileHelpers: Loading map 'MotionControllerMap' took 0.184
[2017.06.05-20.22.39:292][681]LogSlate: Took 0.001517 seconds to synchronously load lazily loaded font '../../../Engine/Content/Editor/Slate/Fonts/Roboto-BoldCondensed.ttf' (158K)
[2017.06.05-20.23.13:357][116]Running C:/Program Files/Epic Games/UE_4.16/Engine/Binaries/DotNET/UnrealBuildTool.exe  -projectfiles -project="C:/Users/PLuna/Documents/GitHub/VRfpsPrototype/VRfpsPrototype/VRfpsPrototype.uproject" -game -rocket -progress
[2017.06.05-20.23.13:560][116]Discovering modules, targets and source code for project...
[2017.06.05-20.23.16:570][116]LogSlate: Took 0.000184 seconds to synchronously load lazily loaded font '../../../Engine/Content/Slate/Fonts/Roboto-Regular.ttf' (155K)
[2017.06.05-20.23.18:086][116]LogVSAccessor:Warning: Couldn't access Visual Studio
[2017.06.05-20.23.18:093][116]Candidate modules for hot reload:
[2017.06.05-20.23.18:093][116]  VRfpsPrototype
[2017.06.05-20.23.18:094][116]Launching UnrealBuildTool... [C:/Program Files/Epic Games/UE_4.16/Engine/Binaries/DotNET/UnrealBuildTool.exe VRfpsPrototype -ModuleWithSuffix VRfpsPrototype 7846 Win64 Development -editorrecompile -canskiplink "C:/Users/PLuna/Documents/GitHub/VRfpsPrototype/VRfpsPrototype/VRfpsPrototype.uproject" ]
[2017.06.05-20.23.41:457][116]CompilerResultsLog: New page: Compilation - Jun 5, 2017, 6:23:41 AM
[2017.06.05-20.23.41:458][116]CompilerResultsLog: Info Creating makefile for hot reloading VRfpsPrototype (.uproject file is newer)
[2017.06.05-20.23.41:458][116]CompilerResultsLog: Info Compiling game modules for hot reload
[2017.06.05-20.23.41:458][116]CompilerResultsLog: Info Parsing headers for VRfpsPrototypeEditor
[2017.06.05-20.23.41:458][116]CompilerResultsLog: Info   Running UnrealHeaderTool "C:\Users\PLuna\Documents\GitHub\VRfpsPrototype\VRfpsPrototype\VRfpsPrototype.uproject" "C:\Users\PLuna\Documents\GitHub\VRfpsPrototype\VRfpsPrototype\Intermediate\Build\Win64\VRfpsPrototypeEditor\Development\VRfpsPrototypeEditor.uhtmanifest" -LogCmds="loginit warning, logexit warning, logdatabase error" -Unattended -WarningsAsErrors -installed
[2017.06.05-20.23.41:458][116]CompilerResultsLog: Info Reflection code generated for VRfpsPrototypeEditor in 7.3965164 seconds
[2017.06.05-20.23.41:458][116]CompilerResultsLog: Info Performing 4 actions (9 in parallel)
[2017.06.05-20.23.41:458][116]CompilerResultsLog: Info EnemyAI.cpp
[2017.06.05-20.23.41:458][116]CompilerResultsLog: Info VRfpsPrototype.generated.cpp
[2017.06.05-20.23.41:458][116]CompilerResultsLog: Info [3/4] Link UE4Editor-VRfpsPrototype-7846.dll
[2017.06.05-20.23.41:458][116]CompilerResultsLog: Info [4/4] Link UE4Editor-VRfpsPrototype-7846.lib
[2017.06.05-20.23.41:458][116]CompilerResultsLog: Info    Creating library C:\Users\PLuna\Documents\GitHub\VRfpsPrototype\VRfpsPrototype\Intermediate\Build\Win64\UE4Editor\Development\UE4Editor-VRfpsPrototype-7846.lib and object C:\Users\PLuna\Documents\GitHub\VRfpsPrototype\VRfpsPrototype\Intermediate\Build\Win64\UE4Editor\Development\UE4Editor-VRfpsPrototype-7846.exp
[2017.06.05-20.23.41:458][116]CompilerResultsLog: Info    Creating library C:\Users\PLuna\Documents\GitHub\VRfpsPrototype\VRfpsPrototype\Intermediate\Build\Win64\UE4Editor\Development\UE4Editor-VRfpsPrototype-7846.suppressed.lib and object C:\Users\PLuna\Documents\GitHub\VRfpsPrototype\VRfpsPrototype\Intermediate\Build\Win64\UE4Editor\Development\UE4Editor-VRfpsPrototype-7846.suppressed.exp
[2017.06.05-20.23.41:458][116]CompilerResultsLog: Info Total build time: 23.17 seconds (Local executor: 5.27 seconds)
[2017.06.05-20.23.41:458][116]LogMainFrame: MainFrame: Module compiling took 23.372 seconds
[2017.06.05-20.23.41:571][116]LogUObjectGlobals:Warning: Class which was marked abstract was trying to be loaded.  It will be nulled out on save. VRMovementComponent PawnMovementComponent
[2017.06.05-20.23.41:571][116]LogClass: Could not find existing class EnemyAI in package /Script/VRfpsPrototype for HotReload, assuming new class
[2017.06.05-20.23.41:574][116]LogUObjectGlobals:Warning: Class which was marked abstract was trying to be loaded.  It will be nulled out on save. VRMovementComponent PawnMovementComponent
[2017.06.05-20.23.41:576][116]LogContentBrowser: Native class hierarchy updated for 'VRfpsPrototype' in 0.0022 seconds. Added 3 classes and 2 folders.
[2017.06.05-20.23.41:577][116]Display: HotReload successful (0 functions remapped  0 scriptstructs remapped)
[2017.06.05-20.23.41:659][116]LogContentBrowser: Native class hierarchy populated in 0.0107 seconds. Added 2334 classes and 497 folders.
[2017.06.05-20.23.41:659][116]Display: HotReload took 23.6s.
[2017.06.05-20.23.41:661][116]Warning: HotReload operation took 23.6s.
[2017.06.05-20.23.41:705][116]LogHotReload: New module detected: UE4Editor-VRfpsPrototype-7846.dll
[2017.06.05-20.23.41:747][117]LogHotReload: Starting Hot-Reload from IDE
[2017.06.05-20.23.41:896][117]LogContentBrowser: Native class hierarchy updated for 'VRfpsPrototype' in 0.0020 seconds. Added 3 classes and 2 folders.
[2017.06.05-20.23.41:897][117]Display: HotReload successful (0 functions remapped  0 scriptstructs remapped)
[2017.06.05-20.23.41:910][117]LogContentBrowser: Native class hierarchy populated in 0.0104 seconds. Added 2334 classes and 497 folders.
[2017.06.05-20.23.41:917][117]Display: HotReload took  0.2s.
[2017.06.05-20.23.47:489][123]LogVSAccessor:Warning: Couldn't goto line number '0' in 'C:/Users/PLuna/Documents/GitHub/VRfpsPrototype/VRfpsPrototype/Source/VRfpsPrototype/EnemyAI.h'
[2017.06.05-20.23.47:516][123]LogVSAccessor:Warning: Couldn't goto line number '0' in 'C:/Users/PLuna/Documents/GitHub/VRfpsPrototype/VRfpsPrototype/Source/VRfpsPrototype/EnemyAI.cpp'
[2017.06.05-20.24.03:036][515]Running C:/Program Files/Epic Games/UE_4.16/Engine/Binaries/DotNET/UnrealBuildTool.exe VRfpsPrototype Win64 Development -editorrecompile "C:/Users/PLuna/Documents/GitHub/VRfpsPrototype/VRfpsPrototype/VRfpsPrototype.uproject" -invalidatemakefilesonly
[2017.06.05-20.24.03:339][515]Invalidating makefiles only in this run.
[2017.06.05-20.24.03:651][515]Candidate modules for hot reload:
[2017.06.05-20.24.03:651][515]  VRfpsPrototype
[2017.06.05-20.24.03:652][515]Launching UnrealBuildTool... [C:/Program Files/Epic Games/UE_4.16/Engine/Binaries/DotNET/UnrealBuildTool.exe VRfpsPrototype -ModuleWithSuffix VRfpsPrototype 9200 Win64 Development -editorrecompile -canskiplink "C:/Users/PLuna/Documents/GitHub/VRfpsPrototype/VRfpsPrototype/VRfpsPrototype.uproject" ]
[2017.06.05-20.24.23:488][515]CompilerResultsLog: New page: Compilation - Jun 5, 2017, 6:24:23 AM
[2017.06.05-20.24.23:488][515]CompilerResultsLog: Info Creating makefile for hot reloading VRfpsPrototype (no existing makefile)
[2017.06.05-20.24.23:488][515]CompilerResultsLog: Info Compiling game modules for hot reload
[2017.06.05-20.24.23:488][515]CompilerResultsLog: Info Parsing headers for VRfpsPrototypeEditor
[2017.06.05-20.24.23:488][515]CompilerResultsLog: Info   Running UnrealHeaderTool "C:\Users\PLuna\Documents\GitHub\VRfpsPrototype\VRfpsPrototype\VRfpsPrototype.uproject" "C:\Users\PLuna\Documents\GitHub\VRfpsPrototype\VRfpsPrototype\Intermediate\Build\Win64\VRfpsPrototypeEditor\Development\VRfpsPrototypeEditor.uhtmanifest" -LogCmds="loginit warning, logexit warning, logdatabase error" -Unattended -WarningsAsErrors -installed
[2017.06.05-20.24.23:488][515]CompilerResultsLog: Info Reflection code generated for VRfpsPrototypeEditor in 7.5346366 seconds
[2017.06.05-20.24.23:488][515]CompilerResultsLog: Info Performing 4 actions (9 in parallel)
[2017.06.05-20.24.23:488][515]CompilerResultsLog: Info VRfpsPrototype.generated.cpp
[2017.06.05-20.24.23:488][515]CompilerResultsLog: Info EnemyCharacter.cpp
[2017.06.05-20.24.23:488][515]CompilerResultsLog: Info [3/4] Link UE4Editor-VRfpsPrototype-9200.dll
[2017.06.05-20.24.23:488][515]CompilerResultsLog: Info [4/4] Link UE4Editor-VRfpsPrototype-9200.lib
[2017.06.05-20.24.23:488][515]CompilerResultsLog: Info    Creating library C:\Users\PLuna\Documents\GitHub\VRfpsPrototype\VRfpsPrototype\Intermediate\Build\Win64\UE4Editor\Development\UE4Editor-VRfpsPrototype-9200.lib and object C:\Users\PLuna\Documents\GitHub\VRfpsPrototype\VRfpsPrototype\Intermediate\Build\Win64\UE4Editor\Development\UE4Editor-VRfpsPrototype-9200.exp
[2017.06.05-20.24.23:488][515]CompilerResultsLog: Info    Creating library C:\Users\PLuna\Documents\GitHub\VRfpsPrototype\VRfpsPrototype\Intermediate\Build\Win64\UE4Editor\Development\UE4Editor-VRfpsPrototype-9200.suppressed.lib and object C:\Users\PLuna\Documents\GitHub\VRfpsPrototype\VRfpsPrototype\Intermediate\Build\Win64\UE4Editor\Development\UE4Editor-VRfpsPrototype-9200.suppressed.exp
[2017.06.05-20.24.23:488][515]CompilerResultsLog: Info Total build time: 19.64 seconds (Local executor: 3.05 seconds)
[2017.06.05-20.24.23:488][515]LogMainFrame: MainFrame: Module compiling took 19.843 seconds
[2017.06.05-20.24.23:610][515]LogUObjectGlobals:Warning: Class which was marked abstract was trying to be loaded.  It will be nulled out on save. VRMovementComponent PawnMovementComponent
[2017.06.05-20.24.23:611][515]LogClass: Could not find existing class EnemyCharacter in package /Script/VRfpsPrototype for HotReload, assuming new class
[2017.06.05-20.24.23:614][515]LogUObjectGlobals:Warning: Class which was marked abstract was trying to be loaded.  It will be nulled out on save. VRMovementComponent PawnMovementComponent
[2017.06.05-20.24.23:617][515]LogContentBrowser: Native class hierarchy updated for 'VRfpsPrototype' in 0.0025 seconds. Added 4 classes and 2 folders.
[2017.06.05-20.24.23:618][515]Display: HotReload successful (0 functions remapped  0 scriptstructs remapped)
[2017.06.05-20.24.23:647][515]LogContentBrowser: Native class hierarchy populated in 0.0105 seconds. Added 2335 classes and 497 folders.
[2017.06.05-20.24.23:647][515]Display: HotReload took 20.2s.
[2017.06.05-20.24.23:648][515]Warning: HotReload operation took 20.2s.
[2017.06.05-20.24.23:871][515]LogVSAccessor:Warning: Couldn't goto line number '0' in 'C:/Users/PLuna/Documents/GitHub/VRfpsPrototype/VRfpsPrototype/Source/VRfpsPrototype/EnemyCharacter.h'
[2017.06.05-20.24.24:025][515]LogVSAccessor:Warning: Couldn't goto line number '0' in 'C:/Users/PLuna/Documents/GitHub/VRfpsPrototype/VRfpsPrototype/Source/VRfpsPrototype/EnemyCharacter.cpp'
[2017.06.05-20.24.24:048][515]LogHotReload: New module detected: UE4Editor-VRfpsPrototype-9200.dll
[2017.06.05-20.24.24:074][516]LogHotReload: Starting Hot-Reload from IDE
[2017.06.05-20.24.24:221][516]LogContentBrowser: Native class hierarchy updated for 'VRfpsPrototype' in 0.0022 seconds. Added 4 classes and 2 folders.
[2017.06.05-20.24.24:223][516]Display: HotReload successful (0 functions remapped  0 scriptstructs remapped)
[2017.06.05-20.24.24:236][516]LogContentBrowser: Native class hierarchy populated in 0.0110 seconds. Added 2335 classes and 497 folders.
[2017.06.05-20.24.24:244][516]Display: HotReload took  0.2s.
[2017.06.05-20.27.10:935][ 23]LogSlate:Warning: Prevented a slow task dialog from being summoned while a context menu was open
[2017.06.05-20.28.04:961][797]LogMetaData: Removing '/Game/Content/AI/EnemyBT.EnemyBT:Behavior Tree.BehaviorTreeGraphNode_Root_0' ref from Metadata '/Game/Content/AI/EnemyBB.PackageMetaData'
[2017.06.05-20.28.04:979][797]Cmd: OBJ SAVEPACKAGE PACKAGE="/Game/Content/AI/EnemyBT" FILE="../../../../../../Users/PLuna/Documents/GitHub/VRfpsPrototype/VRfpsPrototype/Content/Content/AI/EnemyBT.uasset" SILENT=true
[2017.06.05-20.28.04:987][797]LogSavePackage: Save=3.18ms
[2017.06.05-20.28.04:987][797]LogSavePackage: Moving '../../../../../../Users/PLuna/Documents/GitHub/VRfpsPrototype/VRfpsPrototype/Saved/EnemyBTE67C61A441593F542AF0739041BBD1AC.tmp' to '../../../../../../Users/PLuna/Documents/GitHub/VRfpsPrototype/VRfpsPrototype/Content/Content/AI/EnemyBT.uasset'
[2017.06.05-20.28.04:992][797]LogSavePackage:Display: Finished SavePackage ../../../../../../Users/PLuna/Documents/GitHub/VRfpsPrototype/VRfpsPrototype/Content/Content/AI/EnemyBT.uasset
[2017.06.05-20.28.10:134][398]Cmd: OBJ SAVEPACKAGE PACKAGE="/Game/Content/AI/EnemyBB" FILE="../../../../../../Users/PLuna/Documents/GitHub/VRfpsPrototype/VRfpsPrototype/Content/Content/AI/EnemyBB.uasset" SILENT=true
[2017.06.05-20.28.10:140][398]LogSavePackage: Save=1.95ms
[2017.06.05-20.28.10:140][398]LogSavePackage: Moving '../../../../../../Users/PLuna/Documents/GitHub/VRfpsPrototype/VRfpsPrototype/Saved/EnemyBB1FBE753543CA0B214879E78776FB24ED.tmp' to '../../../../../../Users/PLuna/Documents/GitHub/VRfpsPrototype/VRfpsPrototype/Content/Content/AI/EnemyBB.uasset'
[2017.06.05-20.28.10:145][398]LogSavePackage:Display: Finished SavePackage ../../../../../../Users/PLuna/Documents/GitHub/VRfpsPrototype/VRfpsPrototype/Content/Content/AI/EnemyBB.uasset
[2017.06.05-20.28.39:254][681]Cmd: OBJ SAVEPACKAGE PACKAGE="/Game/Content/AI/EnemyBB" FILE="../../../../../../Users/PLuna/Documents/GitHub/VRfpsPrototype/VRfpsPrototype/Content/Content/AI/EnemyBB.uasset" SILENT=true
[2017.06.05-20.28.39:265][681]LogSavePackage: Save=1.86ms
[2017.06.05-20.28.39:265][681]LogSavePackage: Moving '../../../../../../Users/PLuna/Documents/GitHub/VRfpsPrototype/VRfpsPrototype/Saved/EnemyBBDFF1F59149B36A2473E52487AD9650E2.tmp' to '../../../../../../Users/PLuna/Documents/GitHub/VRfpsPrototype/VRfpsPrototype/Content/Content/AI/EnemyBB.uasset'
[2017.06.05-20.28.39:268][681]LogSavePackage:Display: Finished SavePackage ../../../../../../Users/PLuna/Documents/GitHub/VRfpsPrototype/VRfpsPrototype/Content/Content/AI/EnemyBB.uasset
[2017.06.05-20.28.49:557][908]Cmd: OBJ SAVEPACKAGE PACKAGE="/Game/Content/AI/EnemyBT" FILE="../../../../../../Users/PLuna/Documents/GitHub/VRfpsPrototype/VRfpsPrototype/Content/Content/AI/EnemyBT.uasset" SILENT=true
[2017.06.05-20.28.49:568][908]LogSavePackage: Save=2.51ms
[2017.06.05-20.28.49:568][908]LogSavePackage: Moving '../../../../../../Users/PLuna/Documents/GitHub/VRfpsPrototype/VRfpsPrototype/Saved/EnemyBTF74811F54B9BD844546EA0AA6E88D97C.tmp' to '../../../../../../Users/PLuna/Documents/GitHub/VRfpsPrototype/VRfpsPrototype/Content/Content/AI/EnemyBT.uasset'
[2017.06.05-20.28.49:571][908]LogSavePackage:Display: Finished SavePackage ../../../../../../Users/PLuna/Documents/GitHub/VRfpsPrototype/VRfpsPrototype/Content/Content/AI/EnemyBT.uasset
[2017.06.05-20.51.18:094][ 64]Candidate modules for hot reload:
[2017.06.05-20.51.18:094][ 64]  VRfpsPrototype
[2017.06.05-20.51.18:094][ 64]Launching UnrealBuildTool... [C:/Program Files/Epic Games/UE_4.16/Engine/Binaries/DotNET/UnrealBuildTool.exe VRfpsPrototype -ModuleWithSuffix VRfpsPrototype 290 Win64 Development -editorrecompile -canskiplink "C:/Users/PLuna/Documents/GitHub/VRfpsPrototype/VRfpsPrototype/VRfpsPrototype.uproject" ]
[2017.06.05-20.51.18:096][ 64]Warning: Starting HotReload took  0.0s.
[2017.06.05-20.51.35:191][438]CompilerResultsLog: New page: Compilation - Jun 5, 2017, 6:51:35 AM
[2017.06.05-20.51.35:191][438]CompilerResultsLog: Info Creating makefile for hot reloading VRfpsPrototype (changes to module files)
[2017.06.05-20.51.35:191][438]CompilerResultsLog: Info Compiling game modules for hot reload
[2017.06.05-20.51.35:191][438]CompilerResultsLog: Info Parsing headers for VRfpsPrototypeEditor
[2017.06.05-20.51.35:191][438]CompilerResultsLog: Info   Running UnrealHeaderTool "C:\Users\PLuna\Documents\GitHub\VRfpsPrototype\VRfpsPrototype\VRfpsPrototype.uproject" "C:\Users\PLuna\Documents\GitHub\VRfpsPrototype\VRfpsPrototype\Intermediate\Build\Win64\VRfpsPrototypeEditor\Development\VRfpsPrototypeEditor.uhtmanifest" -LogCmds="loginit warning, logexit warning, logdatabase error" -Unattended -WarningsAsErrors -installed
[2017.06.05-20.51.35:191][438]CompilerResultsLog: Info Reflection code generated for VRfpsPrototypeEditor in 7.1660597 seconds
[2017.06.05-20.51.35:192][438]CompilerResultsLog:Error: Error C:\Users\PLuna\Documents\GitHub\VRfpsPrototype\VRfpsPrototype\Source\VRfpsPrototype\EnemyAI.cpp(1) : error: Expected EnemyAI.h to be first header included.
[2017.06.05-20.51.35:192][438]CompilerResultsLog: Info Build canceled.
[2017.06.05-20.51.35:192][438]LogMainFrame: MainFrame: Module compiling took 17.105 seconds
[2017.06.05-20.51.35:192][438]Warning: HotReload failed, recompile failed
[2017.06.05-20.52.09:882][631]Candidate modules for hot reload:
[2017.06.05-20.52.09:882][631]  VRfpsPrototype
[2017.06.05-20.52.09:882][631]Launching UnrealBuildTool... [C:/Program Files/Epic Games/UE_4.16/Engine/Binaries/DotNET/UnrealBuildTool.exe VRfpsPrototype -ModuleWithSuffix VRfpsPrototype 620 Win64 Development -editorrecompile -canskiplink "C:/Users/PLuna/Documents/GitHub/VRfpsPrototype/VRfpsPrototype/VRfpsPrototype.uproject" ]
[2017.06.05-20.52.09:885][631]Warning: Starting HotReload took  0.0s.
[2017.06.05-20.52.41:889][297]CompilerResultsLog: New page: Compilation - Jun 5, 2017, 6:52:41 AM
[2017.06.05-20.52.41:889][297]CompilerResultsLog: Info Creating makefile for hot reloading VRfpsPrototype (changes to module files)
[2017.06.05-20.52.41:889][297]CompilerResultsLog: Info Compiling game modules for hot reload
[2017.06.05-20.52.41:889][297]CompilerResultsLog: Info Parsing headers for VRfpsPrototypeEditor
[2017.06.05-20.52.41:889][297]CompilerResultsLog: Info   Running UnrealHeaderTool "C:\Users\PLuna\Documents\GitHub\VRfpsPrototype\VRfpsPrototype\VRfpsPrototype.uproject" "C:\Users\PLuna\Documents\GitHub\VRfpsPrototype\VRfpsPrototype\Intermediate\Build\Win64\VRfpsPrototypeEditor\Development\VRfpsPrototypeEditor.uhtmanifest" -LogCmds="loginit warning, logexit warning, logdatabase error" -Unattended -WarningsAsErrors -installed
[2017.06.05-20.52.41:889][297]CompilerResultsLog: Info Reflection code generated for VRfpsPrototypeEditor in 11.0122513 seconds
[2017.06.05-20.52.41:889][297]CompilerResultsLog: Info Performing 5 actions (9 in parallel)
[2017.06.05-20.52.41:889][297]CompilerResultsLog: Info EnemyAI.cpp
[2017.06.05-20.52.41:889][297]CompilerResultsLog: Info EnemyCharacter.cpp
[2017.06.05-20.52.41:889][297]CompilerResultsLog: Info VRfpsPrototype.generated.cpp
[2017.06.05-20.52.41:890][297]CompilerResultsLog: Info [4/5] Link UE4Editor-VRfpsPrototype-620.dll
[2017.06.05-20.52.41:890][297]CompilerResultsLog: Info [5/5] Link UE4Editor-VRfpsPrototype-620.lib
[2017.06.05-20.52.41:890][297]CompilerResultsLog: Info    Creating library C:\Users\PLuna\Documents\GitHub\VRfpsPrototype\VRfpsPrototype\Intermediate\Build\Win64\UE4Editor\Development\UE4Editor-VRfpsPrototype-620.lib and object C:\Users\PLuna\Documents\GitHub\VRfpsPrototype\VRfpsPrototype\Intermediate\Build\Win64\UE4Editor\Development\UE4Editor-VRfpsPrototype-620.exp
[2017.06.05-20.52.41:890][297]CompilerResultsLog: Info    Creating library C:\Users\PLuna\Documents\GitHub\VRfpsPrototype\VRfpsPrototype\Intermediate\Build\Win64\UE4Editor\Development\UE4Editor-VRfpsPrototype-620.suppressed.lib and object C:\Users\PLuna\Documents\GitHub\VRfpsPrototype\VRfpsPrototype\Intermediate\Build\Win64\UE4Editor\Development\UE4Editor-VRfpsPrototype-620.suppressed.exp
[2017.06.05-20.52.41:890][297]CompilerResultsLog: Info Total build time: 31.69 seconds (Local executor: 5.58 seconds)
[2017.06.05-20.52.41:890][297]LogMainFrame: MainFrame: Module compiling took 32.017 seconds
[2017.06.05-20.52.42:061][297]LogUObjectGlobals:Warning: Class which was marked abstract was trying to be loaded.  It will be nulled out on save. VRMovementComponent PawnMovementComponent
[2017.06.05-20.52.42:061][297]LogClass: Could not find existing class EnemyAI in package /Script/VRfpsPrototype for HotReload, assuming new class
[2017.06.05-20.52.42:061][297]LogClass: Could not find existing class EnemyCharacter in package /Script/VRfpsPrototype for HotReload, assuming new class
[2017.06.05-20.52.42:067][297]LogHotReload: Re-instancing EnemyAI after hot-reload.
[2017.06.05-20.52.42:134][297]LogHotReload: Re-instancing EnemyCharacter after hot-reload.
[2017.06.05-20.52.42:199][297]LogUObjectGlobals:Warning: Class which was marked abstract was trying to be loaded.  It will be nulled out on save. VRMovementComponent PawnMovementComponent
[2017.06.05-20.52.42:202][297]LogContentBrowser: Native class hierarchy updated for 'VRfpsPrototype' in 0.0035 seconds. Added 4 classes and 2 folders.
[2017.06.05-20.52.42:205][297]Display: HotReload successful (0 functions remapped  0 scriptstructs remapped)
[2017.06.05-20.52.42:251][297]LogContentBrowser: Native class hierarchy populated in 0.0173 seconds. Added 2335 classes and 497 folders.
[2017.06.05-20.52.42:251][297]Display: HotReload took 32.4s.
[2017.06.05-20.53.05:858][430]LogPackageName: SearchForPackageOnDisk took   0.000s, but failed to resolve /Game/Content/AI/EnemyAI_BP.
[2017.06.05-20.53.23:652][871]LogPackageName: SearchForPackageOnDisk took   0.000s, but failed to resolve /Game/Content/AI/EnemyCharacter_BP.
[2017.06.05-20.53.50:119][305]LogFileHelpers: Editor autosave (incl. sublevels) for '/Game/VirtualRealityBP/Maps/MotionControllerMap' took 0.007
[2017.06.05-20.53.50:121][305]OBJ SavePackage: Generating thumbnails for [0] asset(s) in package [/Game/Content/AI/EnemyAI_BP] ([1] browsable assets)...
[2017.06.05-20.53.50:121][305]OBJ SavePackage: Finished generating thumbnails for package [/Game/Content/AI/EnemyAI_BP]
[2017.06.05-20.53.50:133][305]LogSavePackage: Save=9.67ms
[2017.06.05-20.53.50:133][305]LogSavePackage: Moving '../../../../../../Users/PLuna/Documents/GitHub/VRfpsPrototype/VRfpsPrototype/Saved/EnemyAI_BP_Auto1CF09D0914B06814A14C120A4A44C181E.tmp' to '../../../../../../Users/PLuna/Documents/GitHub/VRfpsPrototype/VRfpsPrototype/Saved/Autosaves/Game/Content/AI/EnemyAI_BP_Auto1.uasset'
[2017.06.05-20.53.50:134][305]LogSavePackage:Display: Finished SavePackage ../../../../../../Users/PLuna/Documents/GitHub/VRfpsPrototype/VRfpsPrototype/Saved/Autosaves/Game/Content/AI/EnemyAI_BP_Auto1.uasset
[2017.06.05-20.53.50:135][305]OBJ SavePackage: Generating thumbnails for [0] asset(s) in package [/Game/Content/AI/EnemyCharacter_BP] ([1] browsable assets)...
[2017.06.05-20.53.50:135][305]OBJ SavePackage: Finished generating thumbnails for package [/Game/Content/AI/EnemyCharacter_BP]
[2017.06.05-20.53.50:151][305]LogSavePackage: Save=12.75ms
[2017.06.05-20.53.50:151][305]LogSavePackage: Moving '../../../../../../Users/PLuna/Documents/GitHub/VRfpsPrototype/VRfpsPrototype/Saved/EnemyCharacter_BP_Auto1EF6ED1D8416D3598EA691A9BA9D648DD.tmp' to '../../../../../../Users/PLuna/Documents/GitHub/VRfpsPrototype/VRfpsPrototype/Saved/Autosaves/Game/Content/AI/EnemyCharacter_BP_Auto1.uasset'
[2017.06.05-20.53.50:152][305]LogSavePackage:Display: Finished SavePackage ../../../../../../Users/PLuna/Documents/GitHub/VRfpsPrototype/VRfpsPrototype/Saved/Autosaves/Game/Content/AI/EnemyCharacter_BP_Auto1.uasset
[2017.06.05-20.53.50:152][305]LogFileHelpers: Auto-saving content packages took 0.032
[2017.06.05-20.53.57:657][650]LogContentBrowser: Native class hierarchy updated for 'BlueprintGraph' in 0.0023 seconds. Added 112 classes and 0 folders.
[2017.06.05-20.54.02:056][ 20]BlueprintLog: New page: Compile EnemyCharacter_BP
[2017.06.05-20.54.21:639][924]LogRenderer: Reallocating scene render targets to support 1208x872 NumSamples 1 (Frame:1152).
[2017.06.05-20.54.38:595][908]LogSlate:Warning: Prevented a slow task dialog from being summoned while a context menu was open
[2017.06.05-20.54.40:833][173]BlueprintLog: New page: Compile EnemyCharacter_BP
[2017.06.05-20.54.41:307][202]LogSavePackage: Save=12.43ms
[2017.06.05-20.54.41:307][202]LogSavePackage: Moving '../../../../../../Users/PLuna/Documents/GitHub/VRfpsPrototype/VRfpsPrototype/Saved/EnemyCharacter_BP0C4934744A57BDCBBA9AEB92858B41BD.tmp' to '../../../../../../Users/PLuna/Documents/GitHub/VRfpsPrototype/VRfpsPrototype/Content/Content/AI/EnemyCharacter_BP.uasset'
[2017.06.05-20.54.41:311][202]LogSavePackage:Display: Finished SavePackage ../../../../../../Users/PLuna/Documents/GitHub/VRfpsPrototype/VRfpsPrototype/Content/Content/AI/EnemyCharacter_BP.uasset
[2017.06.05-20.54.41:387][211]LogPackageName: SearchForPackageOnDisk took   0.000s to resolve /Game/Content/AI/EnemyCharacter_BP.
[2017.06.05-20.54.41:581][234]LogSlate: Took 0.001774 seconds to synchronously load lazily loaded font '../../../Engine/Content/Editor/Slate/Fonts/Roboto-Italic.ttf' (157K)
[2017.06.05-20.57.04:767][462]Running C:/Program Files/Epic Games/UE_4.16/Engine/Binaries/DotNET/UnrealBuildTool.exe VRfpsPrototype Win64 Development -editorrecompile "C:/Users/PLuna/Documents/GitHub/VRfpsPrototype/VRfpsPrototype/VRfpsPrototype.uproject" -invalidatemakefilesonly
[2017.06.05-20.57.05:069][462]Invalidating makefiles only in this run.
[2017.06.05-20.57.05:184][462]Candidate modules for hot reload:
[2017.06.05-20.57.05:184][462]  VRfpsPrototype
[2017.06.05-20.57.05:185][462]Launching UnrealBuildTool... [C:/Program Files/Epic Games/UE_4.16/Engine/Binaries/DotNET/UnrealBuildTool.exe VRfpsPrototype -ModuleWithSuffix VRfpsPrototype 812 Win64 Development -editorrecompile -canskiplink "C:/Users/PLuna/Documents/GitHub/VRfpsPrototype/VRfpsPrototype/VRfpsPrototype.uproject" ]
[2017.06.05-20.57.26:063][462]CompilerResultsLog: New page: Compilation - Jun 5, 2017, 6:57:26 AM
[2017.06.05-20.57.26:063][462]CompilerResultsLog: Info Creating makefile for hot reloading VRfpsPrototype (no existing makefile)
[2017.06.05-20.57.26:063][462]CompilerResultsLog: Info Compiling game modules for hot reload
[2017.06.05-20.57.26:063][462]CompilerResultsLog: Info Parsing headers for VRfpsPrototypeEditor
[2017.06.05-20.57.26:063][462]CompilerResultsLog: Info   Running UnrealHeaderTool "C:\Users\PLuna\Documents\GitHub\VRfpsPrototype\VRfpsPrototype\VRfpsPrototype.uproject" "C:\Users\PLuna\Documents\GitHub\VRfpsPrototype\VRfpsPrototype\Intermediate\Build\Win64\VRfpsPrototypeEditor\Development\VRfpsPrototypeEditor.uhtmanifest" -LogCmds="loginit warning, logexit warning, logdatabase error" -Unattended -WarningsAsErrors -installed
[2017.06.05-20.57.26:063][462]CompilerResultsLog: Info Reflection code generated for VRfpsPrototypeEditor in 7.626115 seconds
[2017.06.05-20.57.26:064][462]CompilerResultsLog: Info Performing 4 actions (9 in parallel)
[2017.06.05-20.57.26:064][462]CompilerResultsLog: Info BTService_CheckForPlayer.cpp
[2017.06.05-20.57.26:064][462]CompilerResultsLog: Info VRfpsPrototype.generated.cpp
[2017.06.05-20.57.26:064][462]CompilerResultsLog: Info [3/4] Link UE4Editor-VRfpsPrototype-812.dll
[2017.06.05-20.57.26:064][462]CompilerResultsLog: Info [4/4] Link UE4Editor-VRfpsPrototype-812.lib
[2017.06.05-20.57.26:064][462]CompilerResultsLog: Info    Creating library C:\Users\PLuna\Documents\GitHub\VRfpsPrototype\VRfpsPrototype\Intermediate\Build\Win64\UE4Editor\Development\UE4Editor-VRfpsPrototype-812.lib and object C:\Users\PLuna\Documents\GitHub\VRfpsPrototype\VRfpsPrototype\Intermediate\Build\Win64\UE4Editor\Development\UE4Editor-VRfpsPrototype-812.exp
[2017.06.05-20.57.26:064][462]CompilerResultsLog: Info    Creating library C:\Users\PLuna\Documents\GitHub\VRfpsPrototype\VRfpsPrototype\Intermediate\Build\Win64\UE4Editor\Development\UE4Editor-VRfpsPrototype-812.suppressed.lib and object C:\Users\PLuna\Documents\GitHub\VRfpsPrototype\VRfpsPrototype\Intermediate\Build\Win64\UE4Editor\Development\UE4Editor-VRfpsPrototype-812.suppressed.exp
[2017.06.05-20.57.26:064][462]CompilerResultsLog:Error: Error BTService_CheckForPlayer.cpp.obj : error LNK2001: unresolved external symbol "public: virtual void __cdecl IGameplayTaskOwnerInterface::OnGameplayTaskActivated(class UGameplayTask &)" (?OnGameplayTaskActivated@IGameplayTaskOwnerInterface@@UEAAXAEAVUGameplayTask@@@Z)
[2017.06.05-20.57.26:064][462]CompilerResultsLog:Error: Error VRfpsPrototype.generated.cpp.obj : error LNK2001: unresolved external symbol "public: virtual void __cdecl IGameplayTaskOwnerInterface::OnGameplayTaskActivated(class UGameplayTask &)" (?OnGameplayTaskActivated@IGameplayTaskOwnerInterface@@UEAAXAEAVUGameplayTask@@@Z)
[2017.06.05-20.57.26:064][462]CompilerResultsLog:Error: Error BTService_CheckForPlayer.cpp.obj : error LNK2001: unresolved external symbol "public: virtual void __cdecl IGameplayTaskOwnerInterface::OnGameplayTaskDeactivated(class UGameplayTask &)" (?OnGameplayTaskDeactivated@IGameplayTaskOwnerInterface@@UEAAXAEAVUGameplayTask@@@Z)
[2017.06.05-20.57.26:064][462]CompilerResultsLog:Error: Error VRfpsPrototype.generated.cpp.obj : error LNK2001: unresolved external symbol "public: virtual void __cdecl IGameplayTaskOwnerInterface::OnGameplayTaskDeactivated(class UGameplayTask &)" (?OnGameplayTaskDeactivated@IGameplayTaskOwnerInterface@@UEAAXAEAVUGameplayTask@@@Z)
[2017.06.05-20.57.26:064][462]CompilerResultsLog:Error: Error C:\Users\PLuna\Documents\GitHub\VRfpsPrototype\VRfpsPrototype\Binaries\Win64\UE4Editor-VRfpsPrototype-812.dll : fatal error LNK1120: 2 unresolved externals
[2017.06.05-20.57.26:064][462]CompilerResultsLog: Info ERROR: UBT ERROR: Failed to produce item: C:\Users\PLuna\Documents\GitHub\VRfpsPrototype\VRfpsPrototype\Binaries\Win64\UE4Editor-VRfpsPrototype-812.dll
[2017.06.05-20.57.26:064][462]CompilerResultsLog: Info Total build time: 20.66 seconds (Local executor: 0.00 seconds)
[2017.06.05-20.57.26:064][462]LogMainFrame: MainFrame: Module compiling took 20.887 seconds
[2017.06.05-20.57.26:064][462]Warning: HotReload failed, recompile failed
[2017.06.05-20.57.26:069][462]Warning: RebindPackages failed because the compiler could not be started.
[2017.06.05-20.58.31:563][463]LogHotReload: New module detected: UE4Editor-VRfpsPrototype-812.dll
[2017.06.05-21.17.44:062][601]Candidate modules for hot reload:
[2017.06.05-21.17.44:062][601]  VRfpsPrototype
[2017.06.05-21.17.44:062][601]Launching UnrealBuildTool... [C:/Program Files/Epic Games/UE_4.16/Engine/Binaries/DotNET/UnrealBuildTool.exe VRfpsPrototype -ModuleWithSuffix VRfpsPrototype 8193 Win64 Development -editorrecompile -canskiplink "C:/Users/PLuna/Documents/GitHub/VRfpsPrototype/VRfpsPrototype/VRfpsPrototype.uproject" ]
[2017.06.05-21.17.44:064][601]Warning: Starting HotReload took  0.0s.
[2017.06.05-21.17.57:519][161]CompilerResultsLog: New page: Compilation - Jun 5, 2017, 7:17:57 AM
[2017.06.05-21.17.57:519][161]CompilerResultsLog: Info Compiling game modules for hot reload
[2017.06.05-21.17.57:519][161]CompilerResultsLog: Info Parsing headers for VRfpsPrototypeEditor
[2017.06.05-21.17.57:519][161]CompilerResultsLog: Info   Running UnrealHeaderTool "C:\Users\PLuna\Documents\GitHub\VRfpsPrototype\VRfpsPrototype\VRfpsPrototype.uproject" "C:\Users\PLuna\Documents\GitHub\VRfpsPrototype\VRfpsPrototype\Intermediate\Build\Win64\VRfpsPrototypeEditor\Development\VRfpsPrototypeEditor.uhtmanifest" -LogCmds="loginit warning, logexit warning, logdatabase error" -Unattended -WarningsAsErrors -installed
[2017.06.05-21.17.57:519][161]CompilerResultsLog: Info Reflection code generated for VRfpsPrototypeEditor in 7.4438051 seconds
[2017.06.05-21.17.57:519][161]CompilerResultsLog: Info Performing 4 actions (9 in parallel)
[2017.06.05-21.17.57:519][161]CompilerResultsLog: Info VRfpsPrototype.generated.cpp
[2017.06.05-21.17.57:519][161]CompilerResultsLog: Info BTService_CheckForPlayer.cpp
[2017.06.05-21.17.57:519][161]CompilerResultsLog: Info [3/4] Link UE4Editor-VRfpsPrototype-8193.dll
[2017.06.05-21.17.57:519][161]CompilerResultsLog: Info [4/4] Link UE4Editor-VRfpsPrototype-8193.lib
[2017.06.05-21.17.57:519][161]CompilerResultsLog: Info    Creating library C:\Users\PLuna\Documents\GitHub\VRfpsPrototype\VRfpsPrototype\Intermediate\Build\Win64\UE4Editor\Development\UE4Editor-VRfpsPrototype-8193.lib and object C:\Users\PLuna\Documents\GitHub\VRfpsPrototype\VRfpsPrototype\Intermediate\Build\Win64\UE4Editor\Development\UE4Editor-VRfpsPrototype-8193.exp
[2017.06.05-21.17.57:519][161]CompilerResultsLog: Info    Creating library C:\Users\PLuna\Documents\GitHub\VRfpsPrototype\VRfpsPrototype\Intermediate\Build\Win64\UE4Editor\Development\UE4Editor-VRfpsPrototype-8193.suppressed.lib and object C:\Users\PLuna\Documents\GitHub\VRfpsPrototype\VRfpsPrototype\Intermediate\Build\Win64\UE4Editor\Development\UE4Editor-VRfpsPrototype-8193.suppressed.exp
[2017.06.05-21.17.57:519][161]CompilerResultsLog:Error: Error BTService_CheckForPlayer.cpp.obj : error LNK2001: unresolved external symbol "public: virtual void __cdecl IGameplayTaskOwnerInterface::OnGameplayTaskActivated(class UGameplayTask &)" (?OnGameplayTaskActivated@IGameplayTaskOwnerInterface@@UEAAXAEAVUGameplayTask@@@Z)
[2017.06.05-21.17.57:519][161]CompilerResultsLog:Error: Error VRfpsPrototype.generated.cpp.obj : error LNK2001: unresolved external symbol "public: virtual void __cdecl IGameplayTaskOwnerInterface::OnGameplayTaskActivated(class UGameplayTask &)" (?OnGameplayTaskActivated@IGameplayTaskOwnerInterface@@UEAAXAEAVUGameplayTask@@@Z)
[2017.06.05-21.17.57:519][161]CompilerResultsLog:Error: Error BTService_CheckForPlayer.cpp.obj : error LNK2001: unresolved external symbol "public: virtual void __cdecl IGameplayTaskOwnerInterface::OnGameplayTaskDeactivated(class UGameplayTask &)" (?OnGameplayTaskDeactivated@IGameplayTaskOwnerInterface@@UEAAXAEAVUGameplayTask@@@Z)
[2017.06.05-21.17.57:519][161]CompilerResultsLog:Error: Error VRfpsPrototype.generated.cpp.obj : error LNK2001: unresolved external symbol "public: virtual void __cdecl IGameplayTaskOwnerInterface::OnGameplayTaskDeactivated(class UGameplayTask &)" (?OnGameplayTaskDeactivated@IGameplayTaskOwnerInterface@@UEAAXAEAVUGameplayTask@@@Z)
[2017.06.05-21.17.57:519][161]CompilerResultsLog:Error: Error C:\Users\PLuna\Documents\GitHub\VRfpsPrototype\VRfpsPrototype\Binaries\Win64\UE4Editor-VRfpsPrototype-8193.dll : fatal error LNK1120: 2 unresolved externals
[2017.06.05-21.17.57:519][161]CompilerResultsLog: Info ERROR: UBT ERROR: Failed to produce item: C:\Users\PLuna\Documents\GitHub\VRfpsPrototype\VRfpsPrototype\Binaries\Win64\UE4Editor-VRfpsPrototype-8193.dll
[2017.06.05-21.17.57:519][161]CompilerResultsLog: Info Total build time: 13.09 seconds (Local executor: 0.00 seconds)
[2017.06.05-21.17.57:519][161]LogMainFrame: MainFrame: Module compiling took 13.465 seconds
[2017.06.05-21.17.57:519][161]Warning: HotReload failed, recompile failed
[2017.06.05-21.21.45:825][914]Candidate modules for hot reload:
[2017.06.05-21.21.45:825][914]  VRfpsPrototype
[2017.06.05-21.21.45:825][914]Launching UnrealBuildTool... [C:/Program Files/Epic Games/UE_4.16/Engine/Binaries/DotNET/UnrealBuildTool.exe VRfpsPrototype -ModuleWithSuffix VRfpsPrototype 39 Win64 Development -editorrecompile -canskiplink "C:/Users/PLuna/Documents/GitHub/VRfpsPrototype/VRfpsPrototype/VRfpsPrototype.uproject" ]
[2017.06.05-21.21.45:827][914]Warning: Starting HotReload took  0.0s.
[2017.06.05-21.21.51:255][564]CompilerResultsLog: New page: Compilation - Jun 5, 2017, 7:21:51 AM
[2017.06.05-21.21.51:255][564]CompilerResultsLog: Info Compiling game modules for hot reload
[2017.06.05-21.21.51:255][564]CompilerResultsLog: Info Performing 3 actions (9 in parallel)
[2017.06.05-21.21.51:255][564]CompilerResultsLog: Info BTService_CheckForPlayer.cpp
[2017.06.05-21.21.51:255][564]CompilerResultsLog: Info [2/3] Link UE4Editor-VRfpsPrototype-39.dll
[2017.06.05-21.21.51:255][564]CompilerResultsLog: Info [3/3] Link UE4Editor-VRfpsPrototype-39.lib
[2017.06.05-21.21.51:255][564]CompilerResultsLog: Info    Creating library C:\Users\PLuna\Documents\GitHub\VRfpsPrototype\VRfpsPrototype\Intermediate\Build\Win64\UE4Editor\Development\UE4Editor-VRfpsPrototype-39.lib and object C:\Users\PLuna\Documents\GitHub\VRfpsPrototype\VRfpsPrototype\Intermediate\Build\Win64\UE4Editor\Development\UE4Editor-VRfpsPrototype-39.exp
[2017.06.05-21.21.51:255][564]CompilerResultsLog: Info    Creating library C:\Users\PLuna\Documents\GitHub\VRfpsPrototype\VRfpsPrototype\Intermediate\Build\Win64\UE4Editor\Development\UE4Editor-VRfpsPrototype-39.suppressed.lib and object C:\Users\PLuna\Documents\GitHub\VRfpsPrototype\VRfpsPrototype\Intermediate\Build\Win64\UE4Editor\Development\UE4Editor-VRfpsPrototype-39.suppressed.exp
[2017.06.05-21.21.51:255][564]CompilerResultsLog:Error: Error BTService_CheckForPlayer.cpp.obj : error LNK2001: unresolved external symbol "public: virtual void __cdecl IGameplayTaskOwnerInterface::OnGameplayTaskActivated(class UGameplayTask &)" (?OnGameplayTaskActivated@IGameplayTaskOwnerInterface@@UEAAXAEAVUGameplayTask@@@Z)
[2017.06.05-21.21.51:255][564]CompilerResultsLog:Error: Error VRfpsPrototype.generated.cpp.obj : error LNK2001: unresolved external symbol "public: virtual void __cdecl IGameplayTaskOwnerInterface::OnGameplayTaskActivated(class UGameplayTask &)" (?OnGameplayTaskActivated@IGameplayTaskOwnerInterface@@UEAAXAEAVUGameplayTask@@@Z)
[2017.06.05-21.21.51:255][564]CompilerResultsLog:Error: Error BTService_CheckForPlayer.cpp.obj : error LNK2001: unresolved external symbol "public: virtual void __cdecl IGameplayTaskOwnerInterface::OnGameplayTaskDeactivated(class UGameplayTask &)" (?OnGameplayTaskDeactivated@IGameplayTaskOwnerInterface@@UEAAXAEAVUGameplayTask@@@Z)
[2017.06.05-21.21.51:255][564]CompilerResultsLog:Error: Error VRfpsPrototype.generated.cpp.obj : error LNK2001: unresolved external symbol "public: virtual void __cdecl IGameplayTaskOwnerInterface::OnGameplayTaskDeactivated(class UGameplayTask &)" (?OnGameplayTaskDeactivated@IGameplayTaskOwnerInterface@@UEAAXAEAVUGameplayTask@@@Z)
[2017.06.05-21.21.51:255][564]CompilerResultsLog:Error: Error C:\Users\PLuna\Documents\GitHub\VRfpsPrototype\VRfpsPrototype\Binaries\Win64\UE4Editor-VRfpsPrototype-39.dll : fatal error LNK1120: 2 unresolved externals
[2017.06.05-21.21.51:255][564]CompilerResultsLog: Info ERROR: UBT ERROR: Failed to produce item: C:\Users\PLuna\Documents\GitHub\VRfpsPrototype\VRfpsPrototype\Binaries\Win64\UE4Editor-VRfpsPrototype-39.dll
[2017.06.05-21.21.51:255][564]CompilerResultsLog: Info Total build time: 5.22 seconds (Local executor: 0.00 seconds)
[2017.06.05-21.21.51:255][564]LogMainFrame: MainFrame: Module compiling took 5.438 seconds
[2017.06.05-21.21.51:255][564]Warning: HotReload failed, recompile failed
[2017.06.05-21.22.01:621][586]Cmd: OBJ SAVEPACKAGE PACKAGE="/Game/Content/AI/EnemyAI_BP" FILE="../../../../../../Users/PLuna/Documents/GitHub/VRfpsPrototype/VRfpsPrototype/Content/Content/AI/EnemyAI_BP.uasset" SILENT=true
[2017.06.05-21.22.01:634][586]LogSavePackage: Save=9.45ms
[2017.06.05-21.22.01:634][586]LogSavePackage: Moving '../../../../../../Users/PLuna/Documents/GitHub/VRfpsPrototype/VRfpsPrototype/Saved/EnemyAI_BP03EDCCE7401D922B072054B634015223.tmp' to '../../../../../../Users/PLuna/Documents/GitHub/VRfpsPrototype/VRfpsPrototype/Content/Content/AI/EnemyAI_BP.uasset'
[2017.06.05-21.22.01:638][586]LogSavePackage:Display: Finished SavePackage ../../../../../../Users/PLuna/Documents/GitHub/VRfpsPrototype/VRfpsPrototype/Content/Content/AI/EnemyAI_BP.uasset
[2017.06.05-21.22.01:773][586]LogWindowsTextInputMethodSystem:Display: IME system now deactivated.
[2017.06.05-21.22.01:935][587]Cmd: QUIT_EDITOR
[2017.06.05-21.22.01:965][587]LogExit: Preparing to exit.
[2017.06.05-21.22.02:788][587]LogDirectoryWatcher: A directory notification for 'C:/Users/PLuna/Documents/GitHub/VRfpsPrototype/VRfpsPrototype/Content/' was aborted.
[2017.06.05-21.22.02:818][587]LogExit: Editor shut down
[2017.06.05-21.22.02:822][587]LogExit: Transaction tracking system shut down
[2017.06.05-21.22.02:907][587]LogObj: Freed 0b from 0 cluster array pools.
[2017.06.05-21.22.02:907][587]LogExit: Object subsystem successfully closed.
[2017.06.05-21.22.02:935][587]LogD3D11RHI: Shutdown
[2017.06.05-21.22.02:935][587]LogD3D11RHI: CleanupD3DDevice
[2017.06.05-21.22.02:988][587]LogD3D11RHI: ~FD3D11DynamicRHI
[2017.06.05-21.22.03:028][587]LogModuleManager: Shutting down and abandoning module BlueprintGraph (535)
[2017.06.05-21.22.03:028][587]LogModuleManager: Shutting down and abandoning module BlueprintProfiler (533)
[2017.06.05-21.22.03:028][587]LogModuleManager: Shutting down and abandoning module VRfpsPrototype (531)
[2017.06.05-21.22.03:028][587]LogModuleManager: Shutting down and abandoning module HierarchicalLODOutliner (526)
[2017.06.05-21.22.03:028][587]LogModuleManager: Shutting down and abandoning module CrashTracker (524)
[2017.06.05-21.22.03:028][587]LogModuleManager: Shutting down and abandoning module SceneOutliner (522)
[2017.06.05-21.22.03:028][587]LogModuleManager: Shutting down and abandoning module AddContentDialog (520)
[2017.06.05-21.22.03:028][587]LogDirectoryWatcher: A directory notification for 'C:/Program Files/Epic Games/UE_4.16/FeaturePacks/' was aborted.
[2017.06.05-21.22.03:029][587]LogModuleManager: Shutting down and abandoning module WidgetCarousel (519)
[2017.06.05-21.22.03:029][587]LogModuleManager: Shutting down and abandoning module EditorWidgets (516)
[2017.06.05-21.22.03:029][587]LogModuleManager: Shutting down and abandoning module CollectionManager (514)
[2017.06.05-21.22.03:029][587]LogDirectoryWatcher: A directory notification for 'C:/Users/PLuna/Documents/GitHub/VRfpsPrototype/VRfpsPrototype/Content/Collections/' was aborted.
[2017.06.05-21.22.03:029][587]LogDirectoryWatcher: A directory notification for 'C:/Users/PLuna/Documents/GitHub/VRfpsPrototype/VRfpsPrototype/Content/Developers/pluna/Collections/' was aborted.
[2017.06.05-21.22.03:029][587]LogDirectoryWatcher: A directory notification for 'C:/Users/PLuna/Documents/GitHub/VRfpsPrototype/VRfpsPrototype/Saved/Collections/' was aborted.
[2017.06.05-21.22.03:029][587]LogModuleManager: Shutting down and abandoning module StatsViewer (512)
[2017.06.05-21.22.03:029][587]LogModuleManager: Shutting down and abandoning module FoliageEdit (510)
[2017.06.05-21.22.03:029][587]LogModuleManager: Shutting down and abandoning module LandscapeEditor (508)
[2017.06.05-21.22.03:030][587]LogModuleManager: Shutting down and abandoning module MeshPaintMode (506)
[2017.06.05-21.22.03:030][587]LogModuleManager: Shutting down and abandoning module SceneDepthPickerMode (504)
[2017.06.05-21.22.03:030][587]LogModuleManager: Shutting down and abandoning module ActorPickerMode (502)
[2017.06.05-21.22.03:030][587]LogModuleManager: Shutting down and abandoning module GeometryMode (500)
[2017.06.05-21.22.03:030][587]LogModuleManager: Shutting down and abandoning module TextureAlignMode (498)
[2017.06.05-21.22.03:030][587]LogModuleManager: Shutting down and abandoning module BspMode (496)
[2017.06.05-21.22.03:030][587]LogModuleManager: Shutting down and abandoning module HardwareSurvey (494)
[2017.06.05-21.22.03:030][587]LogModuleManager: Shutting down and abandoning module SequenceRecorderSections (492)
[2017.06.05-21.22.03:030][587]LogModuleManager: Shutting down and abandoning module AutomationWorker (490)
[2017.06.05-21.22.03:030][587]LogModuleManager: Shutting down and abandoning module MatineeToLevelSequence (488)
[2017.06.05-21.22.03:030][587]LogModuleManager: Shutting down and abandoning module LevelSequenceEditor (486)
[2017.06.05-21.22.03:030][587]LogModuleManager: Shutting down and abandoning module PlacementMode (485)
[2017.06.05-21.22.03:030][587]LogModuleManager: Shutting down and abandoning module WmfMediaFactory (482)
[2017.06.05-21.22.03:030][587]LogModuleManager: Shutting down and abandoning module WmfMediaEditor (480)
[2017.06.05-21.22.03:030][587]LogModuleManager: Shutting down and abandoning module AvfMediaFactory (478)
[2017.06.05-21.22.03:030][587]LogModuleManager: Shutting down and abandoning module AvfMediaEditor (476)
[2017.06.05-21.22.03:030][587]LogModuleManager: Shutting down and abandoning module AndroidMediaFactory (474)
[2017.06.05-21.22.03:030][587]LogModuleManager: Shutting down and abandoning module Media (473)
[2017.06.05-21.22.03:030][587]LogModuleManager: Shutting down and abandoning module AndroidMediaEditor (470)
[2017.06.05-21.22.03:030][587]LogModuleManager: Shutting down and abandoning module CharacterAI (468)
[2017.06.05-21.22.03:030][587]LogModuleManager: Shutting down and abandoning module AudioCapture (466)
[2017.06.05-21.22.03:030][587]LogModuleManager: Shutting down and abandoning module SequenceRecorder (465)
[2017.06.05-21.22.03:030][587]LogModuleManager: Shutting down and abandoning module SmartSnapping (462)
[2017.06.05-21.22.03:030][587]LogModuleManager: Shutting down and abandoning module SessionServices (460)
[2017.06.05-21.22.03:030][587]LogModuleManager: Shutting down and abandoning module ViewportSnapping (458)
[2017.06.05-21.22.03:030][587]LogModuleManager: Shutting down and abandoning module ViewportInteraction (456)
[2017.06.05-21.22.03:030][587]LogModuleManager: Shutting down and abandoning module ClothPainter (454)
[2017.06.05-21.22.03:030][587]LogModuleManager: Shutting down and abandoning module LogVisualizer (452)
[2017.06.05-21.22.03:030][587]LogModuleManager: Shutting down and abandoning module IntroTutorials (450)
[2017.06.05-21.22.03:030][587]LogModuleManager: Shutting down and abandoning module GameProjectGeneration (449)
[2017.06.05-21.22.03:030][587]LogModuleManager: Shutting down and abandoning module EditorLiveStreaming (446)
[2017.06.05-21.22.03:030][587]LogModuleManager: Shutting down and abandoning module IOSPlatformEditor (444)
[2017.06.05-21.22.03:030][587]LogModuleManager: Shutting down and abandoning module HTML5PlatformEditor (442)
[2017.06.05-21.22.03:030][587]LogModuleManager: Shutting down and abandoning module AndroidPlatformEditor (440)
[2017.06.05-21.22.03:030][587]LogModuleManager: Shutting down and abandoning module AndroidDeviceDetection (439)
[2017.06.05-21.22.03:536][587]LogModuleManager: Shutting down and abandoning module IOSRuntimeSettings (436)
[2017.06.05-21.22.03:536][587]LogModuleManager: Shutting down and abandoning module AndroidRuntimeSettings (434)
[2017.06.05-21.22.03:536][587]LogModuleManager: Shutting down and abandoning module InputBindingEditor (432)
[2017.06.05-21.22.03:536][587]LogModuleManager: Shutting down and abandoning module MergeActors (430)
[2017.06.05-21.22.03:536][587]LogModuleManager: Shutting down and abandoning module SizeMap (428)
[2017.06.05-21.22.03:536][587]LogModuleManager: Shutting down and abandoning module TreeMap (426)
[2017.06.05-21.22.03:536][587]LogModuleManager: Shutting down and abandoning module ReferenceViewer (424)
[2017.06.05-21.22.03:536][587]LogModuleManager: Shutting down and abandoning module LocalizationDashboard (422)
[2017.06.05-21.22.03:536][587]LogModuleManager: Shutting down and abandoning module LocalizationService (421)
[2017.06.05-21.22.03:536][587]LogModuleManager: Shutting down and abandoning module HardwareTargeting (418)
[2017.06.05-21.22.03:536][587]LogModuleManager: Shutting down and abandoning module DeviceProfileEditor (416)
[2017.06.05-21.22.03:536][587]LogModuleManager: Shutting down and abandoning module UndoHistory (414)
[2017.06.05-21.22.03:536][587]LogModuleManager: Shutting down and abandoning module UserFeedback (412)
[2017.06.05-21.22.03:536][587]LogModuleManager: Shutting down and abandoning module XmlParser (410)
[2017.06.05-21.22.03:536][587]LogModuleManager: Shutting down and abandoning module Blutility (408)
[2017.06.05-21.22.03:536][587]LogModuleManager: Shutting down and abandoning module ProjectSettingsViewer (406)
[2017.06.05-21.22.03:536][587]LogModuleManager: Shutting down and abandoning module ProjectTargetPlatformEditor (405)
[2017.06.05-21.22.03:536][587]LogModuleManager: Shutting down and abandoning module EditorSettingsViewer (402)
[2017.06.05-21.22.03:536][587]LogModuleManager: Shutting down and abandoning module SettingsEditor (400)
[2017.06.05-21.22.03:536][587]LogModuleManager: Shutting down and abandoning module ProjectLauncher (398)
[2017.06.05-21.22.03:536][587]LogModuleManager: Shutting down and abandoning module SessionFrontend (396)
[2017.06.05-21.22.03:536][587]LogModuleManager: Shutting down and abandoning module ProfilerClient (394)
[2017.06.05-21.22.03:536][587]LogModuleManager: Shutting down and abandoning module DeviceManager (392)
[2017.06.05-21.22.03:536][587]LogModuleManager: Shutting down and abandoning module TargetDeviceServices (391)
[2017.06.05-21.22.03:590][587]LogModuleManager: Shutting down and abandoning module AutomationController (388)
[2017.06.05-21.22.03:590][587]LogModuleManager: Shutting down and abandoning module AutomationWindow (386)
[2017.06.05-21.22.03:590][587]LogModuleManager: Shutting down and abandoning module Layers (384)
[2017.06.05-21.22.03:590][587]LogModuleManager: Shutting down and abandoning module ComponentVisualizers (382)
[2017.06.05-21.22.03:590][587]LogModuleManager: Shutting down and abandoning module DetailCustomizations (380)
[2017.06.05-21.22.03:590][587]LogModuleManager: Shutting down and abandoning module PackagesDialog (378)
[2017.06.05-21.22.03:590][587]LogModuleManager: Shutting down and abandoning module Persona (376)
[2017.06.05-21.22.03:590][587]LogModuleManager: Shutting down and abandoning module AdvancedPreviewScene (375)
[2017.06.05-21.22.03:590][587]LogModuleManager: Shutting down and abandoning module AnimGraph (373)
[2017.06.05-21.22.03:590][587]LogModuleManager: Shutting down and abandoning module Kismet (370)
[2017.06.05-21.22.03:596][587]LogModuleManager: Shutting down and abandoning module ClassViewer (368)
[2017.06.05-21.22.03:597][587]LogModuleManager: Shutting down and abandoning module Toolbox (366)
[2017.06.05-21.22.03:597][587]LogModuleManager: Shutting down and abandoning module ModuleUI (364)
[2017.06.05-21.22.03:597][587]LogModuleManager: Shutting down and abandoning module MovieSceneTools (362)
[2017.06.05-21.22.03:597][587]LogModuleManager: Shutting down and abandoning module OutputLog (360)
[2017.06.05-21.22.03:597][587]LogModuleManager: Shutting down and abandoning module GammaUI (358)
[2017.06.05-21.22.03:597][587]LogModuleManager: Shutting down and abandoning module Documentation (356)
[2017.06.05-21.22.03:597][587]LogModuleManager: Shutting down and abandoning module MovieSceneTracks (354)
[2017.06.05-21.22.03:597][587]LogModuleManager: Shutting down and abandoning module MovieScene (352)
[2017.06.05-21.22.03:597][587]LogModuleManager: Shutting down and abandoning module Niagara (350)
[2017.06.05-21.22.03:597][587]LogModuleManager: Shutting down and abandoning module NiagaraEditor (349)
[2017.06.05-21.22.03:597][587]LogModuleManager: Shutting down and abandoning module StreamingPauseRendering (346)
[2017.06.05-21.22.03:597][587]LogModuleManager: Shutting down and abandoning module AnalyticsET (344)
[2017.06.05-21.22.03:597][587]LogModuleManager: Shutting down and abandoning module PortalServices (342)
[2017.06.05-21.22.03:597][587]LogModuleManager: Shutting down and abandoning module PortalRpc (340)
[2017.06.05-21.22.03:597][587]LogModuleManager: Shutting down and abandoning module MessagingRpc (338)
[2017.06.05-21.22.03:597][587]LogModuleManager: Shutting down and abandoning module AIModule (336)
[2017.06.05-21.22.03:597][587]LogModuleManager: Shutting down and abandoning module GameplayDebugger (335)
[2017.06.05-21.22.03:597][587]LogModuleManager: Shutting down and abandoning module AITestSuite (333)
[2017.06.05-21.22.03:597][587]LogModuleManager: Shutting down and abandoning module ProfilerService (330)
[2017.06.05-21.22.03:659][587]LogModuleManager: Shutting down and abandoning module TaskGraph (328)
[2017.06.05-21.22.03:659][587]LogModuleManager: Shutting down and abandoning module SteamVRController (326)
[2017.06.05-21.22.03:659][587]LogModuleManager: Shutting down and abandoning module SteamVR (324)
[2017.06.05-21.22.03:659][587]LogModuleManager: Shutting down and abandoning module ProceduralMeshComponentEditor (322)
[2017.06.05-21.22.03:659][587]LogModuleManager: Shutting down and abandoning module ProceduralMeshComponent (320)
[2017.06.05-21.22.03:659][587]LogModuleManager: Shutting down and abandoning module OculusLibrary (318)
[2017.06.05-21.22.03:659][587]LogModuleManager: Shutting down and abandoning module OculusInput (316)
[2017.06.05-21.22.03:659][587]LogModuleManager: Shutting down and abandoning module MobilePatchingUtils (314)
[2017.06.05-21.22.03:659][587]LogModuleManager: Shutting down and abandoning module CustomMeshComponent (312)
[2017.06.05-21.22.03:659][587]LogModuleManager: Shutting down and abandoning module CableComponent (310)
[2017.06.05-21.22.03:659][587]LogModuleManager: Shutting down and abandoning module ArchVisCharacter (308)
[2017.06.05-21.22.03:659][587]LogModuleManager: Shutting down and abandoning module AndroidPermission (306)
[2017.06.05-21.22.03:659][587]LogModuleManager: Shutting down and abandoning module MediaPlayerEditor (302)
[2017.06.05-21.22.03:659][587]LogModuleManager: Shutting down and abandoning module HTML5Networking (300)
[2017.06.05-21.22.03:659][587]LogModuleManager: Shutting down and abandoning module AlembicImporter (298)
[2017.06.05-21.22.03:659][587]LogModuleManager: Shutting down and abandoning module AlembicLibrary (297)
[2017.06.05-21.22.03:659][587]LogModuleManager: Shutting down and abandoning module GeometryCache (296)
[2017.06.05-21.22.03:659][587]LogModuleManager: Shutting down and abandoning module GeometryCacheEd (295)
[2017.06.05-21.22.03:659][587]LogModuleManager: Shutting down and abandoning module SuperSearchEditor (290)
[2017.06.05-21.22.03:659][587]LogModuleManager: Shutting down and abandoning module SuperSearch (289)
[2017.06.05-21.22.03:659][587]LogModuleManager: Shutting down and abandoning module SpeedTreeImporter (286)
[2017.06.05-21.22.03:659][587]LogModuleManager: Shutting down and abandoning module PluginBrowser (284)
[2017.06.05-21.22.03:659][587]LogModuleManager: Shutting down and abandoning module MobileLauncherProfileWizard (282)
[2017.06.05-21.22.03:659][587]LogModuleManager: Shutting down and abandoning module VisualStudioSourceCodeAccess (280)
[2017.06.05-21.22.03:659][587]LogModuleManager: Shutting down and abandoning module DesktopPlatform (279)
[2017.06.05-21.22.03:659][587]LogModuleManager: Shutting down and abandoning module UObjectPlugin (276)
[2017.06.05-21.22.03:659][587]LogModuleManager: Shutting down and abandoning module SubversionSourceControl (274)
[2017.06.05-21.22.03:660][587]LogModuleManager: Shutting down and abandoning module PerforceSourceControl (272)
[2017.06.05-21.22.03:660][587]LogModuleManager: Shutting down and abandoning module GitSourceControl (270)
[2017.06.05-21.22.03:660][587]LogModuleManager: Shutting down and abandoning module SourceControl (269)
[2017.06.05-21.22.03:660][587]LogModuleManager: Shutting down and abandoning module LightPropagationVolumeEditor (266)
[2017.06.05-21.22.03:660][587]LogModuleManager: Shutting down and abandoning module PaperTiledImporter (264)
[2017.06.05-21.22.03:660][587]LogModuleManager: Shutting down and abandoning module PaperSpriteSheetImporter (262)
[2017.06.05-21.22.03:660][587]LogModuleManager: Shutting down and abandoning module Paper2DEditor (260)
[2017.06.05-21.22.03:660][587]LogModuleManager: Shutting down and abandoning module MeshPaint (259)
[2017.06.05-21.22.03:660][587]LogModuleManager: Shutting down and abandoning module LevelEditor (257)
[2017.06.05-21.22.03:660][587]LogModuleManager: Shutting down and abandoning module PixelInspectorModule (256)
[2017.06.05-21.22.03:660][587]LogModuleManager: Shutting down and abandoning module MainFrame (254)
[2017.06.05-21.22.03:660][587]LogModuleManager: Shutting down and abandoning module HotReload (253)
[2017.06.05-21.22.03:660][587]LogDirectoryWatcher: A directory notification for 'C:/Users/PLuna/Documents/GitHub/VRfpsPrototype/VRfpsPrototype/Binaries/Win64' was aborted.
[2017.06.05-21.22.03:661][587]LogModuleManager: Shutting down and abandoning module PhysXVehiclesEditor (246)
[2017.06.05-21.22.03:661][587]LogModuleManager: Shutting down and abandoning module PhysXVehicles (244)
[2017.06.05-21.22.03:661][587]LogModuleManager: Shutting down and abandoning module LocationServicesBPLibrary (242)
[2017.06.05-21.22.03:661][587]LogModuleManager: Shutting down and abandoning module ImmediatePhysicsEditor (240)
[2017.06.05-21.22.03:661][587]LogModuleManager: Shutting down and abandoning module ImmediatePhysics (238)
[2017.06.05-21.22.03:661][587]LogModuleManager: Shutting down and abandoning module UdpMessaging (236)
[2017.06.05-21.22.03:761][587]LogModuleManager: Shutting down and abandoning module TcpMessaging (234)
[2017.06.05-21.22.03:862][587]LogModuleManager: Shutting down and abandoning module GameplayTagsEditor (232)
[2017.06.05-21.22.03:862][587]LogModuleManager: Shutting down and abandoning module FacialAnimationEditor (230)
[2017.06.05-21.22.03:862][587]LogModuleManager: Shutting down and abandoning module FacialAnimation (228)
[2017.06.05-21.22.03:862][587]LogModuleManager: Shutting down and abandoning module AssetManagerEditor (226)
[2017.06.05-21.22.03:862][587]LogModuleManager: Shutting down and abandoning module GraphEditor (225)
[2017.06.05-21.22.03:862][587]LogModuleManager: Shutting down and abandoning module ContentBrowser (223)
[2017.06.05-21.22.03:863][587]LogModuleManager: Shutting down and abandoning module LightPropagationVolumeRuntime (220)
[2017.06.05-21.22.03:863][587]LogModuleManager: Shutting down and abandoning module Paper2D (218)
[2017.06.05-21.22.03:863][587]LogModuleManager: Shutting down and abandoning module WindowsMoviePlayer (216)
[2017.06.05-21.22.03:863][587]LogModuleManager: Shutting down and abandoning module WmfMedia (214)
[2017.06.05-21.22.03:863][587]LogModuleManager: Shutting down and abandoning module ClothingSystemEditor (212)
[2017.06.05-21.22.03:863][587]LogModuleManager: Shutting down and abandoning module ClothingSystemRuntime (210)
[2017.06.05-21.22.03:863][587]LogModuleManager: Shutting down and abandoning module MediaAssets (208)
[2017.06.05-21.22.03:863][587]LogModuleManager: Shutting down and abandoning module GameLiveStreaming (206)
[2017.06.05-21.22.03:863][587]LogModuleManager: Shutting down and abandoning module VREditor (204)
[2017.06.05-21.22.03:863][587]LogModuleManager: Shutting down and abandoning module StringTableEditor (202)
[2017.06.05-21.22.03:863][587]LogModuleManager: Shutting down and abandoning module GameplayTasksEditor (200)
[2017.06.05-21.22.03:863][587]LogModuleManager: Shutting down and abandoning module BehaviorTreeEditor (198)
[2017.06.05-21.22.03:864][587]LogModuleManager: Shutting down and abandoning module FunctionalTesting (196)
[2017.06.05-21.22.03:864][587]LogModuleManager: Shutting down and abandoning module CollisionAnalyzer (194)
[2017.06.05-21.22.03:864][587]LogModuleManager: Shutting down and abandoning module UMG (192)
[2017.06.05-21.22.03:864][587]LogModuleManager: Shutting down and abandoning module UMGEditor (191)
[2017.06.05-21.22.03:864][587]LogModuleManager: Shutting down and abandoning module Sequencer (190)
[2017.06.05-21.22.03:864][587]LogModuleManager: Shutting down and abandoning module AssetTools (188)
[2017.06.05-21.22.03:864][587]LogModuleManager: Shutting down and abandoning module MessageLog (187)
[2017.06.05-21.22.03:864][587]LogModuleManager: Shutting down and abandoning module WorkspaceMenuStructure (186)
[2017.06.05-21.22.03:864][587]LogModuleManager: Shutting down and abandoning module SlateReflector (180)
[2017.06.05-21.22.03:864][587]LogModuleManager: Shutting down and abandoning module Slate (178)
[2017.06.05-21.22.03:864][587]LogModuleManager: Shutting down and abandoning module EditorStyle (176)
[2017.06.05-21.22.03:867][587]LogModuleManager: Shutting down and abandoning module SourceCodeAccess (174)
[2017.06.05-21.22.03:867][587]LogModuleManager: Shutting down and abandoning module HeadMountedDisplay (172)
[2017.06.05-21.22.03:867][587]LogModuleManager: Shutting down and abandoning module XAudio2 (170)
[2017.06.05-21.22.03:867][587]LogModuleManager: Shutting down and abandoning module Networking (168)
[2017.06.05-21.22.03:867][587]LogModuleManager: Shutting down and abandoning module Core (164)
[2017.06.05-21.22.03:867][587]LogModuleManager: Shutting down and abandoning module AssetRegistry (162)
[2017.06.05-21.22.04:013][587]LogDirectoryWatcher: A directory notification for '../../../Engine/Content/' was aborted.
[2017.06.05-21.22.04:013][587]LogDirectoryWatcher: A directory notification for '../../../../../../Users/PLuna/Documents/GitHub/VRfpsPrototype/VRfpsPrototype/Content/' was aborted.
[2017.06.05-21.22.04:013][587]LogDirectoryWatcher: A directory notification for '../../../Engine/Plugins/2D/Paper2D/Content/' was aborted.
[2017.06.05-21.22.04:013][587]LogDirectoryWatcher: A directory notification for '../../../Engine/Plugins/Runtime/GearVR/Content/' was aborted.
[2017.06.05-21.22.04:015][587]LogModuleManager: Shutting down and abandoning module DirectoryWatcher (161)
[2017.06.05-21.22.04:015][587]LogModuleManager: Shutting down and abandoning module KismetCompiler (158)
[2017.06.05-21.22.04:015][587]LogModuleManager: Shutting down and abandoning module LevelSequence (156)
[2017.06.05-21.22.04:015][587]LogModuleManager: Shutting down and abandoning module PhysXFormats (154)
[2017.06.05-21.22.04:015][587]LogModuleManager: Shutting down and abandoning module MeshUtilities (152)
[2017.06.05-21.22.04:015][587]LogModuleManager: Shutting down and abandoning module SimplygonSwarm (151)
[2017.06.05-21.22.04:015][587]LogModuleManager: Shutting down and abandoning module SimplygonMeshReduction (149)
[2017.06.05-21.22.04:015][587]LogModuleManager: Shutting down and abandoning module QuadricMeshReduction (147)
[2017.06.05-21.22.04:015][587]LogModuleManager: Shutting down and abandoning module DerivedDataCache (144)
[2017.06.05-21.22.04:079][587]LogDerivedDataCache: Shutdown
[2017.06.05-21.22.04:079][587]LogModuleManager: Shutting down and abandoning module TargetPlatform (142)
[2017.06.05-21.22.04:079][587]LogModuleManager: Shutting down and abandoning module VulkanShaderFormat (141)
[2017.06.05-21.22.04:079][587]LogModuleManager: Shutting down and abandoning module ShaderFormatVectorVM (139)
[2017.06.05-21.22.04:079][587]LogModuleManager: Shutting down and abandoning module ShaderFormatOpenGL (137)
[2017.06.05-21.22.04:079][587]LogModuleManager: Shutting down and abandoning module ShaderFormatD3D (135)
[2017.06.05-21.22.04:079][587]LogModuleManager: Shutting down and abandoning module MetalShaderFormat (133)
[2017.06.05-21.22.04:079][587]LogModuleManager: Shutting down and abandoning module TextureFormatUncompressed (131)
[2017.06.05-21.22.04:079][587]LogModuleManager: Shutting down and abandoning module TextureFormatPVR (129)
[2017.06.05-21.22.04:079][587]LogModuleManager: Shutting down and abandoning module TextureFormatDXT (127)
[2017.06.05-21.22.04:079][587]LogModuleManager: Shutting down and abandoning module TextureFormatIntelISPCTexComp (125)
[2017.06.05-21.22.04:079][587]LogModuleManager: Shutting down and abandoning module TextureFormatASTC (123)
[2017.06.05-21.22.04:079][587]LogModuleManager: Shutting down and abandoning module ImageWrapper (122)
[2017.06.05-21.22.04:079][587]LogModuleManager: Shutting down and abandoning module TextureFormatAndroid (119)
[2017.06.05-21.22.04:079][587]LogModuleManager: Shutting down and abandoning module AudioFormatOpus (117)
[2017.06.05-21.22.04:079][587]LogModuleManager: Shutting down and abandoning module AudioFormatOgg (115)
[2017.06.05-21.22.04:079][587]LogModuleManager: Shutting down and abandoning module AudioFormatADPCM (113)
[2017.06.05-21.22.04:079][587]LogModuleManager: Shutting down and abandoning module LinuxTargetPlatform (111)
[2017.06.05-21.22.04:079][587]LogModuleManager: Shutting down and abandoning module LinuxServerTargetPlatform (109)
[2017.06.05-21.22.04:079][587]LogModuleManager: Shutting down and abandoning module LinuxNoEditorTargetPlatform (107)
[2017.06.05-21.22.04:079][587]LogModuleManager: Shutting down and abandoning module LinuxClientTargetPlatform (105)
[2017.06.05-21.22.04:079][587]LogModuleManager: Shutting down and abandoning module TVOSTargetPlatform (103)
[2017.06.05-21.22.04:079][587]LogModuleManager: Shutting down and abandoning module Messaging (101)
[2017.06.05-21.22.04:079][587]LogModuleManager: Shutting down and abandoning module IOSTargetPlatform (99)
[2017.06.05-21.22.04:079][587]LogModuleManager: Shutting down and abandoning module HTML5TargetPlatform (97)
[2017.06.05-21.22.04:079][587]LogModuleManager: Shutting down and abandoning module Android_PVRTCTargetPlatform (95)
[2017.06.05-21.22.04:079][587]LogModuleManager: Shutting down and abandoning module Android_MultiTargetPlatform (93)
[2017.06.05-21.22.04:079][587]LogModuleManager: Shutting down and abandoning module Android_ETC2TargetPlatform (91)
[2017.06.05-21.22.04:079][587]LogModuleManager: Shutting down and abandoning module Android_ETC1TargetPlatform (89)
[2017.06.05-21.22.04:079][587]LogModuleManager: Shutting down and abandoning module Android_DXTTargetPlatform (87)
[2017.06.05-21.22.04:079][587]LogModuleManager: Shutting down and abandoning module Android_ATCTargetPlatform (85)
[2017.06.05-21.22.04:079][587]LogModuleManager: Shutting down and abandoning module Android_ASTCTargetPlatform (83)
[2017.06.05-21.22.04:079][587]LogModuleManager: Shutting down and abandoning module AndroidTargetPlatform (81)
[2017.06.05-21.22.04:080][587]LogModuleManager: Shutting down and abandoning module WindowsTargetPlatform (79)
[2017.06.05-21.22.04:080][587]LogModuleManager: Shutting down and abandoning module WindowsServerTargetPlatform (77)
[2017.06.05-21.22.04:080][587]LogModuleManager: Shutting down and abandoning module WindowsNoEditorTargetPlatform (75)
[2017.06.05-21.22.04:080][587]LogModuleManager: Shutting down and abandoning module WindowsClientTargetPlatform (73)
[2017.06.05-21.22.04:080][587]LogModuleManager: Shutting down and abandoning module MacTargetPlatform (71)
[2017.06.05-21.22.04:080][587]LogModuleManager: Shutting down and abandoning module MacServerTargetPlatform (69)
[2017.06.05-21.22.04:080][587]LogModuleManager: Shutting down and abandoning module MacNoEditorTargetPlatform (67)
[2017.06.05-21.22.04:080][587]LogModuleManager: Shutting down and abandoning module MacClientTargetPlatform (65)
[2017.06.05-21.22.04:080][587]LogModuleManager: Shutting down and abandoning module AllDesktopTargetPlatform (63)
[2017.06.05-21.22.04:080][587]LogModuleManager: Shutting down and abandoning module InputCore (60)
[2017.06.05-21.22.04:080][587]LogModuleManager: Shutting down and abandoning module Settings (58)
[2017.06.05-21.22.04:080][587]LogModuleManager: Shutting down and abandoning module OculusRift (56)
[2017.06.05-21.22.04:080][587]LogHMD: Oculus shutdown.
[2017.06.05-21.22.04:080][587]LogModuleManager: Shutting down and abandoning module GearVRController (54)
[2017.06.05-21.22.04:080][587]LogModuleManager: Shutting down and abandoning module GearVR (52)
[2017.06.05-21.22.04:080][587]LogModuleManager: Shutting down and abandoning module ExampleDeviceProfileSelector (50)
[2017.06.05-21.22.04:080][587]LogModuleManager: Shutting down and abandoning module OnlineBlueprintSupport (48)
[2017.06.05-21.22.04:080][587]LogModuleManager: Shutting down and abandoning module OnlineSubsystem (44)
[2017.06.05-21.22.04:080][587]LogOnline:Display: Unloading online subsystem: NULL
[2017.06.05-21.22.04:080][587]LogModuleManager: Shutting down and abandoning module XMPP (43)
[2017.06.05-21.22.04:080][587]LogModuleManager: Shutting down and abandoning module HTTP (41)
[2017.06.05-21.22.04:080][587]LogHttp:Display: Http module shutting down, but needs to wait on 1 outstanding Http requests:
[2017.06.05-21.22.04:080][587]LogHttp:Display: 	verb=[POST] url=[https://datarouter.ol.epicgames.com/datarouter/api/v1/public/data?SessionID=%7B5345F563-4100-64D2-E30F-2CBD5158F9FF%7D&AppID=UEEditor.Rocket.Release&AppVersion=4.16.1-3466753%2B%2B%2BUE4%2BRelease-4.16&UserID=b171f3c44b84084bc6b1529cf2299c4f%7Cd8b5d065eaf642878ad973a14b183324%7Cfd360097-89bc-4692-8463-bdc35a6ed3a2&AppEnvironment=datacollector-binary&UploadType=eteventstream] status=Processing
[2017.06.05-21.22.04:087][587]LogModuleManager: Shutting down and abandoning module SSL (40)
[2017.06.05-21.22.04:089][587]LogModuleManager: Shutting down and abandoning module HTTPChunkInstaller (36)
[2017.06.05-21.22.04:089][587]LogModuleManager: Shutting down and abandoning module AnimationModifiers (34)
[2017.06.05-21.22.04:089][587]LogModuleManager: Shutting down and abandoning module PropertyEditor (33)
[2017.06.05-21.22.04:089][587]LogModuleManager: Shutting down and abandoning module AudioEditor (30)
[2017.06.05-21.22.04:089][587]LogModuleManager: Shutting down and abandoning module TextureCompressor (28)
[2017.06.05-21.22.04:089][587]LogModuleManager: Shutting down and abandoning module ShaderCore (26)
[2017.06.05-21.22.04:089][587]LogModuleManager: Shutting down and abandoning module Landscape (24)
[2017.06.05-21.22.04:089][587]LogModuleManager: Shutting down and abandoning module SlateRHIRenderer (22)
[2017.06.05-21.22.04:090][587]LogModuleManager: Shutting down and abandoning module OpenGLDrv (20)
[2017.06.05-21.22.04:090][587]LogModuleManager: Shutting down and abandoning module D3D11RHI (18)
[2017.06.05-21.22.04:090][587]LogModuleManager: Shutting down and abandoning module AnimGraphRuntime (16)
[2017.06.05-21.22.04:090][587]LogModuleManager: Shutting down and abandoning module Renderer (14)
[2017.06.05-21.22.04:090][587]LogModuleManager: Shutting down and abandoning module Engine (12)
[2017.06.05-21.22.04:090][587]LogModuleManager: Shutting down and abandoning module CoreUObject (10)
[2017.06.05-21.22.04:090][587]LogModuleManager: Shutting down and abandoning module NetworkFile (8)
[2017.06.05-21.22.04:090][587]LogModuleManager: Shutting down and abandoning module StreamingFile (6)
[2017.06.05-21.22.04:090][587]LogModuleManager: Shutting down and abandoning module SandboxFile (4)
[2017.06.05-21.22.04:090][587]LogModuleManager: Shutting down and abandoning module PakFile (2)
[2017.06.05-21.22.04:092][587]LogExit: Exiting.
[2017.06.05-21.22.04:101][587]Log file closed, 06/05/17 14:22:04
