Log file open, 06/01/17 17:30:07
LogInit:Display: Running engine for game: VRfpsPrototype
LogPlatformFile: Not using cached read wrapper
LogInit:Display: RandInit(-239760346) SRandInit(-239760346).
LogTaskGraph: Started task graph with 5 named threads and 10 total threads with 1 sets of task threads.
LogStats: Stats thread started at 0.111091
LogInit: Using libcurl 7.47.1
LogInit:  - built for x86_64-pc-win32
LogInit:  - supports SSL with OpenSSL/1.0.2g
LogInit:  - supports HTTP deflate (compression) using libz 1.2.8
LogInit:  - other features:
LogInit:      CURL_VERSION_SSL
LogInit:      CURL_VERSION_LIBZ
LogInit:      CURL_VERSION_IPV6
LogInit:      CURL_VERSION_ASYNCHDNS
LogInit:      CURL_VERSION_LARGEFILE
LogInit:      CURL_VERSION_IDN
LogInit:  CurlRequestOptions (configurable via config and command line):
LogInit:  - bVerifyPeer = false  - Libcurl will NOT verify peer certificate
LogInit:  - bUseHttpProxy = false  - Libcurl will NOT use HTTP proxy
LogInit:  - bDontReuseConnections = false  - Libcurl will reuse connections
LogInit:  - CertBundlePath = nullptr  - Libcurl will use whatever was configured at build time.
OCULUS: Info: [CAPI] LibOVR module is located at C:\Program Files\Oculus\Support\oculus-runtime\LibOVRRT64_1.dll
OCULUS: Debug: Connected to the server running version (prod = 1).1.15.0(build = 391815) feature version = 0. Client runs version (prod = 1).1.15.0(build = 391815) feature version = 0
OCULUS: Debug: [HMDState] Using default profile default
OCULUS: Info: IAD changed to 63.4mm
OCULUS: Debug: Creating factory
LogHMD: GearVR: Emulating GearVR using Oculus Rift!
LogInit: Build: ++UE4+Release-4.16-CL-3466753
LogInit: Engine Version: 4.16.1-3466753+++UE4+Release-4.16
LogInit: Compatible Engine Version: 4.16.0-3452394+++UE4+Release-4.16
LogInit: Net CL: 3452394
LogDevObjectVersion: Number of dev versions registered: 16
LogDevObjectVersion:   Dev-Blueprints (B0D832E4-1F89-4F0D-ACCF-7EB736FD4AA2): 9
LogDevObjectVersion:   Dev-Build (E1C64328-A22C-4D53-A36C-8E866417BD8C): 0
LogDevObjectVersion:   Dev-Core (375EC13C-06E4-48FB-B500-84F0262A717E): 2
LogDevObjectVersion:   Dev-Editor (E4B068ED-F494-42E9-A231-DA0B2E46BB41): 17
LogDevObjectVersion:   Dev-Framework (CFFC743F-43B0-4480-9391-14DF171D2073): 23
LogDevObjectVersion:   Dev-Mobile (B02B49B5-BB20-44E9-A304-32B752E40360): 0
LogDevObjectVersion:   Dev-Networking (A4E4105C-59A1-49B5-A7C5-40C4547EDFEE): 0
LogDevObjectVersion:   Dev-Online (39C831C9-5AE6-47DC-9A44-9C173E1C8E7C): 0
LogDevObjectVersion:   Dev-Physics (78F01B33-EBEA-4F98-B9B4-84EACCB95AA2): 0
LogDevObjectVersion:   Dev-Platform (6631380F-2D4D-43E0-8009-CF276956A95A): 0
LogDevObjectVersion:   Dev-Rendering (12F88B9F-8875-4AFC-A67C-D90C383ABD29): 15
LogDevObjectVersion:   Dev-Sequencer (7B5AE74C-D270-4C10-A958-57980B212A5A): 4
LogDevObjectVersion:   Dev-VR (D7296918-1DD6-4BDD-9DE2-64A83CC13884): 0
LogDevObjectVersion:   Dev-LoadTimes (C2A15278-BFE7-4AFE-6C17-90FF531DF755): 1
LogDevObjectVersion:   Private-Geometry (6EACA3D4-40EC-4CC1-B786-8BED09428FC5): 1
LogDevObjectVersion:   Dev-AnimPhys (29E575DD-E0A3-4627-9D10-D276232CDCEA): 3
LogInit: Compiled (64-bit): May 31 2017 02:03:30
LogInit: Compiled with Visual C++: 19.00.24215.01
LogInit: Build Configuration: Development
LogInit: Branch Name: ++UE4+Release-4.16
LogInit: Command line: -EpicPortal 
LogInit: Base directory: C:/Program Files/Epic Games_PersonalInstall/UE_4.16/Engine/Binaries/Win64/
LogInit: Installed Engine Build: 1
LogInit: Presizing for max 8388607 objects, including 0 objects not considered by GC, pre-allocating 0 bytes for permanent pool.
LogInit: Object subsystem initialized
[2017.06.02-00.30.08:639][  0]LogInit: Selected Device Profile: [Windows]
[2017.06.02-00.30.08:639][  0]LogInit: Applying CVar settings loaded from the selected device profile: [Windows]
[2017.06.02-00.30.08:648][  0]LogInit: Computer: RSANDVIKBOX
[2017.06.02-00.30.08:648][  0]LogInit: User: rsandvik
[2017.06.02-00.30.08:648][  0]LogInit: CPU Page size=4096, Cores=6
[2017.06.02-00.30.08:648][  0]LogInit: High frequency timer resolution =3.507509 MHz
[2017.06.02-00.30.08:648][  0]LogMemory: Memory total: Physical=31.9GB (32GB approx)
[2017.06.02-00.30.08:648][  0]LogMemory: Platform Memory Stats for Windows
[2017.06.02-00.30.08:648][  0]LogMemory: Process Physical Memory: 278.70 MB used, 278.70 MB peak
[2017.06.02-00.30.08:648][  0]LogMemory: Process Virtual Memory: 270.48 MB used, 270.48 MB peak
[2017.06.02-00.30.08:648][  0]LogMemory: Physical Memory: 10450.45 MB used,  22210.43 MB free, 32660.87 MB total
[2017.06.02-00.30.08:648][  0]LogMemory: Virtual Memory: 685.63 MB used,  22210.43 MB free, 134217728.00 MB total
[2017.06.02-00.30.08:770][  0]LogInit: Using OS detected language (en-US).
[2017.06.02-00.30.08:770][  0]LogInit: Using OS detected locale (en-US).
[2017.06.02-00.30.08:777][  0]LogTextLocalizationManager: No specific localization for 'en-US' exists, so the 'en' localization will be used.
[2017.06.02-00.30.09:870][  0]LogD3D11RHI: D3D11 adapters:
[2017.06.02-00.30.09:903][  0]LogD3D11RHI:    0. 'NVIDIA GeForce GTX 1060 6GB' (Feature Level 11_0)
[2017.06.02-00.30.09:903][  0]LogD3D11RHI:       6084/0/16330 MB DedicatedVideo/DedicatedSystem/SharedSystem, Outputs:2, VendorId:0x10de
[2017.06.02-00.30.09:904][  0]LogD3D11RHI:    1. 'Microsoft Basic Render Driver' (Feature Level 11_0)
[2017.06.02-00.30.09:904][  0]LogD3D11RHI:       0/0/16330 MB DedicatedVideo/DedicatedSystem/SharedSystem, Outputs:0, VendorId:0x1414
[2017.06.02-00.30.09:904][  0]LogD3D11RHI: Chosen D3D11 Adapter: 0
[2017.06.02-00.30.09:911][  0]LogD3D11RHI: Creating new Direct3DDevice
[2017.06.02-00.30.09:911][  0]LogD3D11RHI:     GPU DeviceId: 0x1c03 (for the marketing name, search the web for "GPU Device Id")
[2017.06.02-00.30.09:911][  0]LogWindows: EnumDisplayDevices:
[2017.06.02-00.30.09:911][  0]LogWindows:    0. 'NVIDIA GeForce GTX 1060 6GB' (P:0 D:1)
[2017.06.02-00.30.09:911][  0]LogWindows:    1. 'NVIDIA GeForce GTX 1060 6GB' (P:1 D:1)
[2017.06.02-00.30.09:911][  0]LogWindows:    2. 'NVIDIA GeForce GTX 1060 6GB' (P:0 D:0)
[2017.06.02-00.30.09:911][  0]LogWindows:    3. 'NVIDIA GeForce GTX 1060 6GB' (P:0 D:0)
[2017.06.02-00.30.09:911][  0]LogWindows: DebugString: FoundDriverCount:4 
[2017.06.02-00.30.09:911][  0]LogD3D11RHI:     Adapter Name: NVIDIA GeForce GTX 1060 6GB
[2017.06.02-00.30.09:911][  0]LogD3D11RHI:   Driver Version: 382.05 (internal:22.21.13.8205, unified:382.05)
[2017.06.02-00.30.09:911][  0]LogD3D11RHI:      Driver Date: 5-1-2017
[2017.06.02-00.30.09:911][  0]LogRHI: Texture pool is 1361 MB (70% of 1945 MB)
[2017.06.02-00.30.09:940][  0]LogD3D11RHI: Async texture creation enabled
[2017.06.02-00.30.09:949][  0]LogD3D11RHI: GPU Timing Frequency: 1000.000000 (Debug: 2 1)
[2017.06.02-00.30.09:993][  0]LogShaderCompilers: Guid format shader working directory is -31 characters bigger than the processId version (../../../../../../Users/rsandvik/Documents/GitHub/VRfpsPrototype/VRfpsPrototype/Intermediate/Shaders/WorkingDirectory/10380/).
[2017.06.02-00.30.09:993][  0]LogShaderCompilers: Cleaned the shader compiler working directory 'C:/Users/rsandvik/AppData/Local/Temp/UnrealShaderWorkingDir/B643F11849AC0AC0AF203394F02DA962/'.
[2017.06.02-00.30.09:993][  0]LogShaderCompilers:Display: Using Local Shader Compiler.
[2017.06.02-00.30.11:208][  0]LogTemp:Display: Loaded TP AllDesktopTargetPlatform
[2017.06.02-00.30.11:292][  0]LogTemp:Display: Loaded TP MacClientTargetPlatform
[2017.06.02-00.30.11:377][  0]LogTemp:Display: Loaded TP MacNoEditorTargetPlatform
[2017.06.02-00.30.11:460][  0]LogTemp:Display: Loaded TP MacServerTargetPlatform
[2017.06.02-00.30.11:544][  0]LogTemp:Display: Loaded TP MacTargetPlatform
[2017.06.02-00.30.11:630][  0]LogTemp:Display: Loaded TP WindowsClientTargetPlatform
[2017.06.02-00.30.11:715][  0]LogTemp:Display: Loaded TP WindowsNoEditorTargetPlatform
[2017.06.02-00.30.11:800][  0]LogTemp:Display: Loaded TP WindowsServerTargetPlatform
[2017.06.02-00.30.11:879][  0]LogTemp:Display: Loaded TP WindowsTargetPlatform
[2017.06.02-00.30.11:962][  0]LogTemp:Display: Loaded TP AndroidTargetPlatform
[2017.06.02-00.30.12:046][  0]LogTemp:Display: Loaded TP Android_ASTCTargetPlatform
[2017.06.02-00.30.12:129][  0]LogTemp:Display: Loaded TP Android_ATCTargetPlatform
[2017.06.02-00.30.12:212][  0]LogTemp:Display: Loaded TP Android_DXTTargetPlatform
[2017.06.02-00.30.12:295][  0]LogTemp:Display: Loaded TP Android_ETC1TargetPlatform
[2017.06.02-00.30.12:379][  0]LogTemp:Display: Loaded TP Android_ETC2TargetPlatform
[2017.06.02-00.30.12:576][  0]LogTemp:Display: Loaded TP Android_MultiTargetPlatform
[2017.06.02-00.30.12:576][  0]LogTemp:Display: Loaded TP Android_PVRTCTargetPlatform
[2017.06.02-00.30.12:666][  0]LogTemp:Display: Loaded TP HTML5TargetPlatform
[2017.06.02-00.30.12:812][  0]LogTemp:Display: Loaded TP IOSTargetPlatform
[2017.06.02-00.30.12:860][  0]LogTemp:Display: Loaded TP TVOSTargetPlatform
[2017.06.02-00.30.12:944][  0]LogTemp:Display: Loaded TP LinuxClientTargetPlatform
[2017.06.02-00.30.13:029][  0]LogTemp:Display: Loaded TP LinuxNoEditorTargetPlatform
[2017.06.02-00.30.13:114][  0]LogTemp:Display: Loaded TP LinuxServerTargetPlatform
[2017.06.02-00.30.13:199][  0]LogTemp:Display: Loaded TP LinuxTargetPlatform
[2017.06.02-00.30.13:199][  0]LogTargetPlatformManager:Display: Building Assets For Windows
[2017.06.02-00.30.14:082][  0]LogDerivedDataCache:Display: Max Cache Size: 512 MB
[2017.06.02-00.30.14:182][  0]LogDerivedDataCache: Loaded boot cache 0.10s 90MB C:/Users/rsandvik/AppData/Local/UnrealEngine/4.16/DerivedDataCache/Boot.ddc.
[2017.06.02-00.30.14:182][  0]LogDerivedDataCache:Display: Loaded Boot cache: C:/Users/rsandvik/AppData/Local/UnrealEngine/4.16/DerivedDataCache/Boot.ddc
[2017.06.02-00.30.14:182][  0]LogDerivedDataCache: FDerivedDataBackendGraph:  Pak pak cache file ../../../../../../Users/rsandvik/Documents/GitHub/VRfpsPrototype/VRfpsPrototype/DerivedDataCache/DDC.ddp not found, will not use a pak cache.
[2017.06.02-00.30.14:182][  0]LogDerivedDataCache: Unable to find inner node Pak for hierarchical cache Hierarchy.
[2017.06.02-00.30.14:182][  0]LogDerivedDataCache: FDerivedDataBackendGraph:  CompressedPak pak cache file ../../../../../../Users/rsandvik/Documents/GitHub/VRfpsPrototype/VRfpsPrototype/DerivedDataCache/Compressed.ddp not found, will not use a pak cache.
[2017.06.02-00.30.14:182][  0]LogDerivedDataCache: Unable to find inner node CompressedPak for hierarchical cache Hierarchy.
[2017.06.02-00.30.14:198][  0]LogDerivedDataCache:Display: Pak cache opened for reading ../../../Engine/DerivedDataCache/Compressed.ddp.
[2017.06.02-00.30.14:210][  0]LogDerivedDataCache: Using Local data cache path C:/Users/rsandvik/AppData/Local/UnrealEngine/Common/DerivedDataCache: Writable
[2017.06.02-00.30.14:226][  0]LogMaterial: Verifying Global Shaders for PCD3D_SM5
[2017.06.02-00.30.14:227][  0]LogSlate: Using Freetype 2.6.0
[2017.06.02-00.30.14:229][  0]LogSlate: SlateFontCache - WITH_FREETYPE: 1, WITH_HARFBUZZ: 1
[2017.06.02-00.30.14:229][  0]LogSlate: SlateFontCache - WITH_FREETYPE: 1, WITH_HARFBUZZ: 1
[2017.06.02-00.30.14:639][  0]LogInit: Selected Device Profile: [Windows]
[2017.06.02-00.30.14:712][  0]LogContentStreaming: Texture pool size is 0.00 MB
[2017.06.02-00.30.14:930][  0]LogMeshUtilities: Using QuadricMeshReduction for automatic static mesh reduction
[2017.06.02-00.30.15:014][  0]LogSimplygon: Simplygon DLL not present - disabling.
[2017.06.02-00.30.15:098][  0]LogMeshUtilities: Using SimplygonSwarm for distributed automatic mesh merging
[2017.06.02-00.30.15:098][  0]LogMeshUtilities: No automatic skeletal mesh reduction module available
[2017.06.02-00.30.15:098][  0]LogMeshUtilities: No automatic mesh merging module available
[2017.06.02-00.30.15:862][  0]LogNetVersion: VRfpsPrototype , NetCL: 3452394, EngineNetVer: 2, GameNetVer: 0 (Checksum: 1376506324)
[2017.06.02-00.30.15:944][  0]LogAssetRegistry: FAssetRegistry took 0.0260 seconds to start up
[2017.06.02-00.30.16:011][  0]LogPackageLocalizationCache: Processed 4 localized package path(s) for 2 prioritized culture(s) in 0.024396 seconds
[2017.06.02-00.30.16:015][  0]LogUObjectArray: 34194 objects as part of root set at end of initial load.
[2017.06.02-00.30.16:015][  0]LogUObjectAllocator: 7260424 out of 0 bytes used by permanent object pool.
[2017.06.02-00.30.16:015][  0]LogUObjectArray: CloseDisregardForGC: 0/0 objects in disregard for GC pool
[2017.06.02-00.30.16:132][  0]LogInit: WinSock: version 1.1 (2.2), MaxSocks=32767, MaxUdp=65467
[2017.06.02-00.30.20:302][  0]LogTcpMessaging: Initializing TcpMessaging bridge
[2017.06.02-00.30.20:364][  0]LogUdpMessaging: Initializing bridge on interface 0.0.0.0:0 to multicast group 230.0.0.1:6666.
[2017.06.02-00.30.21:218][  0]LogMaterial: Uniform references updated for custom material expression Custom.
[2017.06.02-00.30.21:899][  0]SourceControl: Info Source control is disabled
[2017.06.02-00.30.21:901][  0]SourceControl: Info Source control is disabled
[2017.06.02-00.30.21:984][  0]SourceControl: Info Source control is disabled
[2017.06.02-00.30.22:066][  0]SourceControl: Info Source control is disabled
[2017.06.02-00.30.23:230][  0]LogAndroidPermission: UAndroidPermissionCallbackProxy::GetInstance
[2017.06.02-00.30.24:219][  0]LogEngine: Initializing Engine...
[2017.06.02-00.30.24:219][  0]LogHMD: Oculus plugin initialized. Version: 4.16.1-3466753+++UE4+Release-4.16, LibOVR: 1.15.0, SDK: 1.12.0, built May 31 2017, 02:11:10
[2017.06.02-00.30.24:444][  0]OCULUS: Debug: [HMDState] Using default profile default
[2017.06.02-00.30.24:444][  0]OCULUS: Info: IAD changed to 63.4mm
[2017.06.02-00.30.24:444][  0]LogStats: UGameplayTagsManager::ConstructGameplayTagTree: Construct from data asset -  0.000 s
[2017.06.02-00.30.24:444][  0]LogStats: UGameplayTagsManager::ConstructGameplayTagTree: GameplayTagTreeChangedEvent.Broadcast -  0.000 s
[2017.06.02-00.30.24:682][  0]LogAIModule: Creating AISystem for world Untitled
[2017.06.02-00.30.24:689][  0]LogInit: XAudio2 using 'Headphones (Realtek High Definition Audio)' : 2 channels at 48 kHz using 32 bits per sample (channel mask 0x3)
[2017.06.02-00.30.24:703][  0]LogInit: FAudioDevice initialized.
[2017.06.02-00.30.24:753][  0]LogDerivedDataCache: Saved boot cache 0.05s 103MB C:/Users/rsandvik/AppData/Local/UnrealEngine/4.16/DerivedDataCache/Boot.ddc.
[2017.06.02-00.30.24:766][  0]LogInit: Texture streaming: Enabled
[2017.06.02-00.30.24:938][  0]LogEngineSessionManager: EngineSessionManager initialized
[2017.06.02-00.30.25:333][  0]LogInit: Transaction tracking system initialized
[2017.06.02-00.30.25:912][  0]BlueprintLog: New page: Editor Load
[2017.06.02-00.30.27:647][  0]LocalizationService: Info Localization service is disabled
[2017.06.02-00.30.28:908][  0]LogConsoleResponse:Display: 
[2017.06.02-00.30.29:103][  0]LogCook:Display: Max memory allowance for cook 16384mb min free memory 0mb
[2017.06.02-00.30.29:103][  0]LogCook:Display: Mobile HDR setting 1
[2017.06.02-00.30.29:961][  0]LogFileCache: Scanning file cache for directory 'C:/Users/rsandvik/Documents/GitHub/VRfpsPrototype/VRfpsPrototype/Content/' took 0.01s
[2017.06.02-00.30.30:874][  0]SourceControl: Info Source control is disabled
[2017.06.02-00.30.30:874][  0]Cmd: MAP LOAD FILE="../../../../../../Users/rsandvik/Documents/GitHub/VRfpsPrototype/VRfpsPrototype/Content/VirtualRealityBP/Maps/StartupMap.umap" TEMPLATE=0 SHOWPROGRESS=1 FEATURELEVEL=3
[2017.06.02-00.30.30:875][  0]LightingResults: New page: Lighting Build
[2017.06.02-00.30.30:951][  0]MapCheck: New page: Map Check
[2017.06.02-00.30.30:951][  0]LightingResults: New page: Lighting Build
[2017.06.02-00.30.31:035][  0]LogAIModule: Creating AISystem for world StartupMap
[2017.06.02-00.30.31:041][  0]LogEditorServer: Finished looking for orphan Actors (0.000 secs)
[2017.06.02-00.30.31:047][  0]Cmd: MAP CHECKDEP NOCLEARLOG
[2017.06.02-00.30.31:184][  0]MapCheck: Info Map check complete: 0 Error(s), 0 Warning(s), took 137.344ms to complete.
[2017.06.02-00.30.31:184][  0]LogFileHelpers: Loading map 'StartupMap' took 0.311
[2017.06.02-00.30.31:342][  0]LogCollectionManager: Loaded 0 collections in 0.001181 seconds
[2017.06.02-00.30.31:474][  0]LogFileCache: Scanning file cache for directory 'C:/Users/rsandvik/Documents/GitHub/VRfpsPrototype/VRfpsPrototype/Saved/Collections/' took 0.01s
[2017.06.02-00.30.31:474][  0]LogFileCache: Scanning file cache for directory 'C:/Users/rsandvik/Documents/GitHub/VRfpsPrototype/VRfpsPrototype/Content/Developers/rsandvik/Collections/' took 0.01s
[2017.06.02-00.30.31:474][  0]LogFileCache: Scanning file cache for directory 'C:/Users/rsandvik/Documents/GitHub/VRfpsPrototype/VRfpsPrototype/Content/Collections/' took 0.01s
[2017.06.02-00.30.31:474][  0]LogCollectionManager: Rebuilt the GUID cache for 0 collections in 0.000001 seconds
[2017.06.02-00.30.31:482][  0]LogContentBrowser: Native class hierarchy populated in 0.0079 seconds. Added 2329 classes and 491 folders.
[2017.06.02-00.30.31:599][  0]LogContentBrowser: Native class hierarchy updated for 'WidgetCarousel' in 0.0005 seconds. Added 0 classes and 0 folders.
[2017.06.02-00.30.31:653][  0]LogContentBrowser: Native class hierarchy updated for 'AddContentDialog' in 0.0005 seconds. Added 0 classes and 0 folders.
[2017.06.02-00.30.31:731][  0]LogContentBrowser: Native class hierarchy updated for 'SceneOutliner' in 0.0005 seconds. Added 1 classes and 2 folders.
[2017.06.02-00.30.31:788][  0]LogCrashTracker: Crashtracker disabled due to settings.
[2017.06.02-00.30.31:791][  0]LogSlate: Took 0.000547 seconds to synchronously load lazily loaded font '../../../Engine/Content/Slate/Fonts/Roboto-Regular.ttf' (155K)
[2017.06.02-00.30.31:793][  0]LogSlate: Took 0.000482 seconds to synchronously load lazily loaded font '../../../Engine/Content/Slate/Fonts/Roboto-Bold.ttf' (160K)
[2017.06.02-00.30.31:797][  0]LogSlate: Took 0.000498 seconds to synchronously load lazily loaded font '../../../Engine/Content/Editor/Slate/Fonts/FontAwesome.ttf' (139K)
[2017.06.02-00.30.31:880][  0]LogRenderer: Reallocating scene render targets to support 1056x556 NumSamples 1 (Frame:1).
[2017.06.02-00.30.31:970][  0]LogUObjectGlobals:Warning: Failed to find object 'Class None.'
[2017.06.02-00.30.32:069][  0]LogContentBrowser: Native class hierarchy updated for 'HierarchicalLODOutliner' in 0.0006 seconds. Added 1 classes and 2 folders.
[2017.06.02-00.30.32:069][  0]LogLoad: (Engine Initialization) Total time: 25.43 seconds
[2017.06.02-00.30.32:069][  0]LogLoad: (Engine Initialization) Total Blueprint compile time: 0.08 seconds
[2017.06.02-00.30.32:069][  0]LogExternalProfiler: Found external profiler: VSPerf
[2017.06.02-00.30.32:069][  0]LogExternalProfiler: Using external profiler: VSPerf
[2017.06.02-00.30.32:087][  0]LogWindowsTextInputMethodSystem:Display: IME system now deactivated.
[2017.06.02-00.30.32:088][  0]LogOcInput: OculusInput pre-init called
[2017.06.02-00.30.32:099][  0]LogOcInput: OculusInput is initialized. Init status 0. Runtime version: 1.15.0
[2017.06.02-00.30.32:099][  0]LogHMD: Starting GearVRController plugin
[2017.06.02-00.30.32:113][  0]LogAssetRegistry: Asset discovery search completed in 16.1914 seconds
[2017.06.02-00.30.32:114][  0]LogCollectionManager: Rebuilt the object cache for 0 collections in 0.000001 seconds (found 0 objects)
[2017.06.02-00.30.32:114][  0]LogCollectionManager: Fixed up redirectors for 0 collections in 0.000018 seconds (updated 0 objects)
[2017.06.02-00.30.32:117][  0]LogContentStreaming: Texture pool size now 1000 MB
[2017.06.02-00.30.32:157][  0]LogSlate: Took 0.000655 seconds to synchronously load lazily loaded font '../../../Engine/Content/Slate/Fonts/Roboto-Light.ttf' (159K)
[2017.06.02-00.30.55:064][365]LogTemp: Repeting last play command: Selected Viewport
[2017.06.02-00.30.55:092][365]LogPlayLevel: PlayLevel: No blueprints needed recompiling
[2017.06.02-00.30.55:092][365]OCULUS: Debug: [HMDState] Using default profile default
[2017.06.02-00.30.55:092][365]OCULUS: Info: IAD changed to 63.4mm
[2017.06.02-00.30.55:092][365]LogHMD: New ovr session is created
[2017.06.02-00.30.55:093][365]LogHMD: HMD Oculus Rift CV1, res = 2160 x 1200
[2017.06.02-00.30.55:093][365]PIE: New page: PIE session: StartupMap (Jun 1, 2017, 10:30:55 AM)
[2017.06.02-00.30.55:093][365]LogPlayLevel: Creating play world package: /Game/VirtualRealityBP/Maps/UEDPIE_0_StartupMap
[2017.06.02-00.30.55:097][365]LogPlayLevel: PIE: StaticDuplicateObject took: (0.003632s)
[2017.06.02-00.30.55:097][365]LogAIModule: Creating AISystem for world StartupMap
[2017.06.02-00.30.55:097][365]LogPlayLevel: PIE: World Init took: (0.000529s)
[2017.06.02-00.30.55:097][365]LogPlayLevel: PIE: Created PIE world by copying editor world from /Game/VirtualRealityBP/Maps/StartupMap.StartupMap to /Game/VirtualRealityBP/Maps/UEDPIE_0_StartupMap.StartupMap (0.004323s)
[2017.06.02-00.30.55:105][365]LogInit: XAudio2 using 'Headphones (Realtek High Definition Audio)' : 2 channels at 48 kHz using 32 bits per sample (channel mask 0x3)
[2017.06.02-00.30.55:114][365]LogInit: FAudioDevice initialized.
[2017.06.02-00.30.55:159][365]LogUObjectGlobals:Warning: Failed to find object 'Class None.'
[2017.06.02-00.30.55:159][365]LogLoad: Game class is 'GameModeBase'
[2017.06.02-00.30.55:162][365]LogWorld: Bringing World /Game/VirtualRealityBP/Maps/UEDPIE_0_StartupMap.StartupMap up for play (max tick rate 60) at 2017.06.01-17.30.55
[2017.06.02-00.30.55:162][365]LogWorld: Bringing up level for play took: 0.001351
[2017.06.02-00.30.55:238][365]LogContentBrowser: Native class hierarchy updated for 'MovieSceneCapture' in 0.0006 seconds. Added 11 classes and 0 folders.
[2017.06.02-00.30.55:239][365]PIE: Info Play in editor start time for /Game/VirtualRealityBP/Maps/UEDPIE_0_StartupMap 0.633
[2017.06.02-00.30.56:930][465]LogHMD: Destroying ovr session
[2017.06.02-00.30.59:917][639]LogPlayLevel: PlayLevel: No blueprints needed recompiling
[2017.06.02-00.30.59:918][639]OCULUS: Debug: [HMDState] Using default profile default
[2017.06.02-00.30.59:918][639]OCULUS: Info: IAD changed to 63.4mm
[2017.06.02-00.30.59:918][639]LogHMD: New ovr session is created
[2017.06.02-00.30.59:918][639]LogHMD: HMD Oculus Rift CV1, res = 2160 x 1200
[2017.06.02-00.30.59:918][639]PIE: New page: PIE session: StartupMap (Jun 1, 2017, 10:30:59 AM)
[2017.06.02-00.30.59:918][639]LogPlayLevel: Creating play world package: /Game/VirtualRealityBP/Maps/UEDPIE_0_StartupMap
[2017.06.02-00.30.59:922][639]LogPlayLevel: PIE: StaticDuplicateObject took: (0.003884s)
[2017.06.02-00.30.59:923][639]LogAIModule: Creating AISystem for world StartupMap
[2017.06.02-00.30.59:923][639]LogPlayLevel: PIE: World Init took: (0.000546s)
[2017.06.02-00.30.59:923][639]LogPlayLevel: PIE: Created PIE world by copying editor world from /Game/VirtualRealityBP/Maps/StartupMap.StartupMap to /Game/VirtualRealityBP/Maps/UEDPIE_0_StartupMap.StartupMap (0.004586s)
[2017.06.02-00.30.59:930][639]LogInit: XAudio2 using 'Headphones (Realtek High Definition Audio)' : 2 channels at 48 kHz using 32 bits per sample (channel mask 0x3)
[2017.06.02-00.30.59:939][639]LogInit: FAudioDevice initialized.
[2017.06.02-00.31.00:023][639]LogUObjectGlobals:Warning: Failed to find object 'Class None.'
[2017.06.02-00.31.00:023][639]LogLoad: Game class is 'GameModeBase'
[2017.06.02-00.31.00:025][639]LogWorld: Bringing World /Game/VirtualRealityBP/Maps/UEDPIE_0_StartupMap.StartupMap up for play (max tick rate 0) at 2017.06.01-17.31.00
[2017.06.02-00.31.00:025][639]LogWorld: Bringing up level for play took: 0.001319
[2017.06.02-00.31.00:029][639]PIE: Info Play in editor start time for /Game/VirtualRealityBP/Maps/UEDPIE_0_StartupMap -0.577
[2017.06.02-00.31.00:042][639]LogHMD: Reallocation of eye buffer was requested
[2017.06.02-00.31.00:044][639]LogHMD: Allocated a new swap texture set (size 2712 x 1600, mipcount = 1, format = RGBA8), 0x0000015BD806EB30
[2017.06.02-00.31.00:071][639]LogRenderer: Reallocating scene render targets to support 2712x1600 NumSamples 1 (Frame:1).
[2017.06.02-00.31.02:860][  8]LogHMD: Vision Tracking Acquired
[2017.06.02-00.31.08:992][630]LogHMD: Destroying ovr session
[2017.06.02-00.31.08:992][630]LogHMD: Freeing textureSet 0x0000015BD806EB30
[2017.06.02-00.35.57:016][658]LogContentBrowser: Native class hierarchy updated for 'WorldBrowser' in 0.0006 seconds. Added 1 classes and 3 folders.
[2017.06.02-00.36.07:314][273]LogSlate: Took 0.000186 seconds to synchronously load lazily loaded font '../../../Engine/Content/Slate/Fonts/Roboto-Light.ttf' (159K)
[2017.06.02-00.36.07:822][273]LogContentBrowser: Native class hierarchy updated for 'BlueprintGraph' in 0.0009 seconds. Added 112 classes and 0 folders.
[2017.06.02-00.36.08:385][273]LogSlate: Took 0.002378 seconds to synchronously load lazily loaded font '../../../Engine/Content/Editor/Slate/Fonts/Roboto-BoldCondensed.ttf' (158K)
[2017.06.02-00.36.21:204][972]LogWindowsTextInputMethodSystem:Display: IME system now deactivated.
[2017.06.02-00.36.21:369][973]Cmd: QUIT_EDITOR
[2017.06.02-00.36.21:615][973]LogExit: Preparing to exit.
[2017.06.02-00.36.22:655][973]LogDirectoryWatcher: A directory notification for 'C:/Users/rsandvik/Documents/GitHub/VRfpsPrototype/VRfpsPrototype/Content/' was aborted.
[2017.06.02-00.36.22:681][973]LogExit: Editor shut down
[2017.06.02-00.36.22:686][973]LogExit: Transaction tracking system shut down
[2017.06.02-00.36.22:766][973]LogObj: Freed 0b from 0 cluster array pools.
[2017.06.02-00.36.22:766][973]LogExit: Object subsystem successfully closed.
[2017.06.02-00.36.22:786][973]LogD3D11RHI: Shutdown
[2017.06.02-00.36.22:786][973]LogD3D11RHI: CleanupD3DDevice
[2017.06.02-00.36.22:829][973]LogD3D11RHI: ~FD3D11DynamicRHI
[2017.06.02-00.36.22:871][973]LogModuleManager: Shutting down and abandoning module BlueprintGraph (532)
[2017.06.02-00.36.22:871][973]LogModuleManager: Shutting down and abandoning module BlueprintProfiler (530)
[2017.06.02-00.36.22:872][973]LogModuleManager: Shutting down and abandoning module WorldBrowser (528)
[2017.06.02-00.36.22:872][973]LogModuleManager: Shutting down and abandoning module MovieSceneCapture (526)
[2017.06.02-00.36.22:872][973]LogModuleManager: Shutting down and abandoning module HierarchicalLODOutliner (524)
[2017.06.02-00.36.22:872][973]LogModuleManager: Shutting down and abandoning module CrashTracker (522)
[2017.06.02-00.36.22:872][973]LogModuleManager: Shutting down and abandoning module SceneOutliner (520)
[2017.06.02-00.36.22:872][973]LogModuleManager: Shutting down and abandoning module AddContentDialog (518)
[2017.06.02-00.36.22:872][973]LogDirectoryWatcher: A directory notification for 'C:/Program Files/Epic Games_PersonalInstall/UE_4.16/FeaturePacks/' was aborted.
[2017.06.02-00.36.22:873][973]LogModuleManager: Shutting down and abandoning module WidgetCarousel (517)
[2017.06.02-00.36.22:873][973]LogModuleManager: Shutting down and abandoning module EditorWidgets (514)
[2017.06.02-00.36.22:873][973]LogModuleManager: Shutting down and abandoning module CollectionManager (512)
[2017.06.02-00.36.22:874][973]LogDirectoryWatcher: A directory notification for 'C:/Users/rsandvik/Documents/GitHub/VRfpsPrototype/VRfpsPrototype/Content/Collections/' was aborted.
[2017.06.02-00.36.22:874][973]LogDirectoryWatcher: A directory notification for 'C:/Users/rsandvik/Documents/GitHub/VRfpsPrototype/VRfpsPrototype/Content/Developers/rsandvik/Collections/' was aborted.
[2017.06.02-00.36.22:874][973]LogDirectoryWatcher: A directory notification for 'C:/Users/rsandvik/Documents/GitHub/VRfpsPrototype/VRfpsPrototype/Saved/Collections/' was aborted.
[2017.06.02-00.36.22:874][973]LogModuleManager: Shutting down and abandoning module StatsViewer (510)
[2017.06.02-00.36.22:874][973]LogModuleManager: Shutting down and abandoning module FoliageEdit (508)
[2017.06.02-00.36.22:874][973]LogModuleManager: Shutting down and abandoning module LandscapeEditor (506)
[2017.06.02-00.36.22:874][973]LogModuleManager: Shutting down and abandoning module MeshPaintMode (504)
[2017.06.02-00.36.22:874][973]LogModuleManager: Shutting down and abandoning module SceneDepthPickerMode (502)
[2017.06.02-00.36.22:874][973]LogModuleManager: Shutting down and abandoning module ActorPickerMode (500)
[2017.06.02-00.36.22:874][973]LogModuleManager: Shutting down and abandoning module GeometryMode (498)
[2017.06.02-00.36.22:874][973]LogModuleManager: Shutting down and abandoning module TextureAlignMode (496)
[2017.06.02-00.36.22:874][973]LogModuleManager: Shutting down and abandoning module BspMode (494)
[2017.06.02-00.36.22:874][973]LogModuleManager: Shutting down and abandoning module HardwareSurvey (492)
[2017.06.02-00.36.22:874][973]LogModuleManager: Shutting down and abandoning module SequenceRecorderSections (490)
[2017.06.02-00.36.22:874][973]LogModuleManager: Shutting down and abandoning module AutomationWorker (488)
[2017.06.02-00.36.22:874][973]LogModuleManager: Shutting down and abandoning module MatineeToLevelSequence (486)
[2017.06.02-00.36.22:874][973]LogModuleManager: Shutting down and abandoning module LevelSequenceEditor (484)
[2017.06.02-00.36.22:874][973]LogModuleManager: Shutting down and abandoning module PlacementMode (483)
[2017.06.02-00.36.22:874][973]LogModuleManager: Shutting down and abandoning module WmfMediaFactory (480)
[2017.06.02-00.36.22:874][973]LogModuleManager: Shutting down and abandoning module WmfMediaEditor (478)
[2017.06.02-00.36.22:874][973]LogModuleManager: Shutting down and abandoning module AvfMediaFactory (476)
[2017.06.02-00.36.22:874][973]LogModuleManager: Shutting down and abandoning module AvfMediaEditor (474)
[2017.06.02-00.36.22:874][973]LogModuleManager: Shutting down and abandoning module AndroidMediaFactory (472)
[2017.06.02-00.36.22:874][973]LogModuleManager: Shutting down and abandoning module Media (471)
[2017.06.02-00.36.22:874][973]LogModuleManager: Shutting down and abandoning module AndroidMediaEditor (468)
[2017.06.02-00.36.22:874][973]LogModuleManager: Shutting down and abandoning module CharacterAI (466)
[2017.06.02-00.36.22:874][973]LogModuleManager: Shutting down and abandoning module AudioCapture (464)
[2017.06.02-00.36.22:874][973]LogModuleManager: Shutting down and abandoning module SequenceRecorder (463)
[2017.06.02-00.36.22:874][973]LogModuleManager: Shutting down and abandoning module SmartSnapping (460)
[2017.06.02-00.36.22:874][973]LogModuleManager: Shutting down and abandoning module SessionServices (458)
[2017.06.02-00.36.22:874][973]LogModuleManager: Shutting down and abandoning module ViewportSnapping (456)
[2017.06.02-00.36.22:874][973]LogModuleManager: Shutting down and abandoning module ViewportInteraction (454)
[2017.06.02-00.36.22:874][973]LogModuleManager: Shutting down and abandoning module ClothPainter (452)
[2017.06.02-00.36.22:874][973]LogModuleManager: Shutting down and abandoning module LogVisualizer (450)
[2017.06.02-00.36.22:874][973]LogModuleManager: Shutting down and abandoning module IntroTutorials (448)
[2017.06.02-00.36.22:874][973]LogModuleManager: Shutting down and abandoning module GameProjectGeneration (447)
[2017.06.02-00.36.22:874][973]LogModuleManager: Shutting down and abandoning module EditorLiveStreaming (444)
[2017.06.02-00.36.22:874][973]LogModuleManager: Shutting down and abandoning module IOSPlatformEditor (442)
[2017.06.02-00.36.22:874][973]LogModuleManager: Shutting down and abandoning module HTML5PlatformEditor (440)
[2017.06.02-00.36.22:874][973]LogModuleManager: Shutting down and abandoning module AndroidPlatformEditor (438)
[2017.06.02-00.36.22:874][973]LogModuleManager: Shutting down and abandoning module AndroidDeviceDetection (437)
[2017.06.02-00.36.23:414][973]LogModuleManager: Shutting down and abandoning module IOSRuntimeSettings (434)
[2017.06.02-00.36.23:414][973]LogModuleManager: Shutting down and abandoning module AndroidRuntimeSettings (432)
[2017.06.02-00.36.23:414][973]LogModuleManager: Shutting down and abandoning module InputBindingEditor (430)
[2017.06.02-00.36.23:414][973]LogModuleManager: Shutting down and abandoning module MergeActors (428)
[2017.06.02-00.36.23:414][973]LogModuleManager: Shutting down and abandoning module SizeMap (426)
[2017.06.02-00.36.23:414][973]LogModuleManager: Shutting down and abandoning module TreeMap (424)
[2017.06.02-00.36.23:414][973]LogModuleManager: Shutting down and abandoning module ReferenceViewer (422)
[2017.06.02-00.36.23:414][973]LogModuleManager: Shutting down and abandoning module LocalizationDashboard (420)
[2017.06.02-00.36.23:414][973]LogModuleManager: Shutting down and abandoning module LocalizationService (419)
[2017.06.02-00.36.23:414][973]LogModuleManager: Shutting down and abandoning module HardwareTargeting (416)
[2017.06.02-00.36.23:414][973]LogModuleManager: Shutting down and abandoning module DeviceProfileEditor (414)
[2017.06.02-00.36.23:414][973]LogModuleManager: Shutting down and abandoning module UndoHistory (412)
[2017.06.02-00.36.23:414][973]LogModuleManager: Shutting down and abandoning module UserFeedback (410)
[2017.06.02-00.36.23:414][973]LogModuleManager: Shutting down and abandoning module XmlParser (408)
[2017.06.02-00.36.23:414][973]LogModuleManager: Shutting down and abandoning module Blutility (406)
[2017.06.02-00.36.23:414][973]LogModuleManager: Shutting down and abandoning module ProjectSettingsViewer (404)
[2017.06.02-00.36.23:414][973]LogModuleManager: Shutting down and abandoning module ProjectTargetPlatformEditor (403)
[2017.06.02-00.36.23:414][973]LogModuleManager: Shutting down and abandoning module EditorSettingsViewer (400)
[2017.06.02-00.36.23:414][973]LogModuleManager: Shutting down and abandoning module SettingsEditor (398)
[2017.06.02-00.36.23:414][973]LogModuleManager: Shutting down and abandoning module ProjectLauncher (396)
[2017.06.02-00.36.23:414][973]LogModuleManager: Shutting down and abandoning module SessionFrontend (394)
[2017.06.02-00.36.23:414][973]LogModuleManager: Shutting down and abandoning module ProfilerClient (392)
[2017.06.02-00.36.23:414][973]LogModuleManager: Shutting down and abandoning module DeviceManager (390)
[2017.06.02-00.36.23:414][973]LogModuleManager: Shutting down and abandoning module TargetDeviceServices (389)
[2017.06.02-00.36.23:478][973]LogModuleManager: Shutting down and abandoning module AutomationController (386)
[2017.06.02-00.36.23:478][973]LogModuleManager: Shutting down and abandoning module AutomationWindow (384)
[2017.06.02-00.36.23:478][973]LogModuleManager: Shutting down and abandoning module Layers (382)
[2017.06.02-00.36.23:478][973]LogModuleManager: Shutting down and abandoning module ComponentVisualizers (380)
[2017.06.02-00.36.23:478][973]LogModuleManager: Shutting down and abandoning module DetailCustomizations (378)
[2017.06.02-00.36.23:478][973]LogModuleManager: Shutting down and abandoning module PackagesDialog (376)
[2017.06.02-00.36.23:478][973]LogModuleManager: Shutting down and abandoning module Persona (374)
[2017.06.02-00.36.23:478][973]LogModuleManager: Shutting down and abandoning module AdvancedPreviewScene (373)
[2017.06.02-00.36.23:478][973]LogModuleManager: Shutting down and abandoning module AnimGraph (371)
[2017.06.02-00.36.23:478][973]LogModuleManager: Shutting down and abandoning module Kismet (368)
[2017.06.02-00.36.23:484][973]LogModuleManager: Shutting down and abandoning module ClassViewer (366)
[2017.06.02-00.36.23:484][973]LogModuleManager: Shutting down and abandoning module Toolbox (364)
[2017.06.02-00.36.23:484][973]LogModuleManager: Shutting down and abandoning module ModuleUI (362)
[2017.06.02-00.36.23:484][973]LogModuleManager: Shutting down and abandoning module MovieSceneTools (360)
[2017.06.02-00.36.23:484][973]LogModuleManager: Shutting down and abandoning module OutputLog (358)
[2017.06.02-00.36.23:484][973]LogModuleManager: Shutting down and abandoning module GammaUI (356)
[2017.06.02-00.36.23:484][973]LogModuleManager: Shutting down and abandoning module Documentation (354)
[2017.06.02-00.36.23:484][973]LogModuleManager: Shutting down and abandoning module MovieSceneTracks (352)
[2017.06.02-00.36.23:484][973]LogModuleManager: Shutting down and abandoning module MovieScene (350)
[2017.06.02-00.36.23:484][973]LogModuleManager: Shutting down and abandoning module Niagara (348)
[2017.06.02-00.36.23:484][973]LogModuleManager: Shutting down and abandoning module NiagaraEditor (347)
[2017.06.02-00.36.23:484][973]LogModuleManager: Shutting down and abandoning module StreamingPauseRendering (344)
[2017.06.02-00.36.23:484][973]LogModuleManager: Shutting down and abandoning module AnalyticsET (342)
[2017.06.02-00.36.23:484][973]LogModuleManager: Shutting down and abandoning module PortalServices (340)
[2017.06.02-00.36.23:484][973]LogModuleManager: Shutting down and abandoning module PortalRpc (338)
[2017.06.02-00.36.23:484][973]LogModuleManager: Shutting down and abandoning module MessagingRpc (336)
[2017.06.02-00.36.23:484][973]LogModuleManager: Shutting down and abandoning module AIModule (334)
[2017.06.02-00.36.23:484][973]LogModuleManager: Shutting down and abandoning module GameplayDebugger (333)
[2017.06.02-00.36.23:484][973]LogModuleManager: Shutting down and abandoning module AITestSuite (331)
[2017.06.02-00.36.23:484][973]LogModuleManager: Shutting down and abandoning module ProfilerService (328)
[2017.06.02-00.36.23:515][973]LogModuleManager: Shutting down and abandoning module TaskGraph (326)
[2017.06.02-00.36.23:515][973]LogModuleManager: Shutting down and abandoning module SteamVRController (324)
[2017.06.02-00.36.23:515][973]LogModuleManager: Shutting down and abandoning module SteamVR (322)
[2017.06.02-00.36.23:515][973]LogModuleManager: Shutting down and abandoning module ProceduralMeshComponentEditor (320)
[2017.06.02-00.36.23:515][973]LogModuleManager: Shutting down and abandoning module ProceduralMeshComponent (318)
[2017.06.02-00.36.23:515][973]LogModuleManager: Shutting down and abandoning module OculusLibrary (316)
[2017.06.02-00.36.23:515][973]LogModuleManager: Shutting down and abandoning module OculusInput (314)
[2017.06.02-00.36.23:515][973]LogModuleManager: Shutting down and abandoning module MobilePatchingUtils (312)
[2017.06.02-00.36.23:515][973]LogModuleManager: Shutting down and abandoning module CustomMeshComponent (310)
[2017.06.02-00.36.23:515][973]LogModuleManager: Shutting down and abandoning module CableComponent (308)
[2017.06.02-00.36.23:515][973]LogModuleManager: Shutting down and abandoning module ArchVisCharacter (306)
[2017.06.02-00.36.23:515][973]LogModuleManager: Shutting down and abandoning module AndroidPermission (304)
[2017.06.02-00.36.23:515][973]LogModuleManager: Shutting down and abandoning module MediaPlayerEditor (300)
[2017.06.02-00.36.23:515][973]LogModuleManager: Shutting down and abandoning module HTML5Networking (298)
[2017.06.02-00.36.23:515][973]LogModuleManager: Shutting down and abandoning module AlembicImporter (296)
[2017.06.02-00.36.23:515][973]LogModuleManager: Shutting down and abandoning module AlembicLibrary (295)
[2017.06.02-00.36.23:515][973]LogModuleManager: Shutting down and abandoning module GeometryCache (294)
[2017.06.02-00.36.23:515][973]LogModuleManager: Shutting down and abandoning module GeometryCacheEd (293)
[2017.06.02-00.36.23:515][973]LogModuleManager: Shutting down and abandoning module SuperSearchEditor (288)
[2017.06.02-00.36.23:515][973]LogModuleManager: Shutting down and abandoning module SuperSearch (287)
[2017.06.02-00.36.23:515][973]LogModuleManager: Shutting down and abandoning module SpeedTreeImporter (284)
[2017.06.02-00.36.23:515][973]LogModuleManager: Shutting down and abandoning module PluginBrowser (282)
[2017.06.02-00.36.23:515][973]LogModuleManager: Shutting down and abandoning module MobileLauncherProfileWizard (280)
[2017.06.02-00.36.23:515][973]LogModuleManager: Shutting down and abandoning module VisualStudioSourceCodeAccess (278)
[2017.06.02-00.36.23:515][973]LogModuleManager: Shutting down and abandoning module DesktopPlatform (277)
[2017.06.02-00.36.23:515][973]LogModuleManager: Shutting down and abandoning module UObjectPlugin (274)
[2017.06.02-00.36.23:515][973]LogModuleManager: Shutting down and abandoning module SubversionSourceControl (272)
[2017.06.02-00.36.23:515][973]LogModuleManager: Shutting down and abandoning module PerforceSourceControl (270)
[2017.06.02-00.36.23:515][973]LogModuleManager: Shutting down and abandoning module GitSourceControl (268)
[2017.06.02-00.36.23:515][973]LogModuleManager: Shutting down and abandoning module SourceControl (267)
[2017.06.02-00.36.23:515][973]LogModuleManager: Shutting down and abandoning module LightPropagationVolumeEditor (264)
[2017.06.02-00.36.23:515][973]LogModuleManager: Shutting down and abandoning module PaperTiledImporter (262)
[2017.06.02-00.36.23:515][973]LogModuleManager: Shutting down and abandoning module PaperSpriteSheetImporter (260)
[2017.06.02-00.36.23:515][973]LogModuleManager: Shutting down and abandoning module Paper2DEditor (258)
[2017.06.02-00.36.23:515][973]LogModuleManager: Shutting down and abandoning module MeshPaint (257)
[2017.06.02-00.36.23:515][973]LogModuleManager: Shutting down and abandoning module LevelEditor (255)
[2017.06.02-00.36.23:516][973]LogModuleManager: Shutting down and abandoning module PixelInspectorModule (254)
[2017.06.02-00.36.23:516][973]LogModuleManager: Shutting down and abandoning module MainFrame (252)
[2017.06.02-00.36.23:516][973]LogModuleManager: Shutting down and abandoning module HotReload (251)
[2017.06.02-00.36.23:516][973]LogModuleManager: Shutting down and abandoning module PhysXVehiclesEditor (246)
[2017.06.02-00.36.23:516][973]LogModuleManager: Shutting down and abandoning module PhysXVehicles (244)
[2017.06.02-00.36.23:516][973]LogModuleManager: Shutting down and abandoning module LocationServicesBPLibrary (242)
[2017.06.02-00.36.23:516][973]LogModuleManager: Shutting down and abandoning module ImmediatePhysicsEditor (240)
[2017.06.02-00.36.23:516][973]LogModuleManager: Shutting down and abandoning module ImmediatePhysics (238)
[2017.06.02-00.36.23:516][973]LogModuleManager: Shutting down and abandoning module UdpMessaging (236)
[2017.06.02-00.36.23:617][973]LogModuleManager: Shutting down and abandoning module TcpMessaging (234)
[2017.06.02-00.36.23:717][973]LogModuleManager: Shutting down and abandoning module GameplayTagsEditor (232)
[2017.06.02-00.36.23:717][973]LogModuleManager: Shutting down and abandoning module FacialAnimationEditor (230)
[2017.06.02-00.36.23:717][973]LogModuleManager: Shutting down and abandoning module FacialAnimation (228)
[2017.06.02-00.36.23:717][973]LogModuleManager: Shutting down and abandoning module AssetManagerEditor (226)
[2017.06.02-00.36.23:717][973]LogModuleManager: Shutting down and abandoning module GraphEditor (225)
[2017.06.02-00.36.23:717][973]LogModuleManager: Shutting down and abandoning module ContentBrowser (223)
[2017.06.02-00.36.23:718][973]LogModuleManager: Shutting down and abandoning module LightPropagationVolumeRuntime (220)
[2017.06.02-00.36.23:718][973]LogModuleManager: Shutting down and abandoning module Paper2D (218)
[2017.06.02-00.36.23:718][973]LogModuleManager: Shutting down and abandoning module WindowsMoviePlayer (216)
[2017.06.02-00.36.23:718][973]LogModuleManager: Shutting down and abandoning module WmfMedia (214)
[2017.06.02-00.36.23:718][973]LogModuleManager: Shutting down and abandoning module ClothingSystemEditor (212)
[2017.06.02-00.36.23:718][973]LogModuleManager: Shutting down and abandoning module ClothingSystemRuntime (210)
[2017.06.02-00.36.23:718][973]LogModuleManager: Shutting down and abandoning module MediaAssets (208)
[2017.06.02-00.36.23:718][973]LogModuleManager: Shutting down and abandoning module GameLiveStreaming (206)
[2017.06.02-00.36.23:718][973]LogModuleManager: Shutting down and abandoning module VREditor (204)
[2017.06.02-00.36.23:718][973]LogModuleManager: Shutting down and abandoning module StringTableEditor (202)
[2017.06.02-00.36.23:718][973]LogModuleManager: Shutting down and abandoning module GameplayTasksEditor (200)
[2017.06.02-00.36.23:718][973]LogModuleManager: Shutting down and abandoning module BehaviorTreeEditor (198)
[2017.06.02-00.36.23:718][973]LogModuleManager: Shutting down and abandoning module FunctionalTesting (196)
[2017.06.02-00.36.23:718][973]LogModuleManager: Shutting down and abandoning module CollisionAnalyzer (194)
[2017.06.02-00.36.23:718][973]LogModuleManager: Shutting down and abandoning module UMG (192)
[2017.06.02-00.36.23:718][973]LogModuleManager: Shutting down and abandoning module UMGEditor (191)
[2017.06.02-00.36.23:718][973]LogModuleManager: Shutting down and abandoning module Sequencer (190)
[2017.06.02-00.36.23:718][973]LogModuleManager: Shutting down and abandoning module AssetTools (188)
[2017.06.02-00.36.23:718][973]LogModuleManager: Shutting down and abandoning module MessageLog (187)
[2017.06.02-00.36.23:718][973]LogModuleManager: Shutting down and abandoning module WorkspaceMenuStructure (186)
[2017.06.02-00.36.23:718][973]LogModuleManager: Shutting down and abandoning module SlateReflector (180)
[2017.06.02-00.36.23:718][973]LogModuleManager: Shutting down and abandoning module Slate (178)
[2017.06.02-00.36.23:718][973]LogModuleManager: Shutting down and abandoning module EditorStyle (176)
[2017.06.02-00.36.23:722][973]LogModuleManager: Shutting down and abandoning module SourceCodeAccess (174)
[2017.06.02-00.36.23:722][973]LogModuleManager: Shutting down and abandoning module HeadMountedDisplay (172)
[2017.06.02-00.36.23:722][973]LogModuleManager: Shutting down and abandoning module XAudio2 (170)
[2017.06.02-00.36.23:722][973]LogModuleManager: Shutting down and abandoning module Networking (168)
[2017.06.02-00.36.23:722][973]LogModuleManager: Shutting down and abandoning module Core (164)
[2017.06.02-00.36.23:722][973]LogModuleManager: Shutting down and abandoning module AssetRegistry (162)
[2017.06.02-00.36.23:861][973]LogDirectoryWatcher: A directory notification for '../../../Engine/Content/' was aborted.
[2017.06.02-00.36.23:861][973]LogDirectoryWatcher: A directory notification for '../../../../../../Users/rsandvik/Documents/GitHub/VRfpsPrototype/VRfpsPrototype/Content/' was aborted.
[2017.06.02-00.36.23:861][973]LogDirectoryWatcher: A directory notification for '../../../Engine/Plugins/2D/Paper2D/Content/' was aborted.
[2017.06.02-00.36.23:861][973]LogDirectoryWatcher: A directory notification for '../../../Engine/Plugins/Runtime/GearVR/Content/' was aborted.
[2017.06.02-00.36.23:863][973]LogModuleManager: Shutting down and abandoning module DirectoryWatcher (161)
[2017.06.02-00.36.23:864][973]LogModuleManager: Shutting down and abandoning module KismetCompiler (158)
[2017.06.02-00.36.23:864][973]LogModuleManager: Shutting down and abandoning module LevelSequence (156)
[2017.06.02-00.36.23:864][973]LogModuleManager: Shutting down and abandoning module PhysXFormats (154)
[2017.06.02-00.36.23:864][973]LogModuleManager: Shutting down and abandoning module MeshUtilities (152)
[2017.06.02-00.36.23:864][973]LogModuleManager: Shutting down and abandoning module SimplygonSwarm (151)
[2017.06.02-00.36.23:864][973]LogModuleManager: Shutting down and abandoning module SimplygonMeshReduction (149)
[2017.06.02-00.36.23:864][973]LogModuleManager: Shutting down and abandoning module QuadricMeshReduction (147)
[2017.06.02-00.36.23:864][973]LogModuleManager: Shutting down and abandoning module DerivedDataCache (144)
[2017.06.02-00.36.23:868][973]LogDerivedDataCache: Shutdown
[2017.06.02-00.36.23:868][973]LogModuleManager: Shutting down and abandoning module TargetPlatform (142)
[2017.06.02-00.36.23:868][973]LogModuleManager: Shutting down and abandoning module VulkanShaderFormat (141)
[2017.06.02-00.36.23:868][973]LogModuleManager: Shutting down and abandoning module ShaderFormatVectorVM (139)
[2017.06.02-00.36.23:868][973]LogModuleManager: Shutting down and abandoning module ShaderFormatOpenGL (137)
[2017.06.02-00.36.23:868][973]LogModuleManager: Shutting down and abandoning module ShaderFormatD3D (135)
[2017.06.02-00.36.23:868][973]LogModuleManager: Shutting down and abandoning module MetalShaderFormat (133)
[2017.06.02-00.36.23:868][973]LogModuleManager: Shutting down and abandoning module TextureFormatUncompressed (131)
[2017.06.02-00.36.23:868][973]LogModuleManager: Shutting down and abandoning module TextureFormatPVR (129)
[2017.06.02-00.36.23:868][973]LogModuleManager: Shutting down and abandoning module TextureFormatDXT (127)
[2017.06.02-00.36.23:868][973]LogModuleManager: Shutting down and abandoning module TextureFormatIntelISPCTexComp (125)
[2017.06.02-00.36.23:868][973]LogModuleManager: Shutting down and abandoning module TextureFormatASTC (123)
[2017.06.02-00.36.23:868][973]LogModuleManager: Shutting down and abandoning module ImageWrapper (122)
[2017.06.02-00.36.23:868][973]LogModuleManager: Shutting down and abandoning module TextureFormatAndroid (119)
[2017.06.02-00.36.23:868][973]LogModuleManager: Shutting down and abandoning module AudioFormatOpus (117)
[2017.06.02-00.36.23:868][973]LogModuleManager: Shutting down and abandoning module AudioFormatOgg (115)
[2017.06.02-00.36.23:868][973]LogModuleManager: Shutting down and abandoning module AudioFormatADPCM (113)
[2017.06.02-00.36.23:868][973]LogModuleManager: Shutting down and abandoning module LinuxTargetPlatform (111)
[2017.06.02-00.36.23:868][973]LogModuleManager: Shutting down and abandoning module LinuxServerTargetPlatform (109)
[2017.06.02-00.36.23:868][973]LogModuleManager: Shutting down and abandoning module LinuxNoEditorTargetPlatform (107)
[2017.06.02-00.36.23:868][973]LogModuleManager: Shutting down and abandoning module LinuxClientTargetPlatform (105)
[2017.06.02-00.36.23:868][973]LogModuleManager: Shutting down and abandoning module TVOSTargetPlatform (103)
[2017.06.02-00.36.23:868][973]LogModuleManager: Shutting down and abandoning module Messaging (101)
[2017.06.02-00.36.23:868][973]LogModuleManager: Shutting down and abandoning module IOSTargetPlatform (99)
[2017.06.02-00.36.23:868][973]LogModuleManager: Shutting down and abandoning module HTML5TargetPlatform (97)
[2017.06.02-00.36.23:868][973]LogModuleManager: Shutting down and abandoning module Android_PVRTCTargetPlatform (95)
[2017.06.02-00.36.23:868][973]LogModuleManager: Shutting down and abandoning module Android_MultiTargetPlatform (93)
[2017.06.02-00.36.23:868][973]LogModuleManager: Shutting down and abandoning module Android_ETC2TargetPlatform (91)
[2017.06.02-00.36.23:868][973]LogModuleManager: Shutting down and abandoning module Android_ETC1TargetPlatform (89)
[2017.06.02-00.36.23:868][973]LogModuleManager: Shutting down and abandoning module Android_DXTTargetPlatform (87)
[2017.06.02-00.36.23:868][973]LogModuleManager: Shutting down and abandoning module Android_ATCTargetPlatform (85)
[2017.06.02-00.36.23:868][973]LogModuleManager: Shutting down and abandoning module Android_ASTCTargetPlatform (83)
[2017.06.02-00.36.23:868][973]LogModuleManager: Shutting down and abandoning module AndroidTargetPlatform (81)
[2017.06.02-00.36.23:868][973]LogModuleManager: Shutting down and abandoning module WindowsTargetPlatform (79)
[2017.06.02-00.36.23:868][973]LogModuleManager: Shutting down and abandoning module WindowsServerTargetPlatform (77)
[2017.06.02-00.36.23:868][973]LogModuleManager: Shutting down and abandoning module WindowsNoEditorTargetPlatform (75)
[2017.06.02-00.36.23:868][973]LogModuleManager: Shutting down and abandoning module WindowsClientTargetPlatform (73)
[2017.06.02-00.36.23:868][973]LogModuleManager: Shutting down and abandoning module MacTargetPlatform (71)
[2017.06.02-00.36.23:868][973]LogModuleManager: Shutting down and abandoning module MacServerTargetPlatform (69)
[2017.06.02-00.36.23:868][973]LogModuleManager: Shutting down and abandoning module MacNoEditorTargetPlatform (67)
[2017.06.02-00.36.23:868][973]LogModuleManager: Shutting down and abandoning module MacClientTargetPlatform (65)
[2017.06.02-00.36.23:868][973]LogModuleManager: Shutting down and abandoning module AllDesktopTargetPlatform (63)
[2017.06.02-00.36.23:868][973]LogModuleManager: Shutting down and abandoning module InputCore (60)
[2017.06.02-00.36.23:868][973]LogModuleManager: Shutting down and abandoning module Settings (58)
[2017.06.02-00.36.23:868][973]LogModuleManager: Shutting down and abandoning module OculusRift (56)
[2017.06.02-00.36.23:869][973]LogHMD: Oculus shutdown.
[2017.06.02-00.36.23:869][973]LogModuleManager: Shutting down and abandoning module GearVRController (54)
[2017.06.02-00.36.23:869][973]LogModuleManager: Shutting down and abandoning module GearVR (52)
[2017.06.02-00.36.23:869][973]LogModuleManager: Shutting down and abandoning module ExampleDeviceProfileSelector (50)
[2017.06.02-00.36.23:869][973]LogModuleManager: Shutting down and abandoning module OnlineBlueprintSupport (48)
[2017.06.02-00.36.23:869][973]LogModuleManager: Shutting down and abandoning module OnlineSubsystem (44)
[2017.06.02-00.36.23:869][973]LogOnline:Display: Unloading online subsystem: NULL
[2017.06.02-00.36.23:869][973]LogModuleManager: Shutting down and abandoning module XMPP (43)
[2017.06.02-00.36.23:869][973]LogModuleManager: Shutting down and abandoning module HTTP (41)
[2017.06.02-00.36.23:869][973]LogHttp:Display: Http module shutting down, but needs to wait on 1 outstanding Http requests:
[2017.06.02-00.36.23:869][973]LogHttp:Display: 	verb=[POST] url=[https://datarouter.ol.epicgames.com/datarouter/api/v1/public/data?SessionID=%7B5C8942B0-455A-1247-1E71-1D89E982A1D7%7D&AppID=UEEditor.Rocket.Release&AppVersion=4.16.1-3466753%2B%2B%2BUE4%2BRelease-4.16&UserID=de21925940f3b7f40d916bba5e5d4ce4%7Cb33c62c00ec94d3abec140a903a0ff69%7Cbdbc5a38-912a-4898-af14-e4fa824207b0&AppEnvironment=datacollector-binary&UploadType=eteventstream] status=Processing
[2017.06.02-00.36.23:885][973]LogModuleManager: Shutting down and abandoning module SSL (40)
[2017.06.02-00.36.23:886][973]LogModuleManager: Shutting down and abandoning module HTTPChunkInstaller (36)
[2017.06.02-00.36.23:886][973]LogModuleManager: Shutting down and abandoning module AnimationModifiers (34)
[2017.06.02-00.36.23:886][973]LogModuleManager: Shutting down and abandoning module PropertyEditor (33)
[2017.06.02-00.36.23:886][973]LogModuleManager: Shutting down and abandoning module AudioEditor (30)
[2017.06.02-00.36.23:886][973]LogModuleManager: Shutting down and abandoning module TextureCompressor (28)
[2017.06.02-00.36.23:886][973]LogModuleManager: Shutting down and abandoning module ShaderCore (26)
[2017.06.02-00.36.23:886][973]LogModuleManager: Shutting down and abandoning module Landscape (24)
[2017.06.02-00.36.23:886][973]LogModuleManager: Shutting down and abandoning module SlateRHIRenderer (22)
[2017.06.02-00.36.23:887][973]LogModuleManager: Shutting down and abandoning module OpenGLDrv (20)
[2017.06.02-00.36.23:887][973]LogModuleManager: Shutting down and abandoning module D3D11RHI (18)
[2017.06.02-00.36.23:887][973]LogModuleManager: Shutting down and abandoning module AnimGraphRuntime (16)
[2017.06.02-00.36.23:887][973]LogModuleManager: Shutting down and abandoning module Renderer (14)
[2017.06.02-00.36.23:887][973]LogModuleManager: Shutting down and abandoning module Engine (12)
[2017.06.02-00.36.23:887][973]LogModuleManager: Shutting down and abandoning module CoreUObject (10)
[2017.06.02-00.36.23:887][973]LogModuleManager: Shutting down and abandoning module NetworkFile (8)
[2017.06.02-00.36.23:887][973]LogModuleManager: Shutting down and abandoning module StreamingFile (6)
[2017.06.02-00.36.23:887][973]LogModuleManager: Shutting down and abandoning module SandboxFile (4)
[2017.06.02-00.36.23:887][973]LogModuleManager: Shutting down and abandoning module PakFile (2)
[2017.06.02-00.36.23:889][973]LogExit: Exiting.
[2017.06.02-00.36.23:895][973]Log file closed, 06/01/17 17:36:23
