Log file open, 06/05/17 15:53:57
LogInit:Display: Running engine for game: VRfpsPrototype
LogPlatformFile: Not using cached read wrapper
LogInit:Display: RandInit(845213824) SRandInit(845213825).
LogTaskGraph: Started task graph with 5 named threads and 10 total threads with 1 sets of task threads.
LogStats: Stats thread started at 0.234236
LogInit: Using libcurl 7.47.1
LogInit:  - built for x86_64-pc-win32
LogInit:  - supports SSL with OpenSSL/1.0.2g
LogInit:  - supports HTTP deflate (compression) using libz 1.2.8
LogInit:  - other features:
LogInit:      CURL_VERSION_SSL
LogInit:      CURL_VERSION_LIBZ
LogInit:      CURL_VERSION_IPV6
LogInit:      CURL_VERSION_ASYNCHDNS
LogInit:      CURL_VERSION_LARGEFILE
LogInit:      CURL_VERSION_IDN
LogInit:  CurlRequestOptions (configurable via config and command line):
LogInit:  - bVerifyPeer = false  - Libcurl will NOT verify peer certificate
LogInit:  - bUseHttpProxy = false  - Libcurl will NOT use HTTP proxy
LogInit:  - bDontReuseConnections = false  - Libcurl will reuse connections
LogInit:  - CertBundlePath = nullptr  - Libcurl will use whatever was configured at build time.
OCULUS: Info: [CAPI] LibOVR module is located at C:\Program Files\Oculus\Support\oculus-runtime\LibOVRRT64_1.dll
OCULUS: Debug: Connected to the server running version (prod = 1).1.15.0(build = 391815) feature version = 0. Client runs version (prod = 1).1.15.0(build = 391815) feature version = 0
OCULUS: Debug: [HMDState] Using default profile default
OCULUS: Info: IAD changed to 59.9mm
OCULUS: Debug: Creating factory
LogHMD: GearVR: Emulating GearVR using Oculus Rift!
LogInit: Build: ++UE4+Release-4.16-CL-3466753
LogInit: Engine Version: 4.16.1-3466753+++UE4+Release-4.16
LogInit: Compatible Engine Version: 4.16.0-3452394+++UE4+Release-4.16
LogInit: Net CL: 3452394
LogDevObjectVersion: Number of dev versions registered: 16
LogDevObjectVersion:   Dev-Blueprints (B0D832E4-1F89-4F0D-ACCF-7EB736FD4AA2): 9
LogDevObjectVersion:   Dev-Build (E1C64328-A22C-4D53-A36C-8E866417BD8C): 0
LogDevObjectVersion:   Dev-Core (375EC13C-06E4-48FB-B500-84F0262A717E): 2
LogDevObjectVersion:   Dev-Editor (E4B068ED-F494-42E9-A231-DA0B2E46BB41): 17
LogDevObjectVersion:   Dev-Framework (CFFC743F-43B0-4480-9391-14DF171D2073): 23
LogDevObjectVersion:   Dev-Mobile (B02B49B5-BB20-44E9-A304-32B752E40360): 0
LogDevObjectVersion:   Dev-Networking (A4E4105C-59A1-49B5-A7C5-40C4547EDFEE): 0
LogDevObjectVersion:   Dev-Online (39C831C9-5AE6-47DC-9A44-9C173E1C8E7C): 0
LogDevObjectVersion:   Dev-Physics (78F01B33-EBEA-4F98-B9B4-84EACCB95AA2): 0
LogDevObjectVersion:   Dev-Platform (6631380F-2D4D-43E0-8009-CF276956A95A): 0
LogDevObjectVersion:   Dev-Rendering (12F88B9F-8875-4AFC-A67C-D90C383ABD29): 15
LogDevObjectVersion:   Dev-Sequencer (7B5AE74C-D270-4C10-A958-57980B212A5A): 4
LogDevObjectVersion:   Dev-VR (D7296918-1DD6-4BDD-9DE2-64A83CC13884): 0
LogDevObjectVersion:   Dev-LoadTimes (C2A15278-BFE7-4AFE-6C17-90FF531DF755): 1
LogDevObjectVersion:   Private-Geometry (6EACA3D4-40EC-4CC1-B786-8BED09428FC5): 1
LogDevObjectVersion:   Dev-AnimPhys (29E575DD-E0A3-4627-9D10-D276232CDCEA): 3
LogInit: Compiled (64-bit): May 31 2017 02:03:30
LogInit: Compiled with Visual C++: 19.00.24215.01
LogInit: Build Configuration: Development
LogInit: Branch Name: ++UE4+Release-4.16
LogInit: Command line:  -skipcompile
LogInit: Base directory: C:/Program Files/Epic Games/UE_4.16/Engine/Binaries/Win64/
LogInit: Installed Engine Build: 1
LogInit: Presizing for max 8388607 objects, including 0 objects not considered by GC, pre-allocating 0 bytes for permanent pool.
LogInit: Object subsystem initialized
[2017.06.05-22.53.58:467][  0]LogInit: Selected Device Profile: [Windows]
[2017.06.05-22.53.58:467][  0]LogInit: Applying CVar settings loaded from the selected device profile: [Windows]
[2017.06.05-22.53.58:488][  0]LogInit: Computer: PLUNABOX
[2017.06.05-22.53.58:488][  0]LogInit: User: pluna
[2017.06.05-22.53.58:488][  0]LogInit: CPU Page size=4096, Cores=6
[2017.06.05-22.53.58:488][  0]LogInit: High frequency timer resolution =3.410073 MHz
[2017.06.05-22.53.58:488][  0]LogMemory: Memory total: Physical=31.9GB (32GB approx)
[2017.06.05-22.53.58:488][  0]LogMemory: Platform Memory Stats for Windows
[2017.06.05-22.53.58:489][  0]LogMemory: Process Physical Memory: 280.65 MB used, 280.65 MB peak
[2017.06.05-22.53.58:489][  0]LogMemory: Process Virtual Memory: 270.55 MB used, 270.55 MB peak
[2017.06.05-22.53.58:489][  0]LogMemory: Physical Memory: 10967.63 MB used,  21698.62 MB free, 32666.25 MB total
[2017.06.05-22.53.58:489][  0]LogMemory: Virtual Memory: 686.36 MB used,  21698.62 MB free, 134217728.00 MB total
[2017.06.05-22.53.58:857][  0]LogInit: Using OS detected language (en-US).
[2017.06.05-22.53.58:857][  0]LogInit: Using OS detected locale (en-US).
[2017.06.05-22.53.58:869][  0]LogTextLocalizationManager: No specific localization for 'en-US' exists, so the 'en' localization will be used.
[2017.06.05-22.54.00:460][  0]LogD3D11RHI: D3D11 adapters:
[2017.06.05-22.54.00:503][  0]LogD3D11RHI:    0. 'NVIDIA GeForce GTX 970' (Feature Level 11_0)
[2017.06.05-22.54.00:503][  0]LogD3D11RHI:       4059/0/16333 MB DedicatedVideo/DedicatedSystem/SharedSystem, Outputs:2, VendorId:0x10de
[2017.06.05-22.54.00:524][  0]LogD3D11RHI:    1. 'Microsoft Basic Render Driver' (Feature Level 11_0)
[2017.06.05-22.54.00:524][  0]LogD3D11RHI:       0/0/16333 MB DedicatedVideo/DedicatedSystem/SharedSystem, Outputs:0, VendorId:0x1414
[2017.06.05-22.54.00:524][  0]LogD3D11RHI: Chosen D3D11 Adapter: 0
[2017.06.05-22.54.00:535][  0]LogD3D11RHI: Creating new Direct3DDevice
[2017.06.05-22.54.00:535][  0]LogD3D11RHI:     GPU DeviceId: 0x13c2 (for the marketing name, search the web for "GPU Device Id")
[2017.06.05-22.54.00:535][  0]LogWindows: EnumDisplayDevices:
[2017.06.05-22.54.00:535][  0]LogWindows:    0. 'NVIDIA GeForce GTX 970' (P:0 D:1)
[2017.06.05-22.54.00:535][  0]LogWindows:    1. 'NVIDIA GeForce GTX 970' (P:1 D:1)
[2017.06.05-22.54.00:536][  0]LogWindows:    2. 'NVIDIA GeForce GTX 970' (P:0 D:0)
[2017.06.05-22.54.00:536][  0]LogWindows:    3. 'NVIDIA GeForce GTX 970' (P:0 D:0)
[2017.06.05-22.54.00:536][  0]LogWindows: DebugString: FoundDriverCount:4 
[2017.06.05-22.54.00:536][  0]LogD3D11RHI:     Adapter Name: NVIDIA GeForce GTX 970
[2017.06.05-22.54.00:536][  0]LogD3D11RHI:   Driver Version: 369.09 (internal:21.21.13.6909, unified:369.09)
[2017.06.05-22.54.00:536][  0]LogD3D11RHI:      Driver Date: 8-1-2016
[2017.06.05-22.54.00:537][  0]LogRHI: Texture pool is 1361 MB (70% of 1945 MB)
[2017.06.05-22.54.00:563][  0]LogD3D11RHI: Async texture creation enabled
[2017.06.05-22.54.00:575][  0]LogD3D11RHI: GPU Timing Frequency: 1000.000000 (Debug: 2 1)
[2017.06.05-22.54.00:667][  0]LogShaderCompilers: Guid format shader working directory is -31 characters bigger than the processId version (../../../../../../Users/PLuna/Documents/GitHub/VRfpsPrototype/VRfpsPrototype/Intermediate/Shaders/WorkingDirectory/15664/).
[2017.06.05-22.54.00:668][  0]LogShaderCompilers: Cleaned the shader compiler working directory 'C:/Users/PLuna/AppData/Local/Temp/UnrealShaderWorkingDir/91BEFEC340E4BB31E76950BCF1BCCD26/'.
[2017.06.05-22.54.00:668][  0]LogShaderCompilers:Display: Using Local Shader Compiler.
[2017.06.05-22.54.02:899][  0]LogTemp:Display: Loaded TP AllDesktopTargetPlatform
[2017.06.05-22.54.03:101][  0]LogTemp:Display: Loaded TP MacClientTargetPlatform
[2017.06.05-22.54.03:294][  0]LogTemp:Display: Loaded TP MacNoEditorTargetPlatform
[2017.06.05-22.54.03:456][  0]LogTemp:Display: Loaded TP MacServerTargetPlatform
[2017.06.05-22.54.03:610][  0]LogTemp:Display: Loaded TP MacTargetPlatform
[2017.06.05-22.54.03:766][  0]LogTemp:Display: Loaded TP WindowsClientTargetPlatform
[2017.06.05-22.54.03:928][  0]LogTemp:Display: Loaded TP WindowsNoEditorTargetPlatform
[2017.06.05-22.54.04:081][  0]LogTemp:Display: Loaded TP WindowsServerTargetPlatform
[2017.06.05-22.54.04:234][  0]LogTemp:Display: Loaded TP WindowsTargetPlatform
[2017.06.05-22.54.04:391][  0]LogTemp:Display: Loaded TP AndroidTargetPlatform
[2017.06.05-22.54.04:547][  0]LogTemp:Display: Loaded TP Android_ASTCTargetPlatform
[2017.06.05-22.54.04:704][  0]LogTemp:Display: Loaded TP Android_ATCTargetPlatform
[2017.06.05-22.54.04:873][  0]LogTemp:Display: Loaded TP Android_DXTTargetPlatform
[2017.06.05-22.54.05:043][  0]LogTemp:Display: Loaded TP Android_ETC1TargetPlatform
[2017.06.05-22.54.05:207][  0]LogTemp:Display: Loaded TP Android_ETC2TargetPlatform
[2017.06.05-22.54.05:533][  0]LogTemp:Display: Loaded TP Android_MultiTargetPlatform
[2017.06.05-22.54.05:533][  0]LogTemp:Display: Loaded TP Android_PVRTCTargetPlatform
[2017.06.05-22.54.05:681][  0]LogTemp:Display: Loaded TP HTML5TargetPlatform
[2017.06.05-22.54.05:966][  0]LogTemp:Display: Loaded TP IOSTargetPlatform
[2017.06.05-22.54.06:060][  0]LogTemp:Display: Loaded TP TVOSTargetPlatform
[2017.06.05-22.54.06:240][  0]LogTemp:Display: Loaded TP LinuxClientTargetPlatform
[2017.06.05-22.54.06:396][  0]LogTemp:Display: Loaded TP LinuxNoEditorTargetPlatform
[2017.06.05-22.54.06:552][  0]LogTemp:Display: Loaded TP LinuxServerTargetPlatform
[2017.06.05-22.54.06:710][  0]LogTemp:Display: Loaded TP LinuxTargetPlatform
[2017.06.05-22.54.06:710][  0]LogTargetPlatformManager:Display: Building Assets For Windows
[2017.06.05-22.54.08:474][  0]LogDerivedDataCache:Display: Max Cache Size: 512 MB
[2017.06.05-22.54.08:606][  0]LogDerivedDataCache: Loaded boot cache 0.13s 103MB C:/Users/PLuna/AppData/Local/UnrealEngine/4.16/DerivedDataCache/Boot.ddc.
[2017.06.05-22.54.08:606][  0]LogDerivedDataCache:Display: Loaded Boot cache: C:/Users/PLuna/AppData/Local/UnrealEngine/4.16/DerivedDataCache/Boot.ddc
[2017.06.05-22.54.08:606][  0]LogDerivedDataCache: FDerivedDataBackendGraph:  Pak pak cache file ../../../../../../Users/PLuna/Documents/GitHub/VRfpsPrototype/VRfpsPrototype/DerivedDataCache/DDC.ddp not found, will not use a pak cache.
[2017.06.05-22.54.08:606][  0]LogDerivedDataCache: Unable to find inner node Pak for hierarchical cache Hierarchy.
[2017.06.05-22.54.08:606][  0]LogDerivedDataCache: FDerivedDataBackendGraph:  CompressedPak pak cache file ../../../../../../Users/PLuna/Documents/GitHub/VRfpsPrototype/VRfpsPrototype/DerivedDataCache/Compressed.ddp not found, will not use a pak cache.
[2017.06.05-22.54.08:606][  0]LogDerivedDataCache: Unable to find inner node CompressedPak for hierarchical cache Hierarchy.
[2017.06.05-22.54.08:627][  0]LogDerivedDataCache:Display: Pak cache opened for reading ../../../Engine/DerivedDataCache/Compressed.ddp.
[2017.06.05-22.54.08:641][  0]LogDerivedDataCache: Using Local data cache path C:/Users/PLuna/AppData/Local/UnrealEngine/Common/DerivedDataCache: Writable
[2017.06.05-22.54.08:653][  0]LogMaterial: Verifying Global Shaders for PCD3D_SM5
[2017.06.05-22.54.08:654][  0]LogSlate: Using Freetype 2.6.0
[2017.06.05-22.54.08:656][  0]LogSlate: SlateFontCache - WITH_FREETYPE: 1, WITH_HARFBUZZ: 1
[2017.06.05-22.54.08:656][  0]LogSlate: SlateFontCache - WITH_FREETYPE: 1, WITH_HARFBUZZ: 1
[2017.06.05-22.54.09:243][  0]LogInit: Selected Device Profile: [Windows]
[2017.06.05-22.54.09:336][  0]LogContentStreaming: Texture pool size is 0.00 MB
[2017.06.05-22.54.09:717][  0]LogMeshUtilities: Using QuadricMeshReduction for automatic static mesh reduction
[2017.06.05-22.54.09:875][  0]LogSimplygon: Simplygon DLL not present - disabling.
[2017.06.05-22.54.10:033][  0]LogMeshUtilities: Using SimplygonSwarm for distributed automatic mesh merging
[2017.06.05-22.54.10:033][  0]LogMeshUtilities: No automatic skeletal mesh reduction module available
[2017.06.05-22.54.10:033][  0]LogMeshUtilities: No automatic mesh merging module available
[2017.06.05-22.54.11:201][  0]LogNetVersion: VRfpsPrototype , NetCL: 3452394, EngineNetVer: 2, GameNetVer: 0 (Checksum: 1376506324)
[2017.06.05-22.54.11:331][  0]LogAssetRegistry: FAssetRegistry took 0.0314 seconds to start up
[2017.06.05-22.54.11:471][  0]LogPackageLocalizationCache: Processed 4 localized package path(s) for 2 prioritized culture(s) in 0.057402 seconds
[2017.06.05-22.54.11:481][  0]LogUObjectArray: 34194 objects as part of root set at end of initial load.
[2017.06.05-22.54.11:481][  0]LogUObjectAllocator: 7260416 out of 0 bytes used by permanent object pool.
[2017.06.05-22.54.11:481][  0]LogUObjectArray: CloseDisregardForGC: 0/0 objects in disregard for GC pool
[2017.06.05-22.54.11:706][  0]LogInit: WinSock: version 1.1 (2.2), MaxSocks=32767, MaxUdp=65467
[2017.06.05-22.54.18:437][  0]LogTcpMessaging: Initializing TcpMessaging bridge
[2017.06.05-22.54.18:545][  0]LogUdpMessaging: Initializing bridge on interface 0.0.0.0:0 to multicast group 230.0.0.1:6666.
[2017.06.05-22.54.19:611][  0]LogUObjectGlobals:Warning: Class which was marked abstract was trying to be loaded.  It will be nulled out on save. VRMovementComponent PawnMovementComponent
[2017.06.05-22.54.19:612][  0]LogOutputDevice:Error: Ensure condition failed: false [File:D:\Build\++UE4+Release-4.16+Compile\Sync\Engine\Source\Runtime\CoreUObject\Private\UObject\UObjectGlobals.cpp] [Line: 2145]
[2017.06.05-22.54.19:612][  0]LogStats:             FDebug::EnsureFailed -  0.000 s
[2017.06.05-22.54.24:355][  0]LogMaterial: Uniform references updated for custom material expression Custom.
[2017.06.05-22.54.25:746][  0]SourceControl: Info Source control is disabled
[2017.06.05-22.54.25:803][  0]SourceControl: Info Source control is disabled
[2017.06.05-22.54.25:987][  0]SourceControl: Info Source control is disabled
[2017.06.05-22.54.26:164][  0]SourceControl: Info Source control is disabled
[2017.06.05-22.54.28:944][  0]LogAndroidPermission: UAndroidPermissionCallbackProxy::GetInstance
[2017.06.05-22.54.31:016][  0]LogEngine: Initializing Engine...
[2017.06.05-22.54.31:017][  0]LogHMD: Oculus plugin initialized. Version: 4.16.1-3466753+++UE4+Release-4.16, LibOVR: 1.15.0, SDK: 1.12.0, built May 31 2017, 02:11:10
[2017.06.05-22.54.31:215][  0]OCULUS: Debug: [HMDState] Using default profile default
[2017.06.05-22.54.31:215][  0]OCULUS: Info: IAD changed to 59.9mm
[2017.06.05-22.54.31:308][  0]LogStats: UGameplayTagsManager::ConstructGameplayTagTree: Construct from data asset -  0.000 s
[2017.06.05-22.54.31:308][  0]LogStats: UGameplayTagsManager::ConstructGameplayTagTree: GameplayTagTreeChangedEvent.Broadcast -  0.000 s
[2017.06.05-22.54.31:785][  0]LogAIModule: Creating AISystem for world Untitled
[2017.06.05-22.54.31:806][  0]LogInit: XAudio2 using 'Speakers (Realtek High Definition Audio)' : 2 channels at 48 kHz using 32 bits per sample (channel mask 0x3)
[2017.06.05-22.54.31:846][  0]LogInit: FAudioDevice initialized.
[2017.06.05-22.54.31:908][  0]LogDerivedDataCache: Saved boot cache 0.06s 103MB C:/Users/PLuna/AppData/Local/UnrealEngine/4.16/DerivedDataCache/Boot.ddc.
[2017.06.05-22.54.31:925][  0]LogInit: Texture streaming: Enabled
[2017.06.05-22.54.32:305][  0]LogEngineSessionManager: EngineSessionManager initialized
[2017.06.05-22.54.33:104][  0]LogInit: Transaction tracking system initialized
[2017.06.05-22.54.34:315][  0]BlueprintLog: New page: Editor Load
[2017.06.05-22.54.37:924][  0]LocalizationService: Info Localization service is disabled
[2017.06.05-22.54.40:517][  0]LogConsoleResponse:Display: 
[2017.06.05-22.54.40:846][  0]LogCook:Display: Max memory allowance for cook 16384mb min free memory 0mb
[2017.06.05-22.54.40:846][  0]LogCook:Display: Mobile HDR setting 1
[2017.06.05-22.54.40:952][  0]LogFileCache: Scanning file cache for directory 'C:/Users/PLuna/Documents/GitHub/VRfpsPrototype/VRfpsPrototype/Content/' took 0.02s
[2017.06.05-22.54.44:834][  0]SourceControl: Info Source control is disabled
[2017.06.05-22.54.44:835][  0]Cmd: MAP LOAD FILE="../../../../../../Users/PLuna/Documents/GitHub/VRfpsPrototype/VRfpsPrototype/Content/VirtualRealityBP/Maps/StartupMap.umap" TEMPLATE=0 SHOWPROGRESS=1 FEATURELEVEL=3
[2017.06.05-22.54.44:836][  0]LightingResults: New page: Lighting Build
[2017.06.05-22.54.44:998][  0]MapCheck: New page: Map Check
[2017.06.05-22.54.44:998][  0]LightingResults: New page: Lighting Build
[2017.06.05-22.54.45:118][  0]LogAIModule: Creating AISystem for world StartupMap
[2017.06.05-22.54.45:132][  0]LogEditorServer: Finished looking for orphan Actors (0.000 secs)
[2017.06.05-22.54.45:142][  0]Cmd: MAP CHECKDEP NOCLEARLOG
[2017.06.05-22.54.45:331][  0]MapCheck: Info Map check complete: 0 Error(s), 0 Warning(s), took 188.689ms to complete.
[2017.06.05-22.54.45:332][  0]LogFileHelpers: Loading map 'StartupMap' took 0.497
[2017.06.05-22.54.45:590][  0]LogCollectionManager: Loaded 0 collections in 0.002999 seconds
[2017.06.05-22.54.45:778][  0]LogFileCache: Scanning file cache for directory 'C:/Users/PLuna/Documents/GitHub/VRfpsPrototype/VRfpsPrototype/Saved/Collections/' took 0.01s
[2017.06.05-22.54.45:778][  0]LogFileCache: Scanning file cache for directory 'C:/Users/PLuna/Documents/GitHub/VRfpsPrototype/VRfpsPrototype/Content/Developers/pluna/Collections/' took 0.01s
[2017.06.05-22.54.45:778][  0]LogFileCache: Scanning file cache for directory 'C:/Users/PLuna/Documents/GitHub/VRfpsPrototype/VRfpsPrototype/Content/Collections/' took 0.01s
[2017.06.05-22.54.45:778][  0]LogCollectionManager: Rebuilt the GUID cache for 0 collections in 0.000002 seconds
[2017.06.05-22.54.45:791][  0]LogContentBrowser: Native class hierarchy populated in 0.0122 seconds. Added 2334 classes and 493 folders.
[2017.06.05-22.54.46:024][  0]LogContentBrowser: Native class hierarchy updated for 'WidgetCarousel' in 0.0025 seconds. Added 0 classes and 0 folders.
[2017.06.05-22.54.46:140][  0]LogContentBrowser: Native class hierarchy updated for 'AddContentDialog' in 0.0023 seconds. Added 0 classes and 0 folders.
[2017.06.05-22.54.46:290][  0]LogContentBrowser: Native class hierarchy updated for 'SceneOutliner' in 0.0029 seconds. Added 1 classes and 2 folders.
[2017.06.05-22.54.46:396][  0]LogCrashTracker: Crashtracker disabled due to settings.
[2017.06.05-22.54.46:421][  0]LogSlate: Took 0.000294 seconds to synchronously load lazily loaded font '../../../Engine/Content/Slate/Fonts/Roboto-Regular.ttf' (155K)
[2017.06.05-22.54.46:424][  0]LogSlate: Took 0.000841 seconds to synchronously load lazily loaded font '../../../Engine/Content/Slate/Fonts/Roboto-Bold.ttf' (160K)
[2017.06.05-22.54.46:431][  0]LogSlate: Took 0.000772 seconds to synchronously load lazily loaded font '../../../Engine/Content/Editor/Slate/Fonts/FontAwesome.ttf' (139K)
[2017.06.05-22.54.46:566][  0]LogRenderer: Reallocating scene render targets to support 1056x556 NumSamples 1 (Frame:1).
[2017.06.05-22.54.46:695][  0]LogUObjectGlobals:Warning: Failed to find object 'Class None.'
[2017.06.05-22.54.46:884][  0]LogContentBrowser: Native class hierarchy updated for 'HierarchicalLODOutliner' in 0.0034 seconds. Added 1 classes and 2 folders.
[2017.06.05-22.54.46:884][  0]LogLoad: (Engine Initialization) Total time: 52.93 seconds
[2017.06.05-22.54.46:885][  0]LogLoad: (Engine Initialization) Total Blueprint compile time: 0.14 seconds
[2017.06.05-22.54.46:885][  0]LogExternalProfiler: Found external profiler: VSPerf
[2017.06.05-22.54.46:885][  0]LogExternalProfiler: Using external profiler: VSPerf
[2017.06.05-22.54.47:224][  0]LogOcInput: OculusInput pre-init called
[2017.06.05-22.54.47:244][  0]LogOcInput: OculusInput is initialized. Init status 0. Runtime version: 1.15.0
[2017.06.05-22.54.47:244][  0]LogHMD: Starting GearVRController plugin
[2017.06.05-22.54.47:265][  0]LogContentStreaming: Texture pool size now 1000 MB
[2017.06.05-22.54.47:568][  1]LogAssetRegistry: Asset discovery search completed in 36.2612 seconds
[2017.06.05-22.54.47:570][  1]LogCollectionManager: Rebuilt the object cache for 0 collections in 0.000001 seconds (found 0 objects)
[2017.06.05-22.54.47:570][  1]LogCollectionManager: Fixed up redirectors for 0 collections in 0.000148 seconds (updated 0 objects)
[2017.06.05-22.54.48:229][  3]LogSlate: Took 0.000724 seconds to synchronously load lazily loaded font '../../../Engine/Content/Slate/Fonts/Roboto-Light.ttf' (159K)
[2017.06.05-22.56.34:063][204]LogSlate: Took 0.000194 seconds to synchronously load lazily loaded font '../../../Engine/Content/Slate/Fonts/Roboto-Light.ttf' (159K)
[2017.06.05-22.56.34:293][204]LogAIModule: Creating AISystem for world MotionControllerMap
[2017.06.05-22.56.34:315][204]Cmd: MAP LOAD FILE="../../../../../../Users/PLuna/Documents/GitHub/VRfpsPrototype/VRfpsPrototype/Content/VirtualRealityBP/Maps/MotionControllerMap.umap" TEMPLATE=0 SHOWPROGRESS=1 FEATURELEVEL=3
[2017.06.05-22.56.34:315][204]LightingResults: New page: Lighting Build
[2017.06.05-22.56.34:316][204]LoadErrors: New page: Loading map: MotionControllerMap.umap
[2017.06.05-22.56.34:317][204]MapCheck: New page: Map Check
[2017.06.05-22.56.34:317][204]LightingResults: New page: Lighting Build
[2017.06.05-22.56.34:330][204]LogEditorServer: Finished looking for orphan Actors (0.000 secs)
[2017.06.05-22.56.34:361][204]Cmd: MAP CHECKDEP NOCLEARLOG
[2017.06.05-22.56.34:504][204]MapCheck: Info Map check complete: 0 Error(s), 0 Warning(s), took 143.298ms to complete.
[2017.06.05-22.56.34:505][204]LogFileHelpers: Loading map 'MotionControllerMap' took 0.192
[2017.06.05-22.57.41:068][657]LogMetaData: Removing '/Game/VirtualRealityBP/Blueprints/AI/EnemyAI_BP.EnemyAI_BP:UserConstructionScript.K2Node_FunctionEntry_0' ref from Metadata '/Game/Content/AI/EnemyAI_BP.PackageMetaData'
[2017.06.05-22.57.41:068][657]LogMetaData: Removing '/Game/VirtualRealityBP/Blueprints/AI/EnemyAI_BP.EnemyAI_BP_C' ref from Metadata '/Game/Content/AI/EnemyAI_BP.PackageMetaData'
[2017.06.05-22.57.41:068][657]LogMetaData: Removing '/Game/VirtualRealityBP/Blueprints/AI/EnemyAI_BP.EnemyAI_BP:EventGraph.K2Node_Event_0' ref from Metadata '/Game/Content/AI/EnemyAI_BP.PackageMetaData'
[2017.06.05-22.57.41:068][657]LogMetaData: Removing '/Game/VirtualRealityBP/Blueprints/AI/EnemyAI_BP.EnemyAI_BP:EventGraph.K2Node_Event_1' ref from Metadata '/Game/Content/AI/EnemyAI_BP.PackageMetaData'
[2017.06.05-22.57.41:068][657]LogMetaData: Removing '/Game/VirtualRealityBP/Blueprints/AI/EnemyAI_BP.SKEL_EnemyAI_BP_C:UserConstructionScript' ref from Metadata '/Game/Content/AI/EnemyAI_BP.PackageMetaData'
[2017.06.05-22.57.41:068][657]LogMetaData: Removing '/Game/VirtualRealityBP/Blueprints/AI/EnemyAI_BP.SKEL_EnemyAI_BP_C' ref from Metadata '/Game/Content/AI/EnemyAI_BP.PackageMetaData'
[2017.06.05-22.57.41:086][657]LogMetaData: Removing '/Game/VirtualRealityBP/Blueprints/AI/EnemyBT.EnemyBT:Behavior Tree.BehaviorTreeGraphNode_Root_0' ref from Metadata '/Game/Content/AI/EnemyBT.PackageMetaData'
[2017.06.05-22.57.41:097][657]LogMetaData: Removing '/Game/VirtualRealityBP/Blueprints/AI/EnemyCharacter_BP.EnemyCharacter_BP:UserConstructionScript.K2Node_FunctionEntry_0' ref from Metadata '/Game/Content/AI/EnemyCharacter_BP.PackageMetaData'
[2017.06.05-22.57.41:097][657]LogMetaData: Removing '/Game/VirtualRealityBP/Blueprints/AI/EnemyCharacter_BP.EnemyCharacter_BP_C' ref from Metadata '/Game/Content/AI/EnemyCharacter_BP.PackageMetaData'
[2017.06.05-22.57.41:097][657]LogMetaData: Removing '/Game/VirtualRealityBP/Blueprints/AI/EnemyCharacter_BP.EnemyCharacter_BP:EventGraph.K2Node_Event_0' ref from Metadata '/Game/Content/AI/EnemyCharacter_BP.PackageMetaData'
[2017.06.05-22.57.41:097][657]LogMetaData: Removing '/Game/VirtualRealityBP/Blueprints/AI/EnemyCharacter_BP.EnemyCharacter_BP:EventGraph.K2Node_Event_1' ref from Metadata '/Game/Content/AI/EnemyCharacter_BP.PackageMetaData'
[2017.06.05-22.57.41:097][657]LogMetaData: Removing '/Game/VirtualRealityBP/Blueprints/AI/EnemyCharacter_BP.EnemyCharacter_BP:EventGraph.K2Node_Event_2' ref from Metadata '/Game/Content/AI/EnemyCharacter_BP.PackageMetaData'
[2017.06.05-22.57.41:097][657]LogMetaData: Removing '/Game/VirtualRealityBP/Blueprints/AI/EnemyCharacter_BP.SKEL_EnemyCharacter_BP_C:UserConstructionScript' ref from Metadata '/Game/Content/AI/EnemyCharacter_BP.PackageMetaData'
[2017.06.05-22.57.41:097][657]LogMetaData: Removing '/Game/VirtualRealityBP/Blueprints/AI/EnemyCharacter_BP.SKEL_EnemyCharacter_BP_C' ref from Metadata '/Game/Content/AI/EnemyCharacter_BP.PackageMetaData'
[2017.06.05-22.57.41:127][657]LogSavePackage: Save=9.13ms
[2017.06.05-22.57.41:127][657]LogSavePackage: Moving '../../../../../../Users/PLuna/Documents/GitHub/VRfpsPrototype/VRfpsPrototype/Saved/EnemyAI_BP147376C842238D9AD45FCA8DF63BF06F.tmp' to '../../../../../../Users/PLuna/Documents/GitHub/VRfpsPrototype/VRfpsPrototype/Content/VirtualRealityBP/Blueprints/AI/EnemyAI_BP.uasset'
[2017.06.05-22.57.41:132][657]LogSavePackage:Display: Finished SavePackage ../../../../../../Users/PLuna/Documents/GitHub/VRfpsPrototype/VRfpsPrototype/Content/VirtualRealityBP/Blueprints/AI/EnemyAI_BP.uasset
[2017.06.05-22.57.41:140][657]LogSavePackage: Save=2.00ms
[2017.06.05-22.57.41:140][657]LogSavePackage: Moving '../../../../../../Users/PLuna/Documents/GitHub/VRfpsPrototype/VRfpsPrototype/Saved/EnemyBBF611061B471E196515C398BE655AA6ED.tmp' to '../../../../../../Users/PLuna/Documents/GitHub/VRfpsPrototype/VRfpsPrototype/Content/VirtualRealityBP/Blueprints/AI/EnemyBB.uasset'
[2017.06.05-22.57.41:143][657]LogSavePackage:Display: Finished SavePackage ../../../../../../Users/PLuna/Documents/GitHub/VRfpsPrototype/VRfpsPrototype/Content/VirtualRealityBP/Blueprints/AI/EnemyBB.uasset
[2017.06.05-22.57.41:152][657]LogSavePackage: Save=2.75ms
[2017.06.05-22.57.41:152][657]LogSavePackage: Moving '../../../../../../Users/PLuna/Documents/GitHub/VRfpsPrototype/VRfpsPrototype/Saved/EnemyBTFEDF2ECD4D15DC31AC0FB0A2FACA6CEB.tmp' to '../../../../../../Users/PLuna/Documents/GitHub/VRfpsPrototype/VRfpsPrototype/Content/VirtualRealityBP/Blueprints/AI/EnemyBT.uasset'
[2017.06.05-22.57.41:155][657]LogSavePackage:Display: Finished SavePackage ../../../../../../Users/PLuna/Documents/GitHub/VRfpsPrototype/VRfpsPrototype/Content/VirtualRealityBP/Blueprints/AI/EnemyBT.uasset
[2017.06.05-22.57.41:173][657]LogSavePackage: Save=12.37ms
[2017.06.05-22.57.41:173][657]LogSavePackage: Moving '../../../../../../Users/PLuna/Documents/GitHub/VRfpsPrototype/VRfpsPrototype/Saved/EnemyCharacter_BP0805E67040BBA2FC52F737B6C5DE0DBC.tmp' to '../../../../../../Users/PLuna/Documents/GitHub/VRfpsPrototype/VRfpsPrototype/Content/VirtualRealityBP/Blueprints/AI/EnemyCharacter_BP.uasset'
[2017.06.05-22.57.41:177][657]LogSavePackage:Display: Finished SavePackage ../../../../../../Users/PLuna/Documents/GitHub/VRfpsPrototype/VRfpsPrototype/Content/VirtualRealityBP/Blueprints/AI/EnemyCharacter_BP.uasset
[2017.06.05-22.57.54:487][218]LogAIModule: Creating AISystem for world TestLevel
[2017.06.05-22.59.48:867][217]LogSavePackage: Save=6.00ms
[2017.06.05-22.59.48:868][217]LogSavePackage: Moving '../../../../../../Users/PLuna/Documents/GitHub/VRfpsPrototype/VRfpsPrototype/Saved/TestLevel6B41DC3642A41C9B19ADCEA99198425E.tmp' to '../../../../../../Users/PLuna/Documents/GitHub/VRfpsPrototype/VRfpsPrototype/Content/Maps/Maps/TestMaps/rsandvik/TestLevel.umap'
[2017.06.05-22.59.48:872][217]LogSavePackage:Display: Finished SavePackage ../../../../../../Users/PLuna/Documents/GitHub/VRfpsPrototype/VRfpsPrototype/Content/Maps/Maps/TestMaps/rsandvik/TestLevel.umap
[2017.06.05-22.59.48:873][217]LogFileHelpers: Saving map 'TestLevel' took 0.159
[2017.06.05-23.00.10:801][813]LogAIModule: Creating AISystem for world HMDLocomotionMap
[2017.06.05-23.00.10:819][813]LogAIModule: Creating AISystem for world StartupMap
[2017.06.05-23.00.11:123][813]LogSavePackage: Save=99.88ms
[2017.06.05-23.00.11:123][813]LogSavePackage: Moving '../../../../../../Users/PLuna/Documents/GitHub/VRfpsPrototype/VRfpsPrototype/Saved/MotionControllerMap_BuiltData6081DA8B4CF8D2B1679ABC95DE2FBD2D.tmp' to '../../../../../../Users/PLuna/Documents/GitHub/VRfpsPrototype/VRfpsPrototype/Content/Maps/Maps/MotionControllerMap_BuiltData.uasset'
[2017.06.05-23.00.11:127][813]LogSavePackage:Display: Finished SavePackage ../../../../../../Users/PLuna/Documents/GitHub/VRfpsPrototype/VRfpsPrototype/Content/Maps/Maps/MotionControllerMap_BuiltData.uasset
[2017.06.05-23.00.11:144][813]LogSavePackage: Save=2.03ms
[2017.06.05-23.00.11:144][813]LogSavePackage: Moving '../../../../../../Users/PLuna/Documents/GitHub/VRfpsPrototype/VRfpsPrototype/Saved/MotionControllerMap_BuiltDataD970D38B4077B77A2FA55780BB0CE4E2.tmp' to '../../../../../../Users/PLuna/Documents/GitHub/VRfpsPrototype/VRfpsPrototype/Content/VirtualRealityBP/Maps/MotionControllerMap_BuiltData.uasset'
[2017.06.05-23.00.11:148][813]LogSavePackage:Display: Finished SavePackage ../../../../../../Users/PLuna/Documents/GitHub/VRfpsPrototype/VRfpsPrototype/Content/VirtualRealityBP/Maps/MotionControllerMap_BuiltData.uasset
[2017.06.05-23.00.11:251][813]LogSavePackage: Save=97.57ms
[2017.06.05-23.00.11:251][813]LogSavePackage: Moving '../../../../../../Users/PLuna/Documents/GitHub/VRfpsPrototype/VRfpsPrototype/Saved/HMDLocomotionMap_BuiltData38B14BA74CC15EE63F80F4ACF4297B24.tmp' to '../../../../../../Users/PLuna/Documents/GitHub/VRfpsPrototype/VRfpsPrototype/Content/Maps/Maps/HMDLocomotionMap_BuiltData.uasset'
[2017.06.05-23.00.11:255][813]LogSavePackage:Display: Finished SavePackage ../../../../../../Users/PLuna/Documents/GitHub/VRfpsPrototype/VRfpsPrototype/Content/Maps/Maps/HMDLocomotionMap_BuiltData.uasset
[2017.06.05-23.00.11:269][813]LogSavePackage: Save=1.51ms
[2017.06.05-23.00.11:269][813]LogSavePackage: Moving '../../../../../../Users/PLuna/Documents/GitHub/VRfpsPrototype/VRfpsPrototype/Saved/HMDLocomotionMap_BuiltData1839B89746BD584D1034D5BE1DD4931F.tmp' to '../../../../../../Users/PLuna/Documents/GitHub/VRfpsPrototype/VRfpsPrototype/Content/VirtualRealityBP/Maps/HMDLocomotionMap_BuiltData.uasset'
[2017.06.05-23.00.11:273][813]LogSavePackage:Display: Finished SavePackage ../../../../../../Users/PLuna/Documents/GitHub/VRfpsPrototype/VRfpsPrototype/Content/VirtualRealityBP/Maps/HMDLocomotionMap_BuiltData.uasset
[2017.06.05-23.00.11:296][813]LogSavePackage: Save=18.42ms
[2017.06.05-23.00.11:296][813]LogSavePackage: Moving '../../../../../../Users/PLuna/Documents/GitHub/VRfpsPrototype/VRfpsPrototype/Saved/StartupMap_BuiltDataAB72823543A1CACF5645E8B159662D99.tmp' to '../../../../../../Users/PLuna/Documents/GitHub/VRfpsPrototype/VRfpsPrototype/Content/Maps/Maps/StartupMap_BuiltData.uasset'
[2017.06.05-23.00.11:299][813]LogSavePackage:Display: Finished SavePackage ../../../../../../Users/PLuna/Documents/GitHub/VRfpsPrototype/VRfpsPrototype/Content/Maps/Maps/StartupMap_BuiltData.uasset
[2017.06.05-23.00.11:313][813]LogSavePackage: Save=1.91ms
[2017.06.05-23.00.11:313][813]LogSavePackage: Moving '../../../../../../Users/PLuna/Documents/GitHub/VRfpsPrototype/VRfpsPrototype/Saved/StartupMap_BuiltDataF3D95D2541EEA1ADDE7DA2AD73B4DA2C.tmp' to '../../../../../../Users/PLuna/Documents/GitHub/VRfpsPrototype/VRfpsPrototype/Content/VirtualRealityBP/Maps/StartupMap_BuiltData.uasset'
[2017.06.05-23.00.11:316][813]LogSavePackage:Display: Finished SavePackage ../../../../../../Users/PLuna/Documents/GitHub/VRfpsPrototype/VRfpsPrototype/Content/VirtualRealityBP/Maps/StartupMap_BuiltData.uasset
[2017.06.05-23.00.27:800][745]LogSlate: Took 0.000251 seconds to synchronously load lazily loaded font '../../../Engine/Content/Slate/Fonts/Roboto-Light.ttf' (159K)
[2017.06.05-23.01.07:520][254]LogSavePackage: Save=143.53ms
[2017.06.05-23.01.07:521][254]LogSavePackage: Moving '../../../../../../Users/PLuna/Documents/GitHub/VRfpsPrototype/VRfpsPrototype/Saved/HMDLocomotionMap9962AFED489FA95A9CAAADB2DB708791.tmp' to '../../../../../../Users/PLuna/Documents/GitHub/VRfpsPrototype/VRfpsPrototype/Content/VirtualRealityBP/Maps/HMDLocomotionMap.umap'
[2017.06.05-23.01.07:525][254]LogSavePackage:Display: Finished SavePackage ../../../../../../Users/PLuna/Documents/GitHub/VRfpsPrototype/VRfpsPrototype/Content/VirtualRealityBP/Maps/HMDLocomotionMap.umap
[2017.06.05-23.01.07:528][254]LogFileHelpers: Saving map 'HMDLocomotionMap' took 0.309
[2017.06.05-23.01.07:661][254]LogSlate: Took 0.000173 seconds to synchronously load lazily loaded font '../../../Engine/Content/Slate/Fonts/Roboto-Regular.ttf' (155K)
[2017.06.05-23.01.07:847][254]LogSavePackage: Save=163.17ms
[2017.06.05-23.01.07:847][254]LogSavePackage: Moving '../../../../../../Users/PLuna/Documents/GitHub/VRfpsPrototype/VRfpsPrototype/Saved/MotionControllerMap1F033D3C4DE78061A99F88B4FC6A5F24.tmp' to '../../../../../../Users/PLuna/Documents/GitHub/VRfpsPrototype/VRfpsPrototype/Content/VirtualRealityBP/Maps/MotionControllerMap.umap'
[2017.06.05-23.01.07:851][254]LogSavePackage:Display: Finished SavePackage ../../../../../../Users/PLuna/Documents/GitHub/VRfpsPrototype/VRfpsPrototype/Content/VirtualRealityBP/Maps/MotionControllerMap.umap
[2017.06.05-23.01.07:867][254]LogFileHelpers: Saving map 'MotionControllerMap' took 0.339
[2017.06.05-23.01.07:870][254]Cmd: MAP LOAD FILE="../../../../../../Users/PLuna/Documents/GitHub/VRfpsPrototype/VRfpsPrototype/Content/VirtualRealityBP/Maps/HMDLocomotionMap.umap" TEMPLATE=0 SHOWPROGRESS=1 FEATURELEVEL=3
[2017.06.05-23.01.07:870][254]LightingResults: New page: Lighting Build
[2017.06.05-23.01.07:871][254]LoadErrors: New page: Loading map: HMDLocomotionMap.umap
[2017.06.05-23.01.07:872][254]MapCheck: New page: Map Check
[2017.06.05-23.01.07:872][254]LightingResults: New page: Lighting Build
[2017.06.05-23.01.07:910][254]LogEditorServer: Finished looking for orphan Actors (0.000 secs)
[2017.06.05-23.01.07:940][254]Cmd: MAP CHECKDEP NOCLEARLOG
[2017.06.05-23.01.08:066][254]MapCheck: Info Map check complete: 0 Error(s), 0 Warning(s), took 125.445ms to complete.
[2017.06.05-23.01.08:067][254]LogFileHelpers: Loading map 'HMDLocomotionMap' took 0.197
[2017.06.05-23.11.04:942][820]LogFileHelpers: Editor autosave (incl. sublevels) for '/Game/VirtualRealityBP/Maps/HMDLocomotionMap' took 0.009
[2017.06.05-23.14.31:669][876]LogSlate: Took 0.000573 seconds to synchronously load lazily loaded font '../../../Engine/Content/Editor/Slate/Fonts/Roboto-BoldCondensed.ttf' (158K)
[2017.06.05-23.17.14:567][841]Candidate modules for hot reload:
[2017.06.05-23.17.14:567][841]  VRfpsPrototype
[2017.06.05-23.17.14:568][841]Launching UnrealBuildTool... [C:/Program Files/Epic Games/UE_4.16/Engine/Binaries/DotNET/UnrealBuildTool.exe VRfpsPrototype -ModuleWithSuffix VRfpsPrototype 7370 Win64 Development -editorrecompile -canskiplink "C:/Users/PLuna/Documents/GitHub/VRfpsPrototype/VRfpsPrototype/VRfpsPrototype.uproject" ]
[2017.06.05-23.17.14:570][841]Warning: Starting HotReload took  0.0s.
[2017.06.05-23.17.46:585][588]CompilerResultsLog: New page: Compilation - Jun 5, 2017, 9:17:46 AM
[2017.06.05-23.17.46:585][588]CompilerResultsLog: Info Creating makefile for hot reloading VRfpsPrototype (changes to module files)
[2017.06.05-23.17.46:585][588]CompilerResultsLog: Info Compiling game modules for hot reload
[2017.06.05-23.17.46:585][588]CompilerResultsLog: Info Parsing headers for VRfpsPrototypeEditor
[2017.06.05-23.17.46:585][588]CompilerResultsLog: Info   Running UnrealHeaderTool "C:\Users\PLuna\Documents\GitHub\VRfpsPrototype\VRfpsPrototype\VRfpsPrototype.uproject" "C:\Users\PLuna\Documents\GitHub\VRfpsPrototype\VRfpsPrototype\Intermediate\Build\Win64\VRfpsPrototypeEditor\Development\VRfpsPrototypeEditor.uhtmanifest" -LogCmds="loginit warning, logexit warning, logdatabase error" -Unattended -WarningsAsErrors -installed
[2017.06.05-23.17.46:585][588]CompilerResultsLog: Info Reflection code generated for VRfpsPrototypeEditor in 11.5217897 seconds
[2017.06.05-23.17.46:586][588]CompilerResultsLog: Info Performing 3 actions (9 in parallel)
[2017.06.05-23.17.46:586][588]CompilerResultsLog: Info BTService_CheckForPlayer.cpp
[2017.06.05-23.17.46:586][588]CompilerResultsLog: Info [2/3] Link UE4Editor-VRfpsPrototype-7370.dll
[2017.06.05-23.17.46:586][588]CompilerResultsLog: Info [3/3] Link UE4Editor-VRfpsPrototype-7370.lib
[2017.06.05-23.17.46:586][588]CompilerResultsLog: Info    Creating library C:\Users\PLuna\Documents\GitHub\VRfpsPrototype\VRfpsPrototype\Intermediate\Build\Win64\UE4Editor\Development\UE4Editor-VRfpsPrototype-7370.lib and object C:\Users\PLuna\Documents\GitHub\VRfpsPrototype\VRfpsPrototype\Intermediate\Build\Win64\UE4Editor\Development\UE4Editor-VRfpsPrototype-7370.exp
[2017.06.05-23.17.46:586][588]CompilerResultsLog: Info    Creating library C:\Users\PLuna\Documents\GitHub\VRfpsPrototype\VRfpsPrototype\Intermediate\Build\Win64\UE4Editor\Development\UE4Editor-VRfpsPrototype-7370.suppressed.lib and object C:\Users\PLuna\Documents\GitHub\VRfpsPrototype\VRfpsPrototype\Intermediate\Build\Win64\UE4Editor\Development\UE4Editor-VRfpsPrototype-7370.suppressed.exp
[2017.06.05-23.17.46:586][588]CompilerResultsLog: Info Total build time: 31.72 seconds (Local executor: 5.60 seconds)
[2017.06.05-23.17.46:586][588]LogMainFrame: MainFrame: Module compiling took 32.028 seconds
[2017.06.05-23.17.46:762][588]LogUObjectGlobals:Warning: Class which was marked abstract was trying to be loaded.  It will be nulled out on save. VRMovementComponent PawnMovementComponent
[2017.06.05-23.17.46:772][588]LogUObjectGlobals:Warning: Class which was marked abstract was trying to be loaded.  It will be nulled out on save. VRMovementComponent PawnMovementComponent
[2017.06.05-23.17.46:776][588]LogContentBrowser: Native class hierarchy updated for 'VRfpsPrototype' in 0.0036 seconds. Added 5 classes and 2 folders.
[2017.06.05-23.17.46:778][588]Display: HotReload successful (0 functions remapped  0 scriptstructs remapped)
[2017.06.05-23.17.46:881][588]LogContentBrowser: Native class hierarchy populated in 0.0166 seconds. Added 2336 classes and 497 folders.
[2017.06.05-23.17.46:881][588]Display: HotReload took 32.3s.
[2017.06.05-23.17.54:554][435]LogSlate: Took 0.000751 seconds to synchronously load lazily loaded font '../../../Engine/Content/Editor/Slate/Fonts/Roboto-Italic.ttf' (157K)
[2017.06.05-23.17.59:552][944]LogMaterial: Missing cached shader map for material BasicShapeMaterial, compiling. 
[2017.06.05-23.18.16:850][887]LogSavePackage: Save=204.60ms
[2017.06.05-23.18.16:850][887]LogSavePackage: Moving '../../../../../../Users/PLuna/Documents/GitHub/VRfpsPrototype/VRfpsPrototype/Saved/HMDLocomotionMap6AD686CF4C436C0CBFA844A28A2D42BD.tmp' to '../../../../../../Users/PLuna/Documents/GitHub/VRfpsPrototype/VRfpsPrototype/Content/VirtualRealityBP/Maps/HMDLocomotionMap.umap'
[2017.06.05-23.18.16:856][887]LogSavePackage:Display: Finished SavePackage ../../../../../../Users/PLuna/Documents/GitHub/VRfpsPrototype/VRfpsPrototype/Content/VirtualRealityBP/Maps/HMDLocomotionMap.umap
[2017.06.05-23.18.17:059][887]LogSavePackage: Save=133.36ms
[2017.06.05-23.18.17:059][887]LogSavePackage: Moving '../../../../../../Users/PLuna/Documents/GitHub/VRfpsPrototype/VRfpsPrototype/Saved/HMDLocomotionMap_BuiltDataF629EC2442A6979AF89F4EAF7419BBF9.tmp' to '../../../../../../Users/PLuna/Documents/GitHub/VRfpsPrototype/VRfpsPrototype/Content/Maps/Maps/HMDLocomotionMap_BuiltData.uasset'
[2017.06.05-23.18.17:062][887]LogSavePackage:Display: Finished SavePackage ../../../../../../Users/PLuna/Documents/GitHub/VRfpsPrototype/VRfpsPrototype/Content/Maps/Maps/HMDLocomotionMap_BuiltData.uasset
[2017.06.05-23.18.19:285][141]LogSavePackage: Save=5.32ms
[2017.06.05-23.18.19:285][141]LogSavePackage: Moving '../../../../../../Users/PLuna/Documents/GitHub/VRfpsPrototype/VRfpsPrototype/Saved/EnemyBTA69248FA4737D1642C2546981F9022A2.tmp' to '../../../../../../Users/PLuna/Documents/GitHub/VRfpsPrototype/VRfpsPrototype/Content/VirtualRealityBP/Blueprints/AI/EnemyBT.uasset'
[2017.06.05-23.18.19:291][141]LogSavePackage:Display: Finished SavePackage ../../../../../../Users/PLuna/Documents/GitHub/VRfpsPrototype/VRfpsPrototype/Content/VirtualRealityBP/Blueprints/AI/EnemyBT.uasset
[2017.06.05-23.18.32:519][598]LogTemp: Repeting last play command: VR Preview
[2017.06.05-23.18.32:567][598]LogBlueprintUserMessages: Early PlayInEditor Detection: Level '/Game/VirtualRealityBP/Maps/HMDLocomotionMap.HMDLocomotionMap:PersistentLevel' has LevelScriptBlueprint '/Game/VirtualRealityBP/Maps/HMDLocomotionMap.HMDLocomotionMap:PersistentLevel.HMDLocomotionMap' with GeneratedClass '/Game/VirtualRealityBP/Maps/HMDLocomotionMap.HMDLocomotionMap_C' with ClassGeneratedBy '/Game/VirtualRealityBP/Maps/HMDLocomotionMap.HMDLocomotionMap:PersistentLevel.HMDLocomotionMap'
[2017.06.05-23.18.32:571][598]LogPlayLevel: PlayLevel: No blueprints needed recompiling
[2017.06.05-23.18.32:575][598]OCULUS: Debug: [HMDState] Using default profile default
[2017.06.05-23.18.32:575][598]OCULUS: Info: IAD changed to 59.9mm
[2017.06.05-23.18.32:575][598]LogHMD: New ovr session is created
[2017.06.05-23.18.32:575][598]LogHMD: HMD Oculus Rift CV1, res = 2160 x 1200
[2017.06.05-23.18.32:576][598]PIE: New page: PIE session: HMDLocomotionMap (Jun 5, 2017, 9:18:32 AM)
[2017.06.05-23.18.32:576][598]LogPlayLevel: Creating play world package: /Game/VirtualRealityBP/Maps/UEDPIE_0_HMDLocomotionMap
[2017.06.05-23.18.32:588][598]LogPlayLevel: PIE: StaticDuplicateObject took: (0.012070s)
[2017.06.05-23.18.32:589][598]LogAIModule: Creating AISystem for world HMDLocomotionMap
[2017.06.05-23.18.32:590][598]LogPlayLevel: PIE: World Init took: (0.001042s)
[2017.06.05-23.18.32:590][598]LogPlayLevel: PIE: Created PIE world by copying editor world from /Game/VirtualRealityBP/Maps/HMDLocomotionMap.HMDLocomotionMap to /Game/VirtualRealityBP/Maps/UEDPIE_0_HMDLocomotionMap.HMDLocomotionMap (0.013713s)
[2017.06.05-23.18.32:608][598]LogInit: XAudio2 using 'Headphones (Rift Audio)' : 2 channels at 48 kHz using 16 bits per sample (channel mask 0x3)
[2017.06.05-23.18.32:619][598]LogInit: FAudioDevice initialized.
[2017.06.05-23.18.32:756][598]LogLoad: Game class is 'VRGameMode_C'
[2017.06.05-23.18.32:761][598]LogWorld: Bringing World /Game/VirtualRealityBP/Maps/UEDPIE_0_HMDLocomotionMap.HMDLocomotionMap up for play (max tick rate 0) at 2017.06.05-16.18.32
[2017.06.05-23.18.32:763][598]LogWorld: Bringing up level for play took: 0.004045
[2017.06.05-23.18.32:929][598]LogContentBrowser: Native class hierarchy updated for 'MovieSceneCapture' in 0.0036 seconds. Added 11 classes and 0 folders.
[2017.06.05-23.18.32:930][598]LogGameMode:Display: Match State Changed from EnteringMap to WaitingToStart
[2017.06.05-23.18.32:930][598]LogGameState: Match State Changed from EnteringMap to WaitingToStart
[2017.06.05-23.18.32:930][598]LogGameMode:Display: Match State Changed from WaitingToStart to InProgress
[2017.06.05-23.18.32:931][598]LogGameState: Match State Changed from WaitingToStart to InProgress
[2017.06.05-23.18.32:939][598]PIE: Info Play in editor start time for /Game/VirtualRealityBP/Maps/UEDPIE_0_HMDLocomotionMap 1.286
[2017.06.05-23.18.32:940][598]LogBlueprintUserMessages: Late PlayInEditor Detection: Level '/Game/VirtualRealityBP/Maps/HMDLocomotionMap.HMDLocomotionMap:PersistentLevel' has LevelScriptBlueprint '/Game/VirtualRealityBP/Maps/HMDLocomotionMap.HMDLocomotionMap:PersistentLevel.HMDLocomotionMap' with GeneratedClass '/Game/VirtualRealityBP/Maps/HMDLocomotionMap.HMDLocomotionMap_C' with ClassGeneratedBy '/Game/VirtualRealityBP/Maps/HMDLocomotionMap.HMDLocomotionMap:PersistentLevel.HMDLocomotionMap'
[2017.06.05-23.18.32:960][598]LogHMD: Reallocation of eye buffer was requested
[2017.06.05-23.18.32:968][598]LogHMD: Allocated a new swap texture set (size 2712 x 1600, mipcount = 1, format = RGBA8), 0x000002233A54F280
[2017.06.05-23.18.32:999][598]LogRenderer: Reallocating scene render targets to support 2712x1600 NumSamples 1 (Frame:1).
[2017.06.05-23.18.39:704][423]LogHMD: Vision Tracking Acquired
[2017.06.05-23.18.41:130][564]OCULUS: Error: Prediction interval too high: 1527.505349 s, clamping at 0.100000 s
[2017.06.05-23.18.45:068][918]LogHMD: Lost Vision Tracking
[2017.06.05-23.18.45:079][919]LogHMD: Vision Tracking Acquired
[2017.06.05-23.18.47:263][115]LogBlueprintUserMessages: Early EndPlayMap Detection: Level '/Game/VirtualRealityBP/Maps/HMDLocomotionMap.HMDLocomotionMap:PersistentLevel' has LevelScriptBlueprint '/Game/VirtualRealityBP/Maps/HMDLocomotionMap.HMDLocomotionMap:PersistentLevel.HMDLocomotionMap' with GeneratedClass '/Game/VirtualRealityBP/Maps/HMDLocomotionMap.HMDLocomotionMap_C' with ClassGeneratedBy '/Game/VirtualRealityBP/Maps/HMDLocomotionMap.HMDLocomotionMap:PersistentLevel.HMDLocomotionMap'
[2017.06.05-23.18.47:270][115]LogHMD: Destroying ovr session
[2017.06.05-23.18.47:270][115]LogHMD: Freeing textureSet 0x000002233A54F280
[2017.06.05-23.18.47:452][115]LogBlueprintUserMessages: Late EndPlayMap Detection: Level '/Game/VirtualRealityBP/Maps/HMDLocomotionMap.HMDLocomotionMap:PersistentLevel' has LevelScriptBlueprint '/Game/VirtualRealityBP/Maps/HMDLocomotionMap.HMDLocomotionMap:PersistentLevel.HMDLocomotionMap' with GeneratedClass '/Game/VirtualRealityBP/Maps/HMDLocomotionMap.HMDLocomotionMap_C' with ClassGeneratedBy '/Game/VirtualRealityBP/Maps/HMDLocomotionMap.HMDLocomotionMap:PersistentLevel.HMDLocomotionMap'
[2017.06.05-23.18.48:921][266]LogTemp: Repeting last play command: VR Preview
[2017.06.05-23.18.48:939][266]LogBlueprintUserMessages: Early PlayInEditor Detection: Level '/Game/VirtualRealityBP/Maps/HMDLocomotionMap.HMDLocomotionMap:PersistentLevel' has LevelScriptBlueprint '/Game/VirtualRealityBP/Maps/HMDLocomotionMap.HMDLocomotionMap:PersistentLevel.HMDLocomotionMap' with GeneratedClass '/Game/VirtualRealityBP/Maps/HMDLocomotionMap.HMDLocomotionMap_C' with ClassGeneratedBy '/Game/VirtualRealityBP/Maps/HMDLocomotionMap.HMDLocomotionMap:PersistentLevel.HMDLocomotionMap'
[2017.06.05-23.18.48:944][266]LogPlayLevel: PlayLevel: No blueprints needed recompiling
[2017.06.05-23.18.48:945][266]OCULUS: Debug: [HMDState] Using default profile default
[2017.06.05-23.18.48:946][266]OCULUS: Info: IAD changed to 59.9mm
[2017.06.05-23.18.48:946][266]LogHMD: New ovr session is created
[2017.06.05-23.18.48:946][266]LogHMD: HMD Oculus Rift CV1, res = 2160 x 1200
[2017.06.05-23.18.48:946][266]PIE: New page: PIE session: HMDLocomotionMap (Jun 5, 2017, 9:18:48 AM)
[2017.06.05-23.18.48:946][266]LogPlayLevel: Creating play world package: /Game/VirtualRealityBP/Maps/UEDPIE_0_HMDLocomotionMap
[2017.06.05-23.18.48:958][266]LogPlayLevel: PIE: StaticDuplicateObject took: (0.011626s)
[2017.06.05-23.18.48:959][266]LogAIModule: Creating AISystem for world HMDLocomotionMap
[2017.06.05-23.18.48:960][266]LogPlayLevel: PIE: World Init took: (0.002152s)
[2017.06.05-23.18.48:961][266]LogPlayLevel: PIE: Created PIE world by copying editor world from /Game/VirtualRealityBP/Maps/HMDLocomotionMap.HMDLocomotionMap to /Game/VirtualRealityBP/Maps/UEDPIE_0_HMDLocomotionMap.HMDLocomotionMap (0.014887s)
[2017.06.05-23.18.48:980][266]LogInit: XAudio2 using 'Headphones (Rift Audio)' : 2 channels at 48 kHz using 16 bits per sample (channel mask 0x3)
[2017.06.05-23.18.48:991][266]LogInit: FAudioDevice initialized.
[2017.06.05-23.18.49:104][266]LogLoad: Game class is 'VRGameMode_C'
[2017.06.05-23.18.49:108][266]LogWorld: Bringing World /Game/VirtualRealityBP/Maps/UEDPIE_0_HMDLocomotionMap.HMDLocomotionMap up for play (max tick rate 0) at 2017.06.05-16.18.49
[2017.06.05-23.18.49:109][266]LogWorld: Bringing up level for play took: 0.003249
[2017.06.05-23.18.49:109][266]LogGameMode:Display: Match State Changed from EnteringMap to WaitingToStart
[2017.06.05-23.18.49:110][266]LogGameState: Match State Changed from EnteringMap to WaitingToStart
[2017.06.05-23.18.49:110][266]LogGameMode:Display: Match State Changed from WaitingToStart to InProgress
[2017.06.05-23.18.49:110][266]LogGameState: Match State Changed from WaitingToStart to InProgress
[2017.06.05-23.18.49:119][266]PIE: Info Play in editor start time for /Game/VirtualRealityBP/Maps/UEDPIE_0_HMDLocomotionMap -0.534
[2017.06.05-23.18.49:120][266]LogBlueprintUserMessages: Late PlayInEditor Detection: Level '/Game/VirtualRealityBP/Maps/HMDLocomotionMap.HMDLocomotionMap:PersistentLevel' has LevelScriptBlueprint '/Game/VirtualRealityBP/Maps/HMDLocomotionMap.HMDLocomotionMap:PersistentLevel.HMDLocomotionMap' with GeneratedClass '/Game/VirtualRealityBP/Maps/HMDLocomotionMap.HMDLocomotionMap_C' with ClassGeneratedBy '/Game/VirtualRealityBP/Maps/HMDLocomotionMap.HMDLocomotionMap:PersistentLevel.HMDLocomotionMap'
[2017.06.05-23.18.49:152][266]LogHMD: Need to reallocate eye buffer, reason: no textureset was allocated
[2017.06.05-23.18.49:156][266]LogHMD: Allocated a new swap texture set (size 2712 x 1600, mipcount = 1, format = RGBA8), 0x000002233A54D920
[2017.06.05-23.18.54:242][776]LogBlueprintUserMessages: Early EndPlayMap Detection: Level '/Game/VirtualRealityBP/Maps/HMDLocomotionMap.HMDLocomotionMap:PersistentLevel' has LevelScriptBlueprint '/Game/VirtualRealityBP/Maps/HMDLocomotionMap.HMDLocomotionMap:PersistentLevel.HMDLocomotionMap' with GeneratedClass '/Game/VirtualRealityBP/Maps/HMDLocomotionMap.HMDLocomotionMap_C' with ClassGeneratedBy '/Game/VirtualRealityBP/Maps/HMDLocomotionMap.HMDLocomotionMap:PersistentLevel.HMDLocomotionMap'
[2017.06.05-23.18.54:247][776]LogHMD: Destroying ovr session
[2017.06.05-23.18.54:247][776]LogHMD: Freeing textureSet 0x000002233A54D920
[2017.06.05-23.18.54:418][776]LogBlueprintUserMessages: Late EndPlayMap Detection: Level '/Game/VirtualRealityBP/Maps/HMDLocomotionMap.HMDLocomotionMap:PersistentLevel' has LevelScriptBlueprint '/Game/VirtualRealityBP/Maps/HMDLocomotionMap.HMDLocomotionMap:PersistentLevel.HMDLocomotionMap' with GeneratedClass '/Game/VirtualRealityBP/Maps/HMDLocomotionMap.HMDLocomotionMap_C' with ClassGeneratedBy '/Game/VirtualRealityBP/Maps/HMDLocomotionMap.HMDLocomotionMap:PersistentLevel.HMDLocomotionMap'
[2017.06.05-23.19.06:011][232]LogContentBrowser: Native class hierarchy updated for 'BlueprintGraph' in 0.0035 seconds. Added 112 classes and 0 folders.
[2017.06.05-23.19.55:463][804]LogTemp: Repeting last play command: VR Preview
[2017.06.05-23.19.55:482][804]LogBlueprintUserMessages: Early PlayInEditor Detection: Level '/Game/VirtualRealityBP/Maps/HMDLocomotionMap.HMDLocomotionMap:PersistentLevel' has LevelScriptBlueprint '/Game/VirtualRealityBP/Maps/HMDLocomotionMap.HMDLocomotionMap:PersistentLevel.HMDLocomotionMap' with GeneratedClass '/Game/VirtualRealityBP/Maps/HMDLocomotionMap.HMDLocomotionMap_C' with ClassGeneratedBy '/Game/VirtualRealityBP/Maps/HMDLocomotionMap.HMDLocomotionMap:PersistentLevel.HMDLocomotionMap'
[2017.06.05-23.19.55:487][804]LogPlayLevel: PlayLevel: No blueprints needed recompiling
[2017.06.05-23.19.55:489][804]OCULUS: Debug: [HMDState] Using default profile default
[2017.06.05-23.19.55:489][804]OCULUS: Info: IAD changed to 59.9mm
[2017.06.05-23.19.55:489][804]LogHMD: New ovr session is created
[2017.06.05-23.19.55:489][804]LogHMD: HMD Oculus Rift CV1, res = 2160 x 1200
[2017.06.05-23.19.55:489][804]PIE: New page: PIE session: HMDLocomotionMap (Jun 5, 2017, 9:19:55 AM)
[2017.06.05-23.19.55:489][804]LogPlayLevel: Creating play world package: /Game/VirtualRealityBP/Maps/UEDPIE_0_HMDLocomotionMap
[2017.06.05-23.19.55:499][804]LogPlayLevel: PIE: StaticDuplicateObject took: (0.009469s)
[2017.06.05-23.19.55:500][804]LogAIModule: Creating AISystem for world HMDLocomotionMap
[2017.06.05-23.19.55:500][804]LogPlayLevel: PIE: World Init took: (0.000940s)
[2017.06.05-23.19.55:500][804]LogPlayLevel: PIE: Created PIE world by copying editor world from /Game/VirtualRealityBP/Maps/HMDLocomotionMap.HMDLocomotionMap to /Game/VirtualRealityBP/Maps/UEDPIE_0_HMDLocomotionMap.HMDLocomotionMap (0.010960s)
[2017.06.05-23.19.55:526][804]LogInit: XAudio2 using 'Headphones (Rift Audio)' : 2 channels at 48 kHz using 16 bits per sample (channel mask 0x3)
[2017.06.05-23.19.55:536][804]LogInit: FAudioDevice initialized.
[2017.06.05-23.19.55:645][804]LogLoad: Game class is 'VRGameMode_C'
[2017.06.05-23.19.55:648][804]LogWorld: Bringing World /Game/VirtualRealityBP/Maps/UEDPIE_0_HMDLocomotionMap.HMDLocomotionMap up for play (max tick rate 0) at 2017.06.05-16.19.55
[2017.06.05-23.19.55:649][804]LogWorld: Bringing up level for play took: 0.002983
[2017.06.05-23.19.55:650][804]LogGameMode:Display: Match State Changed from EnteringMap to WaitingToStart
[2017.06.05-23.19.55:650][804]LogGameState: Match State Changed from EnteringMap to WaitingToStart
[2017.06.05-23.19.55:650][804]LogGameMode:Display: Match State Changed from WaitingToStart to InProgress
[2017.06.05-23.19.55:651][804]LogGameState: Match State Changed from WaitingToStart to InProgress
[2017.06.05-23.19.55:658][804]PIE: Info Play in editor start time for /Game/VirtualRealityBP/Maps/UEDPIE_0_HMDLocomotionMap 0.005
[2017.06.05-23.19.55:659][804]LogBlueprintUserMessages: Late PlayInEditor Detection: Level '/Game/VirtualRealityBP/Maps/HMDLocomotionMap.HMDLocomotionMap:PersistentLevel' has LevelScriptBlueprint '/Game/VirtualRealityBP/Maps/HMDLocomotionMap.HMDLocomotionMap:PersistentLevel.HMDLocomotionMap' with GeneratedClass '/Game/VirtualRealityBP/Maps/HMDLocomotionMap.HMDLocomotionMap_C' with ClassGeneratedBy '/Game/VirtualRealityBP/Maps/HMDLocomotionMap.HMDLocomotionMap:PersistentLevel.HMDLocomotionMap'
[2017.06.05-23.19.55:686][804]LogHMD: Need to reallocate eye buffer, reason: no textureset was allocated
[2017.06.05-23.19.55:690][804]LogHMD: Allocated a new swap texture set (size 2712 x 1600, mipcount = 1, format = RGBA8), 0x000002233A54FEC0
[2017.06.05-23.20.16:610][758]LogBlueprintUserMessages: Early EndPlayMap Detection: Level '/Game/VirtualRealityBP/Maps/HMDLocomotionMap.HMDLocomotionMap:PersistentLevel' has LevelScriptBlueprint '/Game/VirtualRealityBP/Maps/HMDLocomotionMap.HMDLocomotionMap:PersistentLevel.HMDLocomotionMap' with GeneratedClass '/Game/VirtualRealityBP/Maps/HMDLocomotionMap.HMDLocomotionMap_C' with ClassGeneratedBy '/Game/VirtualRealityBP/Maps/HMDLocomotionMap.HMDLocomotionMap:PersistentLevel.HMDLocomotionMap'
[2017.06.05-23.20.16:616][758]LogHMD: Destroying ovr session
[2017.06.05-23.20.16:616][758]LogHMD: Freeing textureSet 0x000002233A54FEC0
[2017.06.05-23.20.16:791][758]LogBlueprintUserMessages: Late EndPlayMap Detection: Level '/Game/VirtualRealityBP/Maps/HMDLocomotionMap.HMDLocomotionMap:PersistentLevel' has LevelScriptBlueprint '/Game/VirtualRealityBP/Maps/HMDLocomotionMap.HMDLocomotionMap:PersistentLevel.HMDLocomotionMap' with GeneratedClass '/Game/VirtualRealityBP/Maps/HMDLocomotionMap.HMDLocomotionMap_C' with ClassGeneratedBy '/Game/VirtualRealityBP/Maps/HMDLocomotionMap.HMDLocomotionMap:PersistentLevel.HMDLocomotionMap'
[2017.06.05-23.21.13:607][858]Candidate modules for hot reload:
[2017.06.05-23.21.13:607][858]  VRfpsPrototype
[2017.06.05-23.21.13:607][858]Launching UnrealBuildTool... [C:/Program Files/Epic Games/UE_4.16/Engine/Binaries/DotNET/UnrealBuildTool.exe VRfpsPrototype -ModuleWithSuffix VRfpsPrototype 1331 Win64 Development -editorrecompile -canskiplink "C:/Users/PLuna/Documents/GitHub/VRfpsPrototype/VRfpsPrototype/VRfpsPrototype.uproject" ]
[2017.06.05-23.21.13:609][858]Warning: Starting HotReload took  0.0s.
[2017.06.05-23.21.38:087][952]CompilerResultsLog: New page: Compilation - Jun 5, 2017, 9:21:38 AM
[2017.06.05-23.21.38:087][952]CompilerResultsLog: Info Compiling game modules for hot reload
[2017.06.05-23.21.38:087][952]CompilerResultsLog: Info Performing 5 actions (9 in parallel)
[2017.06.05-23.21.38:087][952]CompilerResultsLog: Info VRfpsPrototype.cpp
[2017.06.05-23.21.38:087][952]CompilerResultsLog: Info BTService_CheckForPlayer.cpp
[2017.06.05-23.21.38:087][952]CompilerResultsLog: Info EnemyAI.cpp
[2017.06.05-23.21.38:088][952]CompilerResultsLog: Info [4/5] Link UE4Editor-VRfpsPrototype-1331.dll
[2017.06.05-23.21.38:088][952]CompilerResultsLog: Info [5/5] Link UE4Editor-VRfpsPrototype-1331.lib
[2017.06.05-23.21.38:088][952]CompilerResultsLog: Info    Creating library C:\Users\PLuna\Documents\GitHub\VRfpsPrototype\VRfpsPrototype\Intermediate\Build\Win64\UE4Editor\Development\UE4Editor-VRfpsPrototype-1331.lib and object C:\Users\PLuna\Documents\GitHub\VRfpsPrototype\VRfpsPrototype\Intermediate\Build\Win64\UE4Editor\Development\UE4Editor-VRfpsPrototype-1331.exp
[2017.06.05-23.21.38:088][952]CompilerResultsLog: Info    Creating library C:\Users\PLuna\Documents\GitHub\VRfpsPrototype\VRfpsPrototype\Intermediate\Build\Win64\UE4Editor\Development\UE4Editor-VRfpsPrototype-1331.suppressed.lib and object C:\Users\PLuna\Documents\GitHub\VRfpsPrototype\VRfpsPrototype\Intermediate\Build\Win64\UE4Editor\Development\UE4Editor-VRfpsPrototype-1331.suppressed.exp
[2017.06.05-23.21.38:088][952]CompilerResultsLog: Info Total build time: 24.15 seconds (Local executor: 22.06 seconds)
[2017.06.05-23.21.38:088][952]LogMainFrame: MainFrame: Module compiling took 24.491 seconds
[2017.06.05-23.21.38:295][952]LogUObjectGlobals:Warning: Class which was marked abstract was trying to be loaded.  It will be nulled out on save. VRMovementComponent PawnMovementComponent
[2017.06.05-23.21.38:311][952]LogUObjectGlobals:Warning: Class which was marked abstract was trying to be loaded.  It will be nulled out on save. VRMovementComponent PawnMovementComponent
[2017.06.05-23.21.38:315][952]LogContentBrowser: Native class hierarchy updated for 'VRfpsPrototype' in 0.0036 seconds. Added 5 classes and 2 folders.
[2017.06.05-23.21.38:319][952]Display: HotReload successful (0 functions remapped  0 scriptstructs remapped)
[2017.06.05-23.21.38:707][952]LogContentBrowser: Native class hierarchy populated in 0.0163 seconds. Added 2336 classes and 497 folders.
[2017.06.05-23.21.38:707][952]Display: HotReload took 25.1s.
[2017.06.05-23.21.51:639][146]LogTemp: Repeting last play command: VR Preview
[2017.06.05-23.21.51:658][146]LogBlueprintUserMessages: Early PlayInEditor Detection: Level '/Game/VirtualRealityBP/Maps/HMDLocomotionMap.HMDLocomotionMap:PersistentLevel' has LevelScriptBlueprint '/Game/VirtualRealityBP/Maps/HMDLocomotionMap.HMDLocomotionMap:PersistentLevel.HMDLocomotionMap' with GeneratedClass '/Game/VirtualRealityBP/Maps/HMDLocomotionMap.HMDLocomotionMap_C' with ClassGeneratedBy '/Game/VirtualRealityBP/Maps/HMDLocomotionMap.HMDLocomotionMap:PersistentLevel.HMDLocomotionMap'
[2017.06.05-23.21.51:664][146]LogPlayLevel: PlayLevel: No blueprints needed recompiling
[2017.06.05-23.21.51:693][146]OCULUS: Debug: [HMDState] Using default profile default
[2017.06.05-23.21.51:693][146]OCULUS: Info: IAD changed to 59.9mm
[2017.06.05-23.21.51:693][146]LogHMD: New ovr session is created
[2017.06.05-23.21.51:693][146]LogHMD: HMD Oculus Rift CV1, res = 2160 x 1200
[2017.06.05-23.21.51:694][146]PIE: New page: PIE session: HMDLocomotionMap (Jun 5, 2017, 9:21:51 AM)
[2017.06.05-23.21.51:694][146]LogPlayLevel: Creating play world package: /Game/VirtualRealityBP/Maps/UEDPIE_0_HMDLocomotionMap
[2017.06.05-23.21.51:706][146]LogPlayLevel: PIE: StaticDuplicateObject took: (0.011608s)
[2017.06.05-23.21.51:706][146]LogAIModule: Creating AISystem for world HMDLocomotionMap
[2017.06.05-23.21.51:707][146]LogPlayLevel: PIE: World Init took: (0.001086s)
[2017.06.05-23.21.51:707][146]LogPlayLevel: PIE: Created PIE world by copying editor world from /Game/VirtualRealityBP/Maps/HMDLocomotionMap.HMDLocomotionMap to /Game/VirtualRealityBP/Maps/UEDPIE_0_HMDLocomotionMap.HMDLocomotionMap (0.013271s)
[2017.06.05-23.21.51:762][146]LogInit: XAudio2 using 'Headphones (Rift Audio)' : 2 channels at 48 kHz using 16 bits per sample (channel mask 0x3)
[2017.06.05-23.21.51:773][146]LogInit: FAudioDevice initialized.
[2017.06.05-23.21.51:889][146]LogLoad: Game class is 'VRGameMode_C'
[2017.06.05-23.21.51:893][146]LogWorld: Bringing World /Game/VirtualRealityBP/Maps/UEDPIE_0_HMDLocomotionMap.HMDLocomotionMap up for play (max tick rate 0) at 2017.06.05-16.21.51
[2017.06.05-23.21.51:894][146]LogWorld: Bringing up level for play took: 0.003235
[2017.06.05-23.21.51:895][146]LogGameMode:Display: Match State Changed from EnteringMap to WaitingToStart
[2017.06.05-23.21.51:895][146]LogGameState: Match State Changed from EnteringMap to WaitingToStart
[2017.06.05-23.21.51:895][146]LogGameMode:Display: Match State Changed from WaitingToStart to InProgress
[2017.06.05-23.21.51:896][146]LogGameState: Match State Changed from WaitingToStart to InProgress
[2017.06.05-23.21.51:903][146]PIE: Info Play in editor start time for /Game/VirtualRealityBP/Maps/UEDPIE_0_HMDLocomotionMap 0.251
[2017.06.05-23.21.51:904][146]LogBlueprintUserMessages: Late PlayInEditor Detection: Level '/Game/VirtualRealityBP/Maps/HMDLocomotionMap.HMDLocomotionMap:PersistentLevel' has LevelScriptBlueprint '/Game/VirtualRealityBP/Maps/HMDLocomotionMap.HMDLocomotionMap:PersistentLevel.HMDLocomotionMap' with GeneratedClass '/Game/VirtualRealityBP/Maps/HMDLocomotionMap.HMDLocomotionMap_C' with ClassGeneratedBy '/Game/VirtualRealityBP/Maps/HMDLocomotionMap.HMDLocomotionMap:PersistentLevel.HMDLocomotionMap'
[2017.06.05-23.21.51:927][146]LogHMD: Need to reallocate eye buffer, reason: no textureset was allocated
[2017.06.05-23.21.51:929][146]LogHMD: Allocated a new swap texture set (size 2712 x 1600, mipcount = 1, format = RGBA8), 0x0000022339A9B0E0
[2017.06.05-23.22.08:556][641]LogBlueprintUserMessages: Early EndPlayMap Detection: Level '/Game/VirtualRealityBP/Maps/HMDLocomotionMap.HMDLocomotionMap:PersistentLevel' has LevelScriptBlueprint '/Game/VirtualRealityBP/Maps/HMDLocomotionMap.HMDLocomotionMap:PersistentLevel.HMDLocomotionMap' with GeneratedClass '/Game/VirtualRealityBP/Maps/HMDLocomotionMap.HMDLocomotionMap_C' with ClassGeneratedBy '/Game/VirtualRealityBP/Maps/HMDLocomotionMap.HMDLocomotionMap:PersistentLevel.HMDLocomotionMap'
[2017.06.05-23.22.08:562][641]LogHMD: Destroying ovr session
[2017.06.05-23.22.08:562][641]LogHMD: Freeing textureSet 0x0000022339A9B0E0
[2017.06.05-23.22.08:740][641]LogBlueprintUserMessages: Late EndPlayMap Detection: Level '/Game/VirtualRealityBP/Maps/HMDLocomotionMap.HMDLocomotionMap:PersistentLevel' has LevelScriptBlueprint '/Game/VirtualRealityBP/Maps/HMDLocomotionMap.HMDLocomotionMap:PersistentLevel.HMDLocomotionMap' with GeneratedClass '/Game/VirtualRealityBP/Maps/HMDLocomotionMap.HMDLocomotionMap_C' with ClassGeneratedBy '/Game/VirtualRealityBP/Maps/HMDLocomotionMap.HMDLocomotionMap:PersistentLevel.HMDLocomotionMap'
[2017.06.05-23.23.03:554][495]LogWindowsTextInputMethodSystem:Display: IME system now deactivated.
[2017.06.05-23.23.03:750][496]Cmd: QUIT_EDITOR
[2017.06.05-23.23.04:316][496]LogExit: Preparing to exit.
[2017.06.05-23.23.04:821][496]LogDirectoryWatcher: A directory notification for 'C:/Users/PLuna/Documents/GitHub/VRfpsPrototype/VRfpsPrototype/Content/' was aborted.
[2017.06.05-23.23.04:871][496]LogExit: Editor shut down
[2017.06.05-23.23.04:876][496]LogExit: Transaction tracking system shut down
[2017.06.05-23.23.05:016][496]LogObj: Freed 0b from 0 cluster array pools.
[2017.06.05-23.23.05:016][496]LogExit: Object subsystem successfully closed.
[2017.06.05-23.23.05:048][496]LogD3D11RHI: Shutdown
[2017.06.05-23.23.05:048][496]LogD3D11RHI: CleanupD3DDevice
[2017.06.05-23.23.05:133][496]LogD3D11RHI: ~FD3D11DynamicRHI
[2017.06.05-23.23.05:191][496]LogModuleManager: Shutting down and abandoning module VRfpsPrototype (534)
[2017.06.05-23.23.05:191][496]LogModuleManager: Shutting down and abandoning module BlueprintGraph (533)
[2017.06.05-23.23.05:191][496]LogModuleManager: Shutting down and abandoning module BlueprintProfiler (531)
[2017.06.05-23.23.05:191][496]LogModuleManager: Shutting down and abandoning module MovieSceneCapture (529)
[2017.06.05-23.23.05:192][496]LogModuleManager: Shutting down and abandoning module HierarchicalLODOutliner (526)
[2017.06.05-23.23.05:192][496]LogModuleManager: Shutting down and abandoning module CrashTracker (524)
[2017.06.05-23.23.05:192][496]LogModuleManager: Shutting down and abandoning module SceneOutliner (522)
[2017.06.05-23.23.05:192][496]LogModuleManager: Shutting down and abandoning module AddContentDialog (520)
[2017.06.05-23.23.05:192][496]LogDirectoryWatcher: A directory notification for 'C:/Program Files/Epic Games/UE_4.16/FeaturePacks/' was aborted.
[2017.06.05-23.23.05:193][496]LogModuleManager: Shutting down and abandoning module WidgetCarousel (519)
[2017.06.05-23.23.05:193][496]LogModuleManager: Shutting down and abandoning module EditorWidgets (516)
[2017.06.05-23.23.05:193][496]LogModuleManager: Shutting down and abandoning module CollectionManager (514)
[2017.06.05-23.23.05:193][496]LogDirectoryWatcher: A directory notification for 'C:/Users/PLuna/Documents/GitHub/VRfpsPrototype/VRfpsPrototype/Content/Collections/' was aborted.
[2017.06.05-23.23.05:194][496]LogDirectoryWatcher: A directory notification for 'C:/Users/PLuna/Documents/GitHub/VRfpsPrototype/VRfpsPrototype/Content/Developers/pluna/Collections/' was aborted.
[2017.06.05-23.23.05:194][496]LogDirectoryWatcher: A directory notification for 'C:/Users/PLuna/Documents/GitHub/VRfpsPrototype/VRfpsPrototype/Saved/Collections/' was aborted.
[2017.06.05-23.23.05:194][496]LogModuleManager: Shutting down and abandoning module StatsViewer (512)
[2017.06.05-23.23.05:194][496]LogModuleManager: Shutting down and abandoning module FoliageEdit (510)
[2017.06.05-23.23.05:194][496]LogModuleManager: Shutting down and abandoning module LandscapeEditor (508)
[2017.06.05-23.23.05:194][496]LogModuleManager: Shutting down and abandoning module MeshPaintMode (506)
[2017.06.05-23.23.05:194][496]LogModuleManager: Shutting down and abandoning module SceneDepthPickerMode (504)
[2017.06.05-23.23.05:194][496]LogModuleManager: Shutting down and abandoning module ActorPickerMode (502)
[2017.06.05-23.23.05:194][496]LogModuleManager: Shutting down and abandoning module GeometryMode (500)
[2017.06.05-23.23.05:194][496]LogModuleManager: Shutting down and abandoning module TextureAlignMode (498)
[2017.06.05-23.23.05:194][496]LogModuleManager: Shutting down and abandoning module BspMode (496)
[2017.06.05-23.23.05:195][496]LogModuleManager: Shutting down and abandoning module HardwareSurvey (494)
[2017.06.05-23.23.05:195][496]LogModuleManager: Shutting down and abandoning module SequenceRecorderSections (492)
[2017.06.05-23.23.05:195][496]LogModuleManager: Shutting down and abandoning module AutomationWorker (490)
[2017.06.05-23.23.05:195][496]LogModuleManager: Shutting down and abandoning module MatineeToLevelSequence (488)
[2017.06.05-23.23.05:195][496]LogModuleManager: Shutting down and abandoning module LevelSequenceEditor (486)
[2017.06.05-23.23.05:195][496]LogModuleManager: Shutting down and abandoning module PlacementMode (485)
[2017.06.05-23.23.05:195][496]LogModuleManager: Shutting down and abandoning module WmfMediaFactory (482)
[2017.06.05-23.23.05:195][496]LogModuleManager: Shutting down and abandoning module WmfMediaEditor (480)
[2017.06.05-23.23.05:195][496]LogModuleManager: Shutting down and abandoning module AvfMediaFactory (478)
[2017.06.05-23.23.05:195][496]LogModuleManager: Shutting down and abandoning module AvfMediaEditor (476)
[2017.06.05-23.23.05:195][496]LogModuleManager: Shutting down and abandoning module AndroidMediaFactory (474)
[2017.06.05-23.23.05:195][496]LogModuleManager: Shutting down and abandoning module Media (473)
[2017.06.05-23.23.05:195][496]LogModuleManager: Shutting down and abandoning module AndroidMediaEditor (470)
[2017.06.05-23.23.05:196][496]LogModuleManager: Shutting down and abandoning module CharacterAI (468)
[2017.06.05-23.23.05:196][496]LogModuleManager: Shutting down and abandoning module AudioCapture (466)
[2017.06.05-23.23.05:196][496]LogModuleManager: Shutting down and abandoning module SequenceRecorder (465)
[2017.06.05-23.23.05:196][496]LogModuleManager: Shutting down and abandoning module SmartSnapping (462)
[2017.06.05-23.23.05:196][496]LogModuleManager: Shutting down and abandoning module SessionServices (460)
[2017.06.05-23.23.05:196][496]LogModuleManager: Shutting down and abandoning module ViewportSnapping (458)
[2017.06.05-23.23.05:196][496]LogModuleManager: Shutting down and abandoning module ViewportInteraction (456)
[2017.06.05-23.23.05:196][496]LogModuleManager: Shutting down and abandoning module ClothPainter (454)
[2017.06.05-23.23.05:196][496]LogModuleManager: Shutting down and abandoning module LogVisualizer (452)
[2017.06.05-23.23.05:196][496]LogModuleManager: Shutting down and abandoning module IntroTutorials (450)
[2017.06.05-23.23.05:196][496]LogModuleManager: Shutting down and abandoning module GameProjectGeneration (449)
[2017.06.05-23.23.05:196][496]LogModuleManager: Shutting down and abandoning module EditorLiveStreaming (446)
[2017.06.05-23.23.05:197][496]LogModuleManager: Shutting down and abandoning module IOSPlatformEditor (444)
[2017.06.05-23.23.05:197][496]LogModuleManager: Shutting down and abandoning module HTML5PlatformEditor (442)
[2017.06.05-23.23.05:197][496]LogModuleManager: Shutting down and abandoning module AndroidPlatformEditor (440)
[2017.06.05-23.23.05:197][496]LogModuleManager: Shutting down and abandoning module AndroidDeviceDetection (439)
[2017.06.05-23.23.06:058][496]LogModuleManager: Shutting down and abandoning module IOSRuntimeSettings (436)
[2017.06.05-23.23.06:058][496]LogModuleManager: Shutting down and abandoning module AndroidRuntimeSettings (434)
[2017.06.05-23.23.06:058][496]LogModuleManager: Shutting down and abandoning module InputBindingEditor (432)
[2017.06.05-23.23.06:059][496]LogModuleManager: Shutting down and abandoning module MergeActors (430)
[2017.06.05-23.23.06:059][496]LogModuleManager: Shutting down and abandoning module SizeMap (428)
[2017.06.05-23.23.06:059][496]LogModuleManager: Shutting down and abandoning module TreeMap (426)
[2017.06.05-23.23.06:059][496]LogModuleManager: Shutting down and abandoning module ReferenceViewer (424)
[2017.06.05-23.23.06:059][496]LogModuleManager: Shutting down and abandoning module LocalizationDashboard (422)
[2017.06.05-23.23.06:059][496]LogModuleManager: Shutting down and abandoning module LocalizationService (421)
[2017.06.05-23.23.06:059][496]LogModuleManager: Shutting down and abandoning module HardwareTargeting (418)
[2017.06.05-23.23.06:059][496]LogModuleManager: Shutting down and abandoning module DeviceProfileEditor (416)
[2017.06.05-23.23.06:059][496]LogModuleManager: Shutting down and abandoning module UndoHistory (414)
[2017.06.05-23.23.06:059][496]LogModuleManager: Shutting down and abandoning module UserFeedback (412)
[2017.06.05-23.23.06:059][496]LogModuleManager: Shutting down and abandoning module XmlParser (410)
[2017.06.05-23.23.06:059][496]LogModuleManager: Shutting down and abandoning module Blutility (408)
[2017.06.05-23.23.06:059][496]LogModuleManager: Shutting down and abandoning module ProjectSettingsViewer (406)
[2017.06.05-23.23.06:060][496]LogModuleManager: Shutting down and abandoning module ProjectTargetPlatformEditor (405)
[2017.06.05-23.23.06:060][496]LogModuleManager: Shutting down and abandoning module EditorSettingsViewer (402)
[2017.06.05-23.23.06:060][496]LogModuleManager: Shutting down and abandoning module SettingsEditor (400)
[2017.06.05-23.23.06:060][496]LogModuleManager: Shutting down and abandoning module ProjectLauncher (398)
[2017.06.05-23.23.06:060][496]LogModuleManager: Shutting down and abandoning module SessionFrontend (396)
[2017.06.05-23.23.06:060][496]LogModuleManager: Shutting down and abandoning module ProfilerClient (394)
[2017.06.05-23.23.06:060][496]LogModuleManager: Shutting down and abandoning module DeviceManager (392)
[2017.06.05-23.23.06:060][496]LogModuleManager: Shutting down and abandoning module TargetDeviceServices (391)
[2017.06.05-23.23.06:113][496]LogModuleManager: Shutting down and abandoning module AutomationController (388)
[2017.06.05-23.23.06:113][496]LogModuleManager: Shutting down and abandoning module AutomationWindow (386)
[2017.06.05-23.23.06:113][496]LogModuleManager: Shutting down and abandoning module Layers (384)
[2017.06.05-23.23.06:113][496]LogModuleManager: Shutting down and abandoning module ComponentVisualizers (382)
[2017.06.05-23.23.06:113][496]LogModuleManager: Shutting down and abandoning module DetailCustomizations (380)
[2017.06.05-23.23.06:113][496]LogModuleManager: Shutting down and abandoning module PackagesDialog (378)
[2017.06.05-23.23.06:113][496]LogModuleManager: Shutting down and abandoning module Persona (376)
[2017.06.05-23.23.06:113][496]LogModuleManager: Shutting down and abandoning module AdvancedPreviewScene (375)
[2017.06.05-23.23.06:114][496]LogModuleManager: Shutting down and abandoning module AnimGraph (373)
[2017.06.05-23.23.06:114][496]LogModuleManager: Shutting down and abandoning module Kismet (370)
[2017.06.05-23.23.06:125][496]LogModuleManager: Shutting down and abandoning module ClassViewer (368)
[2017.06.05-23.23.06:125][496]LogModuleManager: Shutting down and abandoning module Toolbox (366)
[2017.06.05-23.23.06:125][496]LogModuleManager: Shutting down and abandoning module ModuleUI (364)
[2017.06.05-23.23.06:126][496]LogModuleManager: Shutting down and abandoning module MovieSceneTools (362)
[2017.06.05-23.23.06:126][496]LogModuleManager: Shutting down and abandoning module OutputLog (360)
[2017.06.05-23.23.06:126][496]LogModuleManager: Shutting down and abandoning module GammaUI (358)
[2017.06.05-23.23.06:126][496]LogModuleManager: Shutting down and abandoning module Documentation (356)
[2017.06.05-23.23.06:126][496]LogModuleManager: Shutting down and abandoning module MovieSceneTracks (354)
[2017.06.05-23.23.06:126][496]LogModuleManager: Shutting down and abandoning module MovieScene (352)
[2017.06.05-23.23.06:126][496]LogModuleManager: Shutting down and abandoning module Niagara (350)
[2017.06.05-23.23.06:126][496]LogModuleManager: Shutting down and abandoning module NiagaraEditor (349)
[2017.06.05-23.23.06:126][496]LogModuleManager: Shutting down and abandoning module StreamingPauseRendering (346)
[2017.06.05-23.23.06:126][496]LogModuleManager: Shutting down and abandoning module AnalyticsET (344)
[2017.06.05-23.23.06:126][496]LogModuleManager: Shutting down and abandoning module PortalServices (342)
[2017.06.05-23.23.06:126][496]LogModuleManager: Shutting down and abandoning module PortalRpc (340)
[2017.06.05-23.23.06:126][496]LogModuleManager: Shutting down and abandoning module MessagingRpc (338)
[2017.06.05-23.23.06:126][496]LogModuleManager: Shutting down and abandoning module AIModule (336)
[2017.06.05-23.23.06:127][496]LogModuleManager: Shutting down and abandoning module GameplayDebugger (335)
[2017.06.05-23.23.06:127][496]LogModuleManager: Shutting down and abandoning module AITestSuite (333)
[2017.06.05-23.23.06:127][496]LogModuleManager: Shutting down and abandoning module ProfilerService (330)
[2017.06.05-23.23.06:144][496]LogModuleManager: Shutting down and abandoning module TaskGraph (328)
[2017.06.05-23.23.06:144][496]LogModuleManager: Shutting down and abandoning module SteamVRController (326)
[2017.06.05-23.23.06:144][496]LogModuleManager: Shutting down and abandoning module SteamVR (324)
[2017.06.05-23.23.06:144][496]LogModuleManager: Shutting down and abandoning module ProceduralMeshComponentEditor (322)
[2017.06.05-23.23.06:145][496]LogModuleManager: Shutting down and abandoning module ProceduralMeshComponent (320)
[2017.06.05-23.23.06:145][496]LogModuleManager: Shutting down and abandoning module OculusLibrary (318)
[2017.06.05-23.23.06:145][496]LogModuleManager: Shutting down and abandoning module OculusInput (316)
[2017.06.05-23.23.06:145][496]LogModuleManager: Shutting down and abandoning module MobilePatchingUtils (314)
[2017.06.05-23.23.06:145][496]LogModuleManager: Shutting down and abandoning module CustomMeshComponent (312)
[2017.06.05-23.23.06:145][496]LogModuleManager: Shutting down and abandoning module CableComponent (310)
[2017.06.05-23.23.06:145][496]LogModuleManager: Shutting down and abandoning module ArchVisCharacter (308)
[2017.06.05-23.23.06:145][496]LogModuleManager: Shutting down and abandoning module AndroidPermission (306)
[2017.06.05-23.23.06:145][496]LogModuleManager: Shutting down and abandoning module MediaPlayerEditor (302)
[2017.06.05-23.23.06:145][496]LogModuleManager: Shutting down and abandoning module HTML5Networking (300)
[2017.06.05-23.23.06:145][496]LogModuleManager: Shutting down and abandoning module AlembicImporter (298)
[2017.06.05-23.23.06:145][496]LogModuleManager: Shutting down and abandoning module AlembicLibrary (297)
[2017.06.05-23.23.06:146][496]LogModuleManager: Shutting down and abandoning module GeometryCache (296)
[2017.06.05-23.23.06:146][496]LogModuleManager: Shutting down and abandoning module GeometryCacheEd (295)
[2017.06.05-23.23.06:146][496]LogModuleManager: Shutting down and abandoning module SuperSearchEditor (290)
[2017.06.05-23.23.06:146][496]LogModuleManager: Shutting down and abandoning module SuperSearch (289)
[2017.06.05-23.23.06:146][496]LogModuleManager: Shutting down and abandoning module SpeedTreeImporter (286)
[2017.06.05-23.23.06:146][496]LogModuleManager: Shutting down and abandoning module PluginBrowser (284)
[2017.06.05-23.23.06:146][496]LogModuleManager: Shutting down and abandoning module MobileLauncherProfileWizard (282)
[2017.06.05-23.23.06:146][496]LogModuleManager: Shutting down and abandoning module VisualStudioSourceCodeAccess (280)
[2017.06.05-23.23.06:146][496]LogModuleManager: Shutting down and abandoning module DesktopPlatform (279)
[2017.06.05-23.23.06:146][496]LogModuleManager: Shutting down and abandoning module UObjectPlugin (276)
[2017.06.05-23.23.06:146][496]LogModuleManager: Shutting down and abandoning module SubversionSourceControl (274)
[2017.06.05-23.23.06:146][496]LogModuleManager: Shutting down and abandoning module PerforceSourceControl (272)
[2017.06.05-23.23.06:146][496]LogModuleManager: Shutting down and abandoning module GitSourceControl (270)
[2017.06.05-23.23.06:147][496]LogModuleManager: Shutting down and abandoning module SourceControl (269)
[2017.06.05-23.23.06:147][496]LogModuleManager: Shutting down and abandoning module LightPropagationVolumeEditor (266)
[2017.06.05-23.23.06:147][496]LogModuleManager: Shutting down and abandoning module PaperTiledImporter (264)
[2017.06.05-23.23.06:147][496]LogModuleManager: Shutting down and abandoning module PaperSpriteSheetImporter (262)
[2017.06.05-23.23.06:147][496]LogModuleManager: Shutting down and abandoning module Paper2DEditor (260)
[2017.06.05-23.23.06:147][496]LogModuleManager: Shutting down and abandoning module MeshPaint (259)
[2017.06.05-23.23.06:147][496]LogModuleManager: Shutting down and abandoning module LevelEditor (257)
[2017.06.05-23.23.06:148][496]LogModuleManager: Shutting down and abandoning module PixelInspectorModule (256)
[2017.06.05-23.23.06:148][496]LogModuleManager: Shutting down and abandoning module MainFrame (254)
[2017.06.05-23.23.06:148][496]LogModuleManager: Shutting down and abandoning module HotReload (253)
[2017.06.05-23.23.06:149][496]LogDirectoryWatcher: A directory notification for 'C:/Users/PLuna/Documents/GitHub/VRfpsPrototype/VRfpsPrototype/Binaries/Win64' was aborted.
[2017.06.05-23.23.06:149][496]LogModuleManager: Shutting down and abandoning module PhysXVehiclesEditor (246)
[2017.06.05-23.23.06:150][496]LogModuleManager: Shutting down and abandoning module PhysXVehicles (244)
[2017.06.05-23.23.06:150][496]LogModuleManager: Shutting down and abandoning module LocationServicesBPLibrary (242)
[2017.06.05-23.23.06:150][496]LogModuleManager: Shutting down and abandoning module ImmediatePhysicsEditor (240)
[2017.06.05-23.23.06:150][496]LogModuleManager: Shutting down and abandoning module ImmediatePhysics (238)
[2017.06.05-23.23.06:150][496]LogModuleManager: Shutting down and abandoning module UdpMessaging (236)
[2017.06.05-23.23.06:250][496]LogModuleManager: Shutting down and abandoning module TcpMessaging (234)
[2017.06.05-23.23.06:351][496]LogModuleManager: Shutting down and abandoning module GameplayTagsEditor (232)
[2017.06.05-23.23.06:351][496]LogModuleManager: Shutting down and abandoning module FacialAnimationEditor (230)
[2017.06.05-23.23.06:351][496]LogModuleManager: Shutting down and abandoning module FacialAnimation (228)
[2017.06.05-23.23.06:351][496]LogModuleManager: Shutting down and abandoning module AssetManagerEditor (226)
[2017.06.05-23.23.06:352][496]LogModuleManager: Shutting down and abandoning module GraphEditor (225)
[2017.06.05-23.23.06:352][496]LogModuleManager: Shutting down and abandoning module ContentBrowser (223)
[2017.06.05-23.23.06:353][496]LogModuleManager: Shutting down and abandoning module LightPropagationVolumeRuntime (220)
[2017.06.05-23.23.06:353][496]LogModuleManager: Shutting down and abandoning module Paper2D (218)
[2017.06.05-23.23.06:353][496]LogModuleManager: Shutting down and abandoning module WindowsMoviePlayer (216)
[2017.06.05-23.23.06:354][496]LogModuleManager: Shutting down and abandoning module WmfMedia (214)
[2017.06.05-23.23.06:354][496]LogModuleManager: Shutting down and abandoning module ClothingSystemEditor (212)
[2017.06.05-23.23.06:354][496]LogModuleManager: Shutting down and abandoning module ClothingSystemRuntime (210)
[2017.06.05-23.23.06:354][496]LogModuleManager: Shutting down and abandoning module MediaAssets (208)
[2017.06.05-23.23.06:354][496]LogModuleManager: Shutting down and abandoning module GameLiveStreaming (206)
[2017.06.05-23.23.06:354][496]LogModuleManager: Shutting down and abandoning module VREditor (204)
[2017.06.05-23.23.06:354][496]LogModuleManager: Shutting down and abandoning module StringTableEditor (202)
[2017.06.05-23.23.06:354][496]LogModuleManager: Shutting down and abandoning module GameplayTasksEditor (200)
[2017.06.05-23.23.06:354][496]LogModuleManager: Shutting down and abandoning module BehaviorTreeEditor (198)
[2017.06.05-23.23.06:355][496]LogModuleManager: Shutting down and abandoning module FunctionalTesting (196)
[2017.06.05-23.23.06:355][496]LogModuleManager: Shutting down and abandoning module CollisionAnalyzer (194)
[2017.06.05-23.23.06:355][496]LogModuleManager: Shutting down and abandoning module UMG (192)
[2017.06.05-23.23.06:355][496]LogModuleManager: Shutting down and abandoning module UMGEditor (191)
[2017.06.05-23.23.06:355][496]LogModuleManager: Shutting down and abandoning module Sequencer (190)
[2017.06.05-23.23.06:355][496]LogModuleManager: Shutting down and abandoning module AssetTools (188)
[2017.06.05-23.23.06:355][496]LogModuleManager: Shutting down and abandoning module MessageLog (187)
[2017.06.05-23.23.06:355][496]LogModuleManager: Shutting down and abandoning module WorkspaceMenuStructure (186)
[2017.06.05-23.23.06:355][496]LogModuleManager: Shutting down and abandoning module SlateReflector (180)
[2017.06.05-23.23.06:356][496]LogModuleManager: Shutting down and abandoning module Slate (178)
[2017.06.05-23.23.06:356][496]LogModuleManager: Shutting down and abandoning module EditorStyle (176)
[2017.06.05-23.23.06:361][496]LogModuleManager: Shutting down and abandoning module SourceCodeAccess (174)
[2017.06.05-23.23.06:361][496]LogModuleManager: Shutting down and abandoning module HeadMountedDisplay (172)
[2017.06.05-23.23.06:361][496]LogModuleManager: Shutting down and abandoning module XAudio2 (170)
[2017.06.05-23.23.06:361][496]LogModuleManager: Shutting down and abandoning module Networking (168)
[2017.06.05-23.23.06:361][496]LogModuleManager: Shutting down and abandoning module Core (164)
[2017.06.05-23.23.06:361][496]LogModuleManager: Shutting down and abandoning module AssetRegistry (162)
[2017.06.05-23.23.06:504][496]LogDirectoryWatcher: A directory notification for '../../../Engine/Content/' was aborted.
[2017.06.05-23.23.06:504][496]LogDirectoryWatcher: A directory notification for '../../../../../../Users/PLuna/Documents/GitHub/VRfpsPrototype/VRfpsPrototype/Content/' was aborted.
[2017.06.05-23.23.06:505][496]LogDirectoryWatcher: A directory notification for '../../../Engine/Plugins/2D/Paper2D/Content/' was aborted.
[2017.06.05-23.23.06:505][496]LogDirectoryWatcher: A directory notification for '../../../Engine/Plugins/Runtime/GearVR/Content/' was aborted.
[2017.06.05-23.23.06:509][496]LogModuleManager: Shutting down and abandoning module DirectoryWatcher (161)
[2017.06.05-23.23.06:510][496]LogModuleManager: Shutting down and abandoning module KismetCompiler (158)
[2017.06.05-23.23.06:510][496]LogModuleManager: Shutting down and abandoning module LevelSequence (156)
[2017.06.05-23.23.06:510][496]LogModuleManager: Shutting down and abandoning module PhysXFormats (154)
[2017.06.05-23.23.06:510][496]LogModuleManager: Shutting down and abandoning module MeshUtilities (152)
[2017.06.05-23.23.06:510][496]LogModuleManager: Shutting down and abandoning module SimplygonSwarm (151)
[2017.06.05-23.23.06:510][496]LogModuleManager: Shutting down and abandoning module SimplygonMeshReduction (149)
[2017.06.05-23.23.06:510][496]LogModuleManager: Shutting down and abandoning module QuadricMeshReduction (147)
[2017.06.05-23.23.06:510][496]LogModuleManager: Shutting down and abandoning module DerivedDataCache (144)
[2017.06.05-23.23.06:537][496]LogDerivedDataCache: Shutdown
[2017.06.05-23.23.06:538][496]LogModuleManager: Shutting down and abandoning module TargetPlatform (142)
[2017.06.05-23.23.06:538][496]LogModuleManager: Shutting down and abandoning module VulkanShaderFormat (141)
[2017.06.05-23.23.06:538][496]LogModuleManager: Shutting down and abandoning module ShaderFormatVectorVM (139)
[2017.06.05-23.23.06:538][496]LogModuleManager: Shutting down and abandoning module ShaderFormatOpenGL (137)
[2017.06.05-23.23.06:538][496]LogModuleManager: Shutting down and abandoning module ShaderFormatD3D (135)
[2017.06.05-23.23.06:539][496]LogModuleManager: Shutting down and abandoning module MetalShaderFormat (133)
[2017.06.05-23.23.06:539][496]LogModuleManager: Shutting down and abandoning module TextureFormatUncompressed (131)
[2017.06.05-23.23.06:539][496]LogModuleManager: Shutting down and abandoning module TextureFormatPVR (129)
[2017.06.05-23.23.06:539][496]LogModuleManager: Shutting down and abandoning module TextureFormatDXT (127)
[2017.06.05-23.23.06:539][496]LogModuleManager: Shutting down and abandoning module TextureFormatIntelISPCTexComp (125)
[2017.06.05-23.23.06:541][496]LogModuleManager: Shutting down and abandoning module TextureFormatASTC (123)
[2017.06.05-23.23.06:541][496]LogModuleManager: Shutting down and abandoning module ImageWrapper (122)
[2017.06.05-23.23.06:541][496]LogModuleManager: Shutting down and abandoning module TextureFormatAndroid (119)
[2017.06.05-23.23.06:541][496]LogModuleManager: Shutting down and abandoning module AudioFormatOpus (117)
[2017.06.05-23.23.06:541][496]LogModuleManager: Shutting down and abandoning module AudioFormatOgg (115)
[2017.06.05-23.23.06:541][496]LogModuleManager: Shutting down and abandoning module AudioFormatADPCM (113)
[2017.06.05-23.23.06:542][496]LogModuleManager: Shutting down and abandoning module LinuxTargetPlatform (111)
[2017.06.05-23.23.06:542][496]LogModuleManager: Shutting down and abandoning module LinuxServerTargetPlatform (109)
[2017.06.05-23.23.06:542][496]LogModuleManager: Shutting down and abandoning module LinuxNoEditorTargetPlatform (107)
[2017.06.05-23.23.06:542][496]LogModuleManager: Shutting down and abandoning module LinuxClientTargetPlatform (105)
[2017.06.05-23.23.06:543][496]LogModuleManager: Shutting down and abandoning module TVOSTargetPlatform (103)
[2017.06.05-23.23.06:543][496]LogModuleManager: Shutting down and abandoning module Messaging (101)
[2017.06.05-23.23.06:543][496]LogModuleManager: Shutting down and abandoning module IOSTargetPlatform (99)
[2017.06.05-23.23.06:543][496]LogModuleManager: Shutting down and abandoning module HTML5TargetPlatform (97)
[2017.06.05-23.23.06:543][496]LogModuleManager: Shutting down and abandoning module Android_PVRTCTargetPlatform (95)
[2017.06.05-23.23.06:543][496]LogModuleManager: Shutting down and abandoning module Android_MultiTargetPlatform (93)
[2017.06.05-23.23.06:543][496]LogModuleManager: Shutting down and abandoning module Android_ETC2TargetPlatform (91)
[2017.06.05-23.23.06:544][496]LogModuleManager: Shutting down and abandoning module Android_ETC1TargetPlatform (89)
[2017.06.05-23.23.06:544][496]LogModuleManager: Shutting down and abandoning module Android_DXTTargetPlatform (87)
[2017.06.05-23.23.06:544][496]LogModuleManager: Shutting down and abandoning module Android_ATCTargetPlatform (85)
[2017.06.05-23.23.06:544][496]LogModuleManager: Shutting down and abandoning module Android_ASTCTargetPlatform (83)
[2017.06.05-23.23.06:544][496]LogModuleManager: Shutting down and abandoning module AndroidTargetPlatform (81)
[2017.06.05-23.23.06:544][496]LogModuleManager: Shutting down and abandoning module WindowsTargetPlatform (79)
[2017.06.05-23.23.06:544][496]LogModuleManager: Shutting down and abandoning module WindowsServerTargetPlatform (77)
[2017.06.05-23.23.06:544][496]LogModuleManager: Shutting down and abandoning module WindowsNoEditorTargetPlatform (75)
[2017.06.05-23.23.06:544][496]LogModuleManager: Shutting down and abandoning module WindowsClientTargetPlatform (73)
[2017.06.05-23.23.06:545][496]LogModuleManager: Shutting down and abandoning module MacTargetPlatform (71)
[2017.06.05-23.23.06:545][496]LogModuleManager: Shutting down and abandoning module MacServerTargetPlatform (69)
[2017.06.05-23.23.06:545][496]LogModuleManager: Shutting down and abandoning module MacNoEditorTargetPlatform (67)
[2017.06.05-23.23.06:545][496]LogModuleManager: Shutting down and abandoning module MacClientTargetPlatform (65)
[2017.06.05-23.23.06:545][496]LogModuleManager: Shutting down and abandoning module AllDesktopTargetPlatform (63)
[2017.06.05-23.23.06:545][496]LogModuleManager: Shutting down and abandoning module InputCore (60)
[2017.06.05-23.23.06:545][496]LogModuleManager: Shutting down and abandoning module Settings (58)
[2017.06.05-23.23.06:545][496]LogModuleManager: Shutting down and abandoning module OculusRift (56)
[2017.06.05-23.23.06:548][496]LogHMD: Oculus shutdown.
[2017.06.05-23.23.06:548][496]LogModuleManager: Shutting down and abandoning module GearVRController (54)
[2017.06.05-23.23.06:548][496]LogModuleManager: Shutting down and abandoning module GearVR (52)
[2017.06.05-23.23.06:548][496]LogModuleManager: Shutting down and abandoning module ExampleDeviceProfileSelector (50)
[2017.06.05-23.23.06:548][496]LogModuleManager: Shutting down and abandoning module OnlineBlueprintSupport (48)
[2017.06.05-23.23.06:548][496]LogModuleManager: Shutting down and abandoning module OnlineSubsystem (44)
[2017.06.05-23.23.06:548][496]LogOnline:Display: Unloading online subsystem: NULL
[2017.06.05-23.23.06:548][496]LogModuleManager: Shutting down and abandoning module XMPP (43)
[2017.06.05-23.23.06:549][496]LogModuleManager: Shutting down and abandoning module HTTP (41)
[2017.06.05-23.23.06:549][496]LogHttp:Display: Http module shutting down, but needs to wait on 1 outstanding Http requests:
[2017.06.05-23.23.06:549][496]LogHttp:Display: 	verb=[POST] url=[https://datarouter.ol.epicgames.com/datarouter/api/v1/public/data?SessionID=%7B31078A83-4BE4-5554-37D8-25ACF1C2765A%7D&AppID=UEEditor.Rocket.Release&AppVersion=4.16.1-3466753%2B%2B%2BUE4%2BRelease-4.16&UserID=b171f3c44b84084bc6b1529cf2299c4f%7Cd8b5d065eaf642878ad973a14b183324%7Cfd360097-89bc-4692-8463-bdc35a6ed3a2&AppEnvironment=datacollector-binary&UploadType=eteventstream] status=Processing
[2017.06.05-23.23.06:579][496]LogModuleManager: Shutting down and abandoning module SSL (40)
[2017.06.05-23.23.06:581][496]LogModuleManager: Shutting down and abandoning module HTTPChunkInstaller (36)
[2017.06.05-23.23.06:582][496]LogModuleManager: Shutting down and abandoning module AnimationModifiers (34)
[2017.06.05-23.23.06:582][496]LogModuleManager: Shutting down and abandoning module PropertyEditor (33)
[2017.06.05-23.23.06:582][496]LogModuleManager: Shutting down and abandoning module AudioEditor (30)
[2017.06.05-23.23.06:582][496]LogModuleManager: Shutting down and abandoning module TextureCompressor (28)
[2017.06.05-23.23.06:583][496]LogModuleManager: Shutting down and abandoning module ShaderCore (26)
[2017.06.05-23.23.06:583][496]LogModuleManager: Shutting down and abandoning module Landscape (24)
[2017.06.05-23.23.06:583][496]LogModuleManager: Shutting down and abandoning module SlateRHIRenderer (22)
[2017.06.05-23.23.06:585][496]LogModuleManager: Shutting down and abandoning module OpenGLDrv (20)
[2017.06.05-23.23.06:585][496]LogModuleManager: Shutting down and abandoning module D3D11RHI (18)
[2017.06.05-23.23.06:585][496]LogModuleManager: Shutting down and abandoning module AnimGraphRuntime (16)
[2017.06.05-23.23.06:585][496]LogModuleManager: Shutting down and abandoning module Renderer (14)
[2017.06.05-23.23.06:586][496]LogModuleManager: Shutting down and abandoning module Engine (12)
[2017.06.05-23.23.06:586][496]LogModuleManager: Shutting down and abandoning module CoreUObject (10)
[2017.06.05-23.23.06:587][496]LogModuleManager: Shutting down and abandoning module NetworkFile (8)
[2017.06.05-23.23.06:587][496]LogModuleManager: Shutting down and abandoning module StreamingFile (6)
[2017.06.05-23.23.06:587][496]LogModuleManager: Shutting down and abandoning module SandboxFile (4)
[2017.06.05-23.23.06:587][496]LogModuleManager: Shutting down and abandoning module PakFile (2)
[2017.06.05-23.23.06:599][496]LogExit: Exiting.
[2017.06.05-23.23.06:616][496]Log file closed, 06/05/17 16:23:06
